2026-05-06 16:58:58.438 | INFO     | app | app.logging:setup:143 | Logger initialized | level=DEBUG | path=storage/logs
2026-05-06 16:59:17.687 | INFO     | downloader.youtube | services.media.youtube:_load_token_file:426 | Loaded visitor_data.txt | path=/home/sayavdera/Desktop/projects/TelegramBots/AzarStream/storage/cookies/visitor_data.txt
2026-05-06 16:59:17.687 | WARNING  | downloader.youtube | services.media.youtube:__init__:286 | PO_TOKEN not found — wpc plugin will handle it automatically
2026-05-06 16:59:17.688 | INFO     | downloader.youtube | services.media.youtube:_start_virtual_display:337 | Display found | display=:1
2026-05-06 16:59:17.688 | INFO     | downloader.youtube | services.media.youtube:__init__:296 | Browser found for wpc plugin | path=/usr/bin/chromium-browser
2026-05-06 16:59:17.690 | INFO     | downloader.youtube | services.media.youtube:__init__:323 | YouTube downloader ready | aria2c=True | ffmpeg=True
2026-05-06 16:59:17.800 | INFO     | downloader.youtube | services.media.youtube:__init__:330 | YouTube cookies found | path=/home/sayavdera/Desktop/projects/TelegramBots/AzarStream/storage/cookies/youtube.txt
2026-05-06 16:59:17.804 | WARNING  | downloader.instagram | services.media.instagram:_load_netscape_cookies:150 | sessionid not found in cookies file
2026-05-06 16:59:17.805 | INFO     | downloader.instagram | services.media.instagram:__init__:53 | InstagramDownloader initialized | has_ffmpeg=True | session_loaded=False | cookies_file_exists=True
2026-05-06 16:59:21.887 | INFO     | app | app.lifecycle:lifespan:96 | Starting MediaFlow... | pid=1366062 | debug=True
2026-05-06 16:59:21.888 | INFO     | database | database.connection:connect:56 | Connecting to database... | url=localhost:3306/azarstream
2026-05-06 16:59:23.165 | SUCCESS  | database | database.connection:connect:76 | Database connected successfully
2026-05-06 16:59:23.166 | DEBUG    | app | app.lifecycle:lifespan:101 | Database connected
2026-05-06 16:59:23.751 | INFO     | service.cache | services.cache:connect:55 | Connected to Redis | url=redis://localhost:6379/0
2026-05-06 16:59:23.752 | DEBUG    | app | app.lifecycle:lifespan:104 | Cache connected
2026-05-06 16:59:23.752 | INFO     | service.rate_limiter | services.rate_limiter:start:97 | Rate limiter started
2026-05-06 16:59:23.753 | INFO     | service.adv_rate_limiter | services.advanced_rate_limiter:start:216 | Advanced rate limiter started
2026-05-06 16:59:23.753 | INFO     | service.user_queue | services.user_download_queue:start:64 | User download queue started
2026-05-06 16:59:24.356 | ERROR    | database | database.connection:session:106 | Session rollback | error=(pymysql.err.ProgrammingError) (1146, "Table 'azarstream.bots' doesn't exist")
[SQL: SELECT bots.id, bots.token, bots.bot_id, bots.username, bots.name, bots.description, bots.status, bots.is_webhook, bots.webhook_url, bots.webhook_secret, bots.total_users, bots.active_users, bots.total_downloads, bots.created_at, bots.updated_at 
FROM bots 
WHERE bots.status = %s ORDER BY bots.created_at DESC 
 LIMIT %s, %s]
[parameters: ('ACTIVE', 0, 100)]
(Background on this error at: https://sqlalche.me/e/20/f405)
2026-05-06 16:59:24.357 | ERROR    | app | app.lifecycle:lifespan:125 | Startup failed — shutting down
Traceback (most recent call last):

  File "/home/sayavdera/Desktop/projects/TelegramBots/MediaFlow/.venv/lib/python3.12/site-packages/sqlalchemy/engine/base.py", line 1967, in _exec_single_context
    self.dialect.do_execute(
    │    │       └ <function DefaultDialect.do_execute at 0x77d6bbca0ea0>
    │    └ <sqlalchemy.dialects.mysql.aiomysql.MySQLDialect_aiomysql object at 0x77d6b950bd40>
    └ <sqlalchemy.engine.base.Connection object at 0x77d6b3c2a5d0>
  File "/home/sayavdera/Desktop/projects/TelegramBots/MediaFlow/.venv/lib/python3.12/site-packages/sqlalchemy/engine/default.py", line 952, in do_execute
    cursor.execute(statement, parameters)
    │      │       │          └ ('ACTIVE', 0, 100)
    │      │       └ 'SELECT bots.id, bots.token, bots.bot_id, bots.username, bots.name, bots.description, bots.status, bots.is_webhook, bots.webh...
    │      └ <function AsyncAdapt_dbapi_cursor.execute at 0x77d6b2dc2200>
    └ <sqlalchemy.dialects.mysql.aiomysql.AsyncAdapt_aiomysql_cursor object at 0x77d6b25f9300>
  File "/home/sayavdera/Desktop/projects/TelegramBots/MediaFlow/.venv/lib/python3.12/site-packages/sqlalchemy/connectors/asyncio.py", line 230, in execute
    self._adapt_connection._handle_exception(error)
    │    └ <member '_adapt_connection' of 'AsyncAdapt_dbapi_cursor' objects>
    └ <sqlalchemy.dialects.mysql.aiomysql.AsyncAdapt_aiomysql_cursor object at 0x77d6b25f9300>
  File "/home/sayavdera/Desktop/projects/TelegramBots/MediaFlow/.venv/lib/python3.12/site-packages/sqlalchemy/connectors/asyncio.py", line 368, in _handle_exception
    raise error.with_traceback(exc_info[2])
          │     │              └ (<class 'pymysql.err.ProgrammingError'>, ProgrammingError(1146, "Table 'azarstream.bots' doesn't exist"), <traceback object a...
          │     └ <method 'with_traceback' of 'BaseException' objects>
          └ ProgrammingError(1146, "Table 'azarstream.bots' doesn't exist")
  File "/home/sayavdera/Desktop/projects/TelegramBots/MediaFlow/.venv/lib/python3.12/site-packages/sqlalchemy/connectors/asyncio.py", line 228, in execute
    return self.await_(self._execute_async(operation, parameters))
           │    │      │    │              │          └ ('ACTIVE', 0, 100)
           │    │      │    │              └ 'SELECT bots.id, bots.token, bots.bot_id, bots.username, bots.name, bots.description, bots.status, bots.is_webhook, bots.webh...
           │    │      │    └ <function AsyncAdapt_dbapi_cursor._execute_async at 0x77d6b2dc2340>
           │    │      └ <sqlalchemy.dialects.mysql.aiomysql.AsyncAdapt_aiomysql_cursor object at 0x77d6b25f9300>
           │    └ <member 'await_' of 'AsyncAdapt_dbapi_cursor' objects>
           └ <sqlalchemy.dialects.mysql.aiomysql.AsyncAdapt_aiomysql_cursor object at 0x77d6b25f9300>
  File "/home/sayavdera/Desktop/projects/TelegramBots/MediaFlow/.venv/lib/python3.12/site-packages/sqlalchemy/util/_concurrency_py3k.py", line 132, in await_only
    return current.parent.switch(awaitable)  # type: ignore[no-any-return,attr-defined] # noqa: E501
           │       │             └ <coroutine object AsyncAdapt_dbapi_cursor._execute_async at 0x77d6b24d3c40>
           │       └ <attribute 'parent' of 'greenlet.greenlet' objects>
           └ <_AsyncIoGreenlet object at 0x77d6b3e64ac0 (otid=0x43eb570) dead>
  File "/home/sayavdera/Desktop/projects/TelegramBots/MediaFlow/.venv/lib/python3.12/site-packages/sqlalchemy/util/_concurrency_py3k.py", line 196, in greenlet_spawn
    value = await result
                  └ <coroutine object Cursor.close at 0x77d6b2434790>
  File "/home/sayavdera/Desktop/projects/TelegramBots/MediaFlow/.venv/lib/python3.12/site-packages/sqlalchemy/connectors/asyncio.py", line 251, in _execute_async
    result = await self._cursor.execute(operation, parameters)
                   │    │               │          └ ('ACTIVE', 0, 100)
                   │    │               └ 'SELECT bots.id, bots.token, bots.bot_id, bots.username, bots.name, bots.description, bots.status, bots.is_webhook, bots.webh...
                   │    └ <member '_cursor' of 'AsyncAdapt_dbapi_cursor' objects>
                   └ <sqlalchemy.dialects.mysql.aiomysql.AsyncAdapt_aiomysql_cursor object at 0x77d6b25f9300>
  File "/home/sayavdera/Desktop/projects/TelegramBots/MediaFlow/.venv/lib/python3.12/site-packages/aiomysql/cursors.py", line 239, in execute
    await self._query(query)
          │    │      └ "SELECT bots.id, bots.token, bots.bot_id, bots.username, bots.name, bots.description, bots.status, bots.is_webhook, bots.webh...
          │    └ <function Cursor._query at 0x77d6b24e5440>
          └ <sqlalchemy.dialects.mysql.aiomysql.AsyncAdapt_aiomysql_dbapi._init_cursors_subclasses.<locals>.Cursor object at 0x77d6b3c505c0>
  File "/home/sayavdera/Desktop/projects/TelegramBots/MediaFlow/.venv/lib/python3.12/site-packages/aiomysql/cursors.py", line 457, in _query
    await conn.query(q)
          │    │     └ "SELECT bots.id, bots.token, bots.bot_id, bots.username, bots.name, bots.description, bots.status, bots.is_webhook, bots.webh...
          │    └ <function Connection.query at 0x77d6b24e8ae0>
          └ <aiomysql.connection.Connection object at 0x77d6b3c34680>
  File "/home/sayavdera/Desktop/projects/TelegramBots/MediaFlow/.venv/lib/python3.12/site-packages/aiomysql/connection.py", line 469, in query
    await self._read_query_result(unbuffered=unbuffered)
          │    │                             └ False
          │    └ <function Connection._read_query_result at 0x77d6b24e9300>
          └ <aiomysql.connection.Connection object at 0x77d6b3c34680>
  File "/home/sayavdera/Desktop/projects/TelegramBots/MediaFlow/.venv/lib/python3.12/site-packages/aiomysql/connection.py", line 683, in _read_query_result
    await result.read()
          │      └ <function MySQLResult.read at 0x77d6b24e9f80>
          └ <aiomysql.connection.MySQLResult object at 0x77d6b3c34740>
  File "/home/sayavdera/Desktop/projects/TelegramBots/MediaFlow/.venv/lib/python3.12/site-packages/aiomysql/connection.py", line 1164, in read
    first_packet = await self.connection._read_packet()
                         │    └ None
                         └ <aiomysql.connection.MySQLResult object at 0x77d6b3c34740>
  File "/home/sayavdera/Desktop/projects/TelegramBots/MediaFlow/.venv/lib/python3.12/site-packages/aiomysql/connection.py", line 652, in _read_packet
    packet.raise_for_error()
    │      └ <function MysqlPacket.raise_for_error at 0x77d6b2428220>
    └ <pymysql.protocol.MysqlPacket object at 0x77d6b3c509a0>
  File "/home/sayavdera/Desktop/projects/TelegramBots/MediaFlow/.venv/lib/python3.12/site-packages/pymysql/protocol.py", line 219, in raise_for_error
    err.raise_mysql_exception(self._data)
    │   │                     │    └ <member '_data' of 'MysqlPacket' objects>
    │   │                     └ <pymysql.protocol.MysqlPacket object at 0x77d6b3c509a0>
    │   └ <function raise_mysql_exception at 0x77d6b24716c0>
    └ <module 'pymysql.err' from '/home/sayavdera/Desktop/projects/TelegramBots/MediaFlow/.venv/lib/python3.12/site-packages/pymysq...
  File "/home/sayavdera/Desktop/projects/TelegramBots/MediaFlow/.venv/lib/python3.12/site-packages/pymysql/err.py", line 150, in raise_mysql_exception
    raise errorclass(errno, errval)
          │          │      └ "Table 'azarstream.bots' doesn't exist"
          │          └ 1146
          └ <class 'pymysql.err.ProgrammingError'>

pymysql.err.ProgrammingError: (1146, "Table 'azarstream.bots' doesn't exist")


The above exception was the direct cause of the following exception:


Traceback (most recent call last):

  File "/home/sayavdera/Desktop/projects/TelegramBots/AzarStream/main.py", line 84, in <module>
    main()
    └ <function main at 0x77d6ce71de40>

  File "/home/sayavdera/Desktop/projects/TelegramBots/AzarStream/main.py", line 80, in main
    run_server()
    └ <function run_server at 0x77d6ce714220>

  File "/home/sayavdera/Desktop/projects/TelegramBots/AzarStream/main.py", line 34, in run_server
    granian.Granian(**kwargs).serve()
    │       │         └ {'target': 'app.lifecycle:app', 'address': '127.0.0.1', 'port': 8000, 'interface': <Interfaces.ASGI: 'asgi'>, 'workers': 1, '...
    │       └ <class 'granian.server.mp.MPServer'>
    └ <module 'granian' from '/home/sayavdera/Desktop/projects/TelegramBots/MediaFlow/.venv/lib/python3.12/site-packages/granian/__...

  File "/home/sayavdera/Desktop/projects/TelegramBots/MediaFlow/.venv/lib/python3.12/site-packages/granian/server/mp.py", line 458, in serve
    super().serve(spawn_target, target_loader, wrap_loader)
                  │             │              └ True
                  │             └ None
                  └ None
  File "/home/sayavdera/Desktop/projects/TelegramBots/MediaFlow/.venv/lib/python3.12/site-packages/granian/server/common.py", line 720, in serve
    serve_method(spawn_target, target_loader)
    │            │             └ functools.partial(<function load_target at 0x77d6cbb7b2e0>, 'app.lifecycle:app', wd=None, factory=False)
    │            └ <function MPServer._spawn_asgi_lifespan_worker at 0x77d6cb9842c0>
    └ <bound method AbstractServer._serve of <granian.server.mp.MPServer object at 0x77d6cf1fa2a0>>
  File "/home/sayavdera/Desktop/projects/TelegramBots/MediaFlow/.venv/lib/python3.12/site-packages/granian/server/common.py", line 562, in _serve
    self.startup(spawn_target, target_loader)
    │    │       │             └ functools.partial(<function load_target at 0x77d6cbb7b2e0>, 'app.lifecycle:app', wd=None, factory=False)
    │    │       └ <function MPServer._spawn_asgi_lifespan_worker at 0x77d6cb9842c0>
    │    └ <function AbstractServer.startup at 0x77d6cb923a60>
    └ <granian.server.mp.MPServer object at 0x77d6cf1fa2a0>
  File "/home/sayavdera/Desktop/projects/TelegramBots/MediaFlow/.venv/lib/python3.12/site-packages/granian/server/common.py", line 473, in startup
    self._spawn_workers(spawn_target, target_loader)
    │    │              │             └ functools.partial(<function load_target at 0x77d6cbb7b2e0>, 'app.lifecycle:app', wd=None, factory=False)
    │    │              └ <function MPServer._spawn_asgi_lifespan_worker at 0x77d6cb9842c0>
    │    └ <function AbstractServer._spawn_workers at 0x77d6cb9231a0>
    └ <granian.server.mp.MPServer object at 0x77d6cf1fa2a0>
  File "/home/sayavdera/Desktop/projects/TelegramBots/MediaFlow/.venv/lib/python3.12/site-packages/granian/server/common.py", line 335, in _spawn_workers
    wrk.start()
    │   └ <function AbstractWorker.start at 0x77d6cb922700>
    └ <granian.server.mp.WorkerProcess object at 0x77d6b99f3290>
  File "/home/sayavdera/Desktop/projects/TelegramBots/MediaFlow/.venv/lib/python3.12/site-packages/granian/server/common.py", line 65, in start
    self.inner.start()
    │    │     └ <function BaseProcess.start at 0x77d6cbf749a0>
    │    └ <ForkProcess name='granian-worker' parent=1366028 started>
    └ <granian.server.mp.WorkerProcess object at 0x77d6b99f3290>
  File "/usr/lib/python3.12/multiprocessing/process.py", line 121, in start
    self._popen = self._Popen(self)
    │    │        │    │      └ <ForkProcess name='granian-worker' parent=1366028 started>
    │    │        │    └ <staticmethod(<function ForkProcess._Popen at 0x77d6cbf95760>)>
    │    │        └ <ForkProcess name='granian-worker' parent=1366028 started>
    │    └ None
    └ <ForkProcess name='granian-worker' parent=1366028 started>
  File "/usr/lib/python3.12/multiprocessing/context.py", line 282, in _Popen
    return Popen(process_obj)
           │     └ <ForkProcess name='granian-worker' parent=1366028 started>
           └ <class 'multiprocessing.popen_fork.Popen'>
  File "/usr/lib/python3.12/multiprocessing/popen_fork.py", line 19, in __init__
    self._launch(process_obj)
    │    │       └ <ForkProcess name='granian-worker' parent=1366028 started>
    │    └ <function Popen._launch at 0x77d6b38b2c00>
    └ <multiprocessing.popen_fork.Popen object at 0x77d6ba3ca360>
  File "/usr/lib/python3.12/multiprocessing/popen_fork.py", line 71, in _launch
    code = process_obj._bootstrap(parent_sentinel=child_r)
           │           │                          └ 21
           │           └ <function BaseProcess._bootstrap at 0x77d6cbf753a0>
           └ <ForkProcess name='granian-worker' parent=1366028 started>
  File "/usr/lib/python3.12/multiprocessing/process.py", line 314, in _bootstrap
    self.run()
    │    └ <function BaseProcess.run at 0x77d6cbf74900>
    └ <ForkProcess name='granian-worker' parent=1366028 started>
  File "/usr/lib/python3.12/multiprocessing/process.py", line 108, in run
    self._target(*self._args, **self._kwargs)
    │    │        │    │        │    └ {}
    │    │        │    │        └ <ForkProcess name='granian-worker' parent=1366028 started>
    │    │        │    └ (1, None, functools.partial(<function load_target at 0x77d6cbb7b2e0>, 'app.lifecycle:app', wd=None, factory=False), (<granian...
    │    │        └ <ForkProcess name='granian-worker' parent=1366028 started>
    │    └ <function MPServer._spawn_asgi_lifespan_worker at 0x77d6cb9842c0>
    └ <ForkProcess name='granian-worker' parent=1366028 started>
  File "/home/sayavdera/Desktop/projects/TelegramBots/MediaFlow/.venv/lib/python3.12/site-packages/granian/server/mp.py", line 91, in wrapped
    return target(worker_id, callback, sock, _ipc_handle, loop, *args, **kwargs)
           │      │          │         │     │            │      │       └ {}
           │      │          │         │     │            │      └ (<RuntimeModes.mt: 'mt'>, 1, 512, 1, 30, 1024, <TaskImpl.asyncio: 'asyncio'>, <HTTPModes.auto: 'auto'>, None, None, False, No...
           │      │          │         │     │            └ <uvloop.Loop running=True closed=False debug=False>
           │      │          │         │     └ None
           │      │          │         └ <granian._granian.SocketHolder object at 0x77d6cc084410>
           │      │          └ <litestar.app.Litestar object at 0x77d6b3bc7240>
           │      └ 1
           └ <function MPServer._spawn_asgi_lifespan_worker at 0x77d6cb984220>
  File "/home/sayavdera/Desktop/projects/TelegramBots/MediaFlow/.venv/lib/python3.12/site-packages/granian/server/mp.py", line 197, in _spawn_asgi_lifespan_worker
    loop.run_until_complete(lifespan_handler.startup())
    │    │                  │                └ <function LifespanProtocol.startup at 0x77d6cb90f920>
    │    │                  └ <granian.asgi.LifespanProtocol object at 0x77d6b3c1ade0>
    │    └ <cyfunction Loop.run_until_complete at 0x77d6cc1bbac0>
    └ <uvloop.Loop running=True closed=False debug=False>
  File "/home/sayavdera/Desktop/projects/TelegramBots/MediaFlow/.venv/lib/python3.12/site-packages/granian/asgi.py", line 26, in handle
    await self.callable(
          │    └ <litestar.app.Litestar object at 0x77d6b3bc7240>
          └ <granian.asgi.LifespanProtocol object at 0x77d6b3c1ade0>
  File "/home/sayavdera/Desktop/projects/TelegramBots/MediaFlow/.venv/lib/python3.12/site-packages/litestar/app.py", line 618, in __call__
    await self.asgi_router.lifespan(receive=receive, send=send)  # type: ignore[arg-type]
          │    │                            │             └ <bound method LifespanProtocol.send of <granian.asgi.LifespanProtocol object at 0x77d6b3c1ade0>>
          │    │                            └ <bound method LifespanProtocol.receive of <granian.asgi.LifespanProtocol object at 0x77d6b3c1ade0>>
          │    └ <member 'asgi_router' of 'Litestar' objects>
          └ <litestar.app.Litestar object at 0x77d6b3bc7240>
  File "/home/sayavdera/Desktop/projects/TelegramBots/MediaFlow/.venv/lib/python3.12/site-packages/litestar/_asgi/asgi_router.py", line 181, in lifespan
    async with self.app.lifespan():
               │    └ <member 'app' of 'ASGIRouter' objects>
               └ <litestar._asgi.asgi_router.ASGIRouter object at 0x77d6b39da5e0>
  File "/usr/lib/python3.12/contextlib.py", line 210, in __aenter__
    return await anext(self.gen)
                       │    └ <async_generator object Litestar.lifespan at 0x77d6b3a29840>
                       └ <contextlib._AsyncGeneratorContextManager object at 0x77d6b3c1a0f0>
  File "/home/sayavdera/Desktop/projects/TelegramBots/MediaFlow/.venv/lib/python3.12/site-packages/litestar/app.py", line 654, in lifespan
    await exit_stack.enter_async_context(manager)
          │          │                   └ <contextlib._AsyncGeneratorContextManager object at 0x77d6b3c20d10>
          │          └ <function AsyncExitStack.enter_async_context at 0x77d6ce6eed40>
          └ <contextlib.AsyncExitStack object at 0x77d6b3c1af00>
  File "/usr/lib/python3.12/contextlib.py", line 659, in enter_async_context
    result = await _enter(cm)
                   │      └ <contextlib._AsyncGeneratorContextManager object at 0x77d6b3c20d10>
                   └ <function _AsyncGeneratorContextManager.__aenter__ at 0x77d6ce6ed800>
  File "/usr/lib/python3.12/contextlib.py", line 210, in __aenter__
    return await anext(self.gen)
                       │    └ <async_generator object lifespan at 0x77d6b2da05e0>
                       └ <contextlib._AsyncGeneratorContextManager object at 0x77d6b3c20d10>

> File "/home/sayavdera/Desktop/projects/TelegramBots/AzarStream/app/lifecycle.py", line 109, in lifespan
    await bot_manager.setup()
          │           └ <function BotManager.setup at 0x77d6b9e7d800>
          └ <services.bot_manager.BotManager object at 0x77d6bbbdfb30>

  File "/home/sayavdera/Desktop/projects/TelegramBots/AzarStream/services/bot_manager.py", line 68, in setup
    await self._preload_active_bots()
          │    └ <function BotManager._preload_active_bots at 0x77d6b9e7d940>
          └ <services.bot_manager.BotManager object at 0x77d6bbbdfb30>

  File "/home/sayavdera/Desktop/projects/TelegramBots/AzarStream/services/bot_manager.py", line 90, in _preload_active_bots
    bots = await repo.get_active_bots()
                 │    └ <function BotRepository.get_active_bots at 0x77d6bb5b05e0>
                 └ <repositories.bot.BotRepository object at 0x77d6b3c342c0>

  File "/home/sayavdera/Desktop/projects/TelegramBots/AzarStream/repositories/bot.py", line 19, in get_active_bots
    return list(await self.filter(status=BotStatus.ACTIVE))
                      │    │             │         └ <BotStatus.ACTIVE: 'active'>
                      │    │             └ <enum 'BotStatus'>
                      │    └ <function BaseRepository.filter at 0x77d6bb58fc40>
                      └ <repositories.bot.BotRepository object at 0x77d6b3c342c0>

  File "/home/sayavdera/Desktop/projects/TelegramBots/AzarStream/repositories/base.py", line 96, in filter
    return await self.get_all(
                 │    └ <function BaseRepository.get_all at 0x77d6bb58eca0>
                 └ <repositories.bot.BotRepository object at 0x77d6b3c342c0>

  File "/home/sayavdera/Desktop/projects/TelegramBots/AzarStream/repositories/base.py", line 84, in get_all
    result = await self.session.execute(stmt)
                   │    │       │       └ <sqlalchemy.sql.selectable.Select object at 0x77d6b3c34440>
                   │    │       └ <function AsyncSession.execute at 0x77d6bb738fe0>
                   │    └ <sqlalchemy.ext.asyncio.session.AsyncSession object at 0x77d6b3c37140>
                   └ <repositories.bot.BotRepository object at 0x77d6b3c342c0>

  File "/home/sayavdera/Desktop/projects/TelegramBots/MediaFlow/.venv/lib/python3.12/site-packages/sqlalchemy/ext/asyncio/session.py", line 449, in execute
    result = await greenlet_spawn(
                   └ <function greenlet_spawn at 0x77d6ca74f9c0>
  File "/home/sayavdera/Desktop/projects/TelegramBots/MediaFlow/.venv/lib/python3.12/site-packages/sqlalchemy/util/_concurrency_py3k.py", line 203, in greenlet_spawn
    result = context.switch(value)
             │       │      └ None
             │       └ <method 'switch' of 'greenlet.greenlet' objects>
             └ <_AsyncIoGreenlet object at 0x77d6b3e64ac0 (otid=0x43eb570) dead>
  File "/home/sayavdera/Desktop/projects/TelegramBots/MediaFlow/.venv/lib/python3.12/site-packages/sqlalchemy/orm/session.py", line 2351, in execute
    return self._execute_internal(
           │    └ <function Session._execute_internal at 0x77d6bb7cb2e0>
           └ <sqlalchemy.orm.session.Session object at 0x77d6b3c29880>
  File "/home/sayavdera/Desktop/projects/TelegramBots/MediaFlow/.venv/lib/python3.12/site-packages/sqlalchemy/orm/session.py", line 2249, in _execute_internal
    result: Result[Any] = compile_state_cls.orm_execute_statement(
                   │      │                 └ <classmethod(<function AbstractORMCompileState.orm_execute_statement at 0x77d6bb9882c0>)>
                   │      └ <class 'sqlalchemy.orm.context.ORMSelectCompileState'>
                   └ typing.Any
  File "/home/sayavdera/Desktop/projects/TelegramBots/MediaFlow/.venv/lib/python3.12/site-packages/sqlalchemy/orm/context.py", line 306, in orm_execute_statement
    result = conn.execute(
             │    └ <function Connection.execute at 0x77d6bbc01300>
             └ <sqlalchemy.engine.base.Connection object at 0x77d6b3c2a5d0>
  File "/home/sayavdera/Desktop/projects/TelegramBots/MediaFlow/.venv/lib/python3.12/site-packages/sqlalchemy/engine/base.py", line 1419, in execute
    return meth(
           └ <bound method ClauseElement._execute_on_connection of <sqlalchemy.sql.selectable.Select object at 0x77d6b3c34440>>
  File "/home/sayavdera/Desktop/projects/TelegramBots/MediaFlow/.venv/lib/python3.12/site-packages/sqlalchemy/sql/elements.py", line 527, in _execute_on_connection
    return connection._execute_clauseelement(
           │          └ <function Connection._execute_clauseelement at 0x77d6bbc01620>
           └ <sqlalchemy.engine.base.Connection object at 0x77d6b3c2a5d0>
  File "/home/sayavdera/Desktop/projects/TelegramBots/MediaFlow/.venv/lib/python3.12/site-packages/sqlalchemy/engine/base.py", line 1641, in _execute_clauseelement
    ret = self._execute_context(
          │    └ <function Connection._execute_context at 0x77d6bbc01800>
          └ <sqlalchemy.engine.base.Connection object at 0x77d6b3c2a5d0>
  File "/home/sayavdera/Desktop/projects/TelegramBots/MediaFlow/.venv/lib/python3.12/site-packages/sqlalchemy/engine/base.py", line 1846, in _execute_context
    return self._exec_single_context(
           │    └ <function Connection._exec_single_context at 0x77d6bbc018a0>
           └ <sqlalchemy.engine.base.Connection object at 0x77d6b3c2a5d0>
  File "/home/sayavdera/Desktop/projects/TelegramBots/MediaFlow/.venv/lib/python3.12/site-packages/sqlalchemy/engine/base.py", line 1986, in _exec_single_context
    self._handle_dbapi_exception(
    │    └ <function Connection._handle_dbapi_exception at 0x77d6bbc01b20>
    └ <sqlalchemy.engine.base.Connection object at 0x77d6b3c2a5d0>
  File "/home/sayavdera/Desktop/projects/TelegramBots/MediaFlow/.venv/lib/python3.12/site-packages/sqlalchemy/engine/base.py", line 2363, in _handle_dbapi_exception
    raise sqlalchemy_exception.with_traceback(exc_info[2]) from e
          │                    │              │                 └ ProgrammingError(1146, "Table 'azarstream.bots' doesn't exist")
          │                    │              └ (<class 'pymysql.err.ProgrammingError'>, ProgrammingError(1146, "Table 'azarstream.bots' doesn't exist"), <traceback object a...
          │                    └ <method 'with_traceback' of 'BaseException' objects>
          └ ProgrammingError('(pymysql.err.ProgrammingError) (1146, "Table \'azarstream.bots\' doesn\'t exist")')
  File "/home/sayavdera/Desktop/projects/TelegramBots/MediaFlow/.venv/lib/python3.12/site-packages/sqlalchemy/engine/base.py", line 1967, in _exec_single_context
    self.dialect.do_execute(
    │    │       └ <function DefaultDialect.do_execute at 0x77d6bbca0ea0>
    │    └ <sqlalchemy.dialects.mysql.aiomysql.MySQLDialect_aiomysql object at 0x77d6b950bd40>
    └ <sqlalchemy.engine.base.Connection object at 0x77d6b3c2a5d0>
  File "/home/sayavdera/Desktop/projects/TelegramBots/MediaFlow/.venv/lib/python3.12/site-packages/sqlalchemy/engine/default.py", line 952, in do_execute
    cursor.execute(statement, parameters)
    │      │       │          └ ('ACTIVE', 0, 100)
    │      │       └ 'SELECT bots.id, bots.token, bots.bot_id, bots.username, bots.name, bots.description, bots.status, bots.is_webhook, bots.webh...
    │      └ <function AsyncAdapt_dbapi_cursor.execute at 0x77d6b2dc2200>
    └ <sqlalchemy.dialects.mysql.aiomysql.AsyncAdapt_aiomysql_cursor object at 0x77d6b25f9300>
  File "/home/sayavdera/Desktop/projects/TelegramBots/MediaFlow/.venv/lib/python3.12/site-packages/sqlalchemy/connectors/asyncio.py", line 230, in execute
    self._adapt_connection._handle_exception(error)
    │    └ <member '_adapt_connection' of 'AsyncAdapt_dbapi_cursor' objects>
    └ <sqlalchemy.dialects.mysql.aiomysql.AsyncAdapt_aiomysql_cursor object at 0x77d6b25f9300>
  File "/home/sayavdera/Desktop/projects/TelegramBots/MediaFlow/.venv/lib/python3.12/site-packages/sqlalchemy/connectors/asyncio.py", line 368, in _handle_exception
    raise error.with_traceback(exc_info[2])
          │     │              └ (<class 'pymysql.err.ProgrammingError'>, ProgrammingError(1146, "Table 'azarstream.bots' doesn't exist"), <traceback object a...
          │     └ <method 'with_traceback' of 'BaseException' objects>
          └ ProgrammingError(1146, "Table 'azarstream.bots' doesn't exist")
  File "/home/sayavdera/Desktop/projects/TelegramBots/MediaFlow/.venv/lib/python3.12/site-packages/sqlalchemy/connectors/asyncio.py", line 228, in execute
    return self.await_(self._execute_async(operation, parameters))
           │    │      │    │              │          └ ('ACTIVE', 0, 100)
           │    │      │    │              └ 'SELECT bots.id, bots.token, bots.bot_id, bots.username, bots.name, bots.description, bots.status, bots.is_webhook, bots.webh...
           │    │      │    └ <function AsyncAdapt_dbapi_cursor._execute_async at 0x77d6b2dc2340>
           │    │      └ <sqlalchemy.dialects.mysql.aiomysql.AsyncAdapt_aiomysql_cursor object at 0x77d6b25f9300>
           │    └ <member 'await_' of 'AsyncAdapt_dbapi_cursor' objects>
           └ <sqlalchemy.dialects.mysql.aiomysql.AsyncAdapt_aiomysql_cursor object at 0x77d6b25f9300>
  File "/home/sayavdera/Desktop/projects/TelegramBots/MediaFlow/.venv/lib/python3.12/site-packages/sqlalchemy/util/_concurrency_py3k.py", line 132, in await_only
    return current.parent.switch(awaitable)  # type: ignore[no-any-return,attr-defined] # noqa: E501
           │       │             └ <coroutine object AsyncAdapt_dbapi_cursor._execute_async at 0x77d6b24d3c40>
           │       └ <attribute 'parent' of 'greenlet.greenlet' objects>
           └ <_AsyncIoGreenlet object at 0x77d6b3e64ac0 (otid=0x43eb570) dead>
  File "/home/sayavdera/Desktop/projects/TelegramBots/MediaFlow/.venv/lib/python3.12/site-packages/sqlalchemy/util/_concurrency_py3k.py", line 196, in greenlet_spawn
    value = await result
                  └ <coroutine object Cursor.close at 0x77d6b2434790>
  File "/home/sayavdera/Desktop/projects/TelegramBots/MediaFlow/.venv/lib/python3.12/site-packages/sqlalchemy/connectors/asyncio.py", line 251, in _execute_async
    result = await self._cursor.execute(operation, parameters)
                   │    │               │          └ ('ACTIVE', 0, 100)
                   │    │               └ 'SELECT bots.id, bots.token, bots.bot_id, bots.username, bots.name, bots.description, bots.status, bots.is_webhook, bots.webh...
                   │    └ <member '_cursor' of 'AsyncAdapt_dbapi_cursor' objects>
                   └ <sqlalchemy.dialects.mysql.aiomysql.AsyncAdapt_aiomysql_cursor object at 0x77d6b25f9300>
  File "/home/sayavdera/Desktop/projects/TelegramBots/MediaFlow/.venv/lib/python3.12/site-packages/aiomysql/cursors.py", line 239, in execute
    await self._query(query)
          │    │      └ "SELECT bots.id, bots.token, bots.bot_id, bots.username, bots.name, bots.description, bots.status, bots.is_webhook, bots.webh...
          │    └ <function Cursor._query at 0x77d6b24e5440>
          └ <sqlalchemy.dialects.mysql.aiomysql.AsyncAdapt_aiomysql_dbapi._init_cursors_subclasses.<locals>.Cursor object at 0x77d6b3c505c0>
  File "/home/sayavdera/Desktop/projects/TelegramBots/MediaFlow/.venv/lib/python3.12/site-packages/aiomysql/cursors.py", line 457, in _query
    await conn.query(q)
          │    │     └ "SELECT bots.id, bots.token, bots.bot_id, bots.username, bots.name, bots.description, bots.status, bots.is_webhook, bots.webh...
          │    └ <function Connection.query at 0x77d6b24e8ae0>
          └ <aiomysql.connection.Connection object at 0x77d6b3c34680>
  File "/home/sayavdera/Desktop/projects/TelegramBots/MediaFlow/.venv/lib/python3.12/site-packages/aiomysql/connection.py", line 469, in query
    await self._read_query_result(unbuffered=unbuffered)
          │    │                             └ False
          │    └ <function Connection._read_query_result at 0x77d6b24e9300>
          └ <aiomysql.connection.Connection object at 0x77d6b3c34680>
  File "/home/sayavdera/Desktop/projects/TelegramBots/MediaFlow/.venv/lib/python3.12/site-packages/aiomysql/connection.py", line 683, in _read_query_result
    await result.read()
          │      └ <function MySQLResult.read at 0x77d6b24e9f80>
          └ <aiomysql.connection.MySQLResult object at 0x77d6b3c34740>
  File "/home/sayavdera/Desktop/projects/TelegramBots/MediaFlow/.venv/lib/python3.12/site-packages/aiomysql/connection.py", line 1164, in read
    first_packet = await self.connection._read_packet()
                         │    └ None
                         └ <aiomysql.connection.MySQLResult object at 0x77d6b3c34740>
  File "/home/sayavdera/Desktop/projects/TelegramBots/MediaFlow/.venv/lib/python3.12/site-packages/aiomysql/connection.py", line 652, in _read_packet
    packet.raise_for_error()
    │      └ <function MysqlPacket.raise_for_error at 0x77d6b2428220>
    └ <pymysql.protocol.MysqlPacket object at 0x77d6b3c509a0>
  File "/home/sayavdera/Desktop/projects/TelegramBots/MediaFlow/.venv/lib/python3.12/site-packages/pymysql/protocol.py", line 219, in raise_for_error
    err.raise_mysql_exception(self._data)
    │   │                     │    └ <member '_data' of 'MysqlPacket' objects>
    │   │                     └ <pymysql.protocol.MysqlPacket object at 0x77d6b3c509a0>
    │   └ <function raise_mysql_exception at 0x77d6b24716c0>
    └ <module 'pymysql.err' from '/home/sayavdera/Desktop/projects/TelegramBots/MediaFlow/.venv/lib/python3.12/site-packages/pymysq...
  File "/home/sayavdera/Desktop/projects/TelegramBots/MediaFlow/.venv/lib/python3.12/site-packages/pymysql/err.py", line 150, in raise_mysql_exception
    raise errorclass(errno, errval)
          │          │      └ "Table 'azarstream.bots' doesn't exist"
          │          └ 1146
          └ <class 'pymysql.err.ProgrammingError'>

sqlalchemy.exc.ProgrammingError: (pymysql.err.ProgrammingError) (1146, "Table 'azarstream.bots' doesn't exist")
[SQL: SELECT bots.id, bots.token, bots.bot_id, bots.username, bots.name, bots.description, bots.status, bots.is_webhook, bots.webhook_url, bots.webhook_secret, bots.total_users, bots.active_users, bots.total_downloads, bots.created_at, bots.updated_at 
FROM bots 
WHERE bots.status = %s ORDER BY bots.created_at DESC 
 LIMIT %s, %s]
[parameters: ('ACTIVE', 0, 100)]
(Background on this error at: https://sqlalche.me/e/20/f405)
2026-05-06 17:09:27.388 | INFO     | app | app.logging:setup:143 | Logger initialized | level=DEBUG | path=storage/logs
2026-05-06 17:09:34.861 | INFO     | downloader.youtube | services.media.youtube:_load_token_file:426 | Loaded visitor_data.txt | path=/home/sayavdera/Desktop/projects/TelegramBots/AzarStream/storage/cookies/visitor_data.txt
2026-05-06 17:09:34.861 | WARNING  | downloader.youtube | services.media.youtube:__init__:286 | PO_TOKEN not found — wpc plugin will handle it automatically
2026-05-06 17:09:34.861 | INFO     | downloader.youtube | services.media.youtube:_start_virtual_display:337 | Display found | display=:1
2026-05-06 17:09:34.862 | INFO     | downloader.youtube | services.media.youtube:__init__:296 | Browser found for wpc plugin | path=/usr/bin/chromium-browser
2026-05-06 17:09:34.863 | INFO     | downloader.youtube | services.media.youtube:__init__:323 | YouTube downloader ready | aria2c=True | ffmpeg=True
2026-05-06 17:09:34.865 | INFO     | downloader.youtube | services.media.youtube:__init__:330 | YouTube cookies found | path=/home/sayavdera/Desktop/projects/TelegramBots/AzarStream/storage/cookies/youtube.txt
2026-05-06 17:09:34.867 | WARNING  | downloader.instagram | services.media.instagram:_load_netscape_cookies:150 | sessionid not found in cookies file
2026-05-06 17:09:34.868 | INFO     | downloader.instagram | services.media.instagram:__init__:53 | InstagramDownloader initialized | has_ffmpeg=True | session_loaded=False | cookies_file_exists=True
2026-05-06 17:09:35.530 | INFO     | app | app.lifecycle:lifespan:96 | Starting MediaFlow... | pid=1367097 | debug=True
2026-05-06 17:09:35.531 | INFO     | database | database.connection:connect:56 | Connecting to database... | url=localhost:3306/azarstream
2026-05-06 17:09:35.578 | SUCCESS  | database | database.connection:connect:76 | Database connected successfully
2026-05-06 17:09:35.578 | DEBUG    | app | app.lifecycle:lifespan:101 | Database connected
2026-05-06 17:09:35.650 | INFO     | service.cache | services.cache:connect:55 | Connected to Redis | url=redis://localhost:6379/0
2026-05-06 17:09:35.651 | DEBUG    | app | app.lifecycle:lifespan:104 | Cache connected
2026-05-06 17:09:35.651 | INFO     | service.rate_limiter | services.rate_limiter:start:97 | Rate limiter started
2026-05-06 17:09:35.651 | INFO     | service.adv_rate_limiter | services.advanced_rate_limiter:start:216 | Advanced rate limiter started
2026-05-06 17:09:35.651 | INFO     | service.user_queue | services.user_download_queue:start:64 | User download queue started
2026-05-06 17:09:35.909 | INFO     | service.bot_manager | services.bot_manager:_preload_active_bots:95 | Preloaded bots | count=0
2026-05-06 17:09:35.911 | INFO     | service.queue | services.queue:start:74 | Queue started | workers=10
2026-05-06 17:09:35.960 | INFO     | scheduler | workers.scheduler:start:47 | Scheduler started
2026-05-06 17:09:35.961 | DEBUG    | service.queue | services.queue:_worker:147 | Worker started | worker_id=0
2026-05-06 17:09:35.962 | DEBUG    | service.queue | services.queue:_worker:147 | Worker started | worker_id=1
2026-05-06 17:09:35.962 | DEBUG    | service.queue | services.queue:_worker:147 | Worker started | worker_id=2
2026-05-06 17:09:35.962 | DEBUG    | service.queue | services.queue:_worker:147 | Worker started | worker_id=3
2026-05-06 17:09:35.963 | DEBUG    | service.queue | services.queue:_worker:147 | Worker started | worker_id=4
2026-05-06 17:09:35.963 | DEBUG    | service.queue | services.queue:_worker:147 | Worker started | worker_id=5
2026-05-06 17:09:35.964 | DEBUG    | service.queue | services.queue:_worker:147 | Worker started | worker_id=6
2026-05-06 17:09:35.964 | DEBUG    | service.queue | services.queue:_worker:147 | Worker started | worker_id=7
2026-05-06 17:09:35.964 | DEBUG    | service.queue | services.queue:_worker:147 | Worker started | worker_id=8
2026-05-06 17:09:35.965 | DEBUG    | service.queue | services.queue:_worker:147 | Worker started | worker_id=9
2026-05-06 17:09:35.966 | INFO     | service.queue | workers.queue:start:73 | Queue service started | workers=10
2026-05-06 17:09:35.967 | DEBUG    | service.queue | workers.queue:_worker:165 | Worker started | worker_id=0
2026-05-06 17:09:35.967 | DEBUG    | service.queue | workers.queue:_worker:165 | Worker started | worker_id=1
2026-05-06 17:09:35.967 | DEBUG    | service.queue | workers.queue:_worker:165 | Worker started | worker_id=2
2026-05-06 17:09:35.967 | DEBUG    | service.queue | workers.queue:_worker:165 | Worker started | worker_id=3
2026-05-06 17:09:35.967 | DEBUG    | service.queue | workers.queue:_worker:165 | Worker started | worker_id=4
2026-05-06 17:09:35.968 | DEBUG    | service.queue | workers.queue:_worker:165 | Worker started | worker_id=5
2026-05-06 17:09:35.968 | DEBUG    | service.queue | workers.queue:_worker:165 | Worker started | worker_id=6
2026-05-06 17:09:35.968 | DEBUG    | service.queue | workers.queue:_worker:165 | Worker started | worker_id=7
2026-05-06 17:09:35.968 | DEBUG    | service.queue | workers.queue:_worker:165 | Worker started | worker_id=8
2026-05-06 17:09:35.969 | DEBUG    | service.queue | workers.queue:_worker:165 | Worker started | worker_id=9
2026-05-06 17:09:36.182 | INFO     | app | app.lifecycle:_setup_webhooks_once:59 | This worker acquired webhook lock, setting webhooks | pid=1367097
2026-05-06 17:09:36.184 | INFO     | service.queue | workers.queue:_init_arq_pool:82 | ARQ pool created — broadcasts enabled
2026-05-06 17:09:36.187 | INFO     | app | app.lifecycle:_setup_webhooks_once:62 | Webhooks configured | result={} | pid=1367097
2026-05-06 17:09:36.188 | INFO     | app | app.lifecycle:lifespan:119 | Webhook setup done | results={}
2026-05-06 17:09:37.064 | INFO     | app | app.lifecycle:_seed_superadmin_once:77 | Superadmin seed completed
2026-05-06 17:09:37.065 | INFO     | app | app.lifecycle:lifespan:128 | MediaFlow started successfully
2026-05-06 17:10:24.581 | INFO     | controller.auth | app.controllers.auth:login:42 | Admin logged in | username=admin
2026-05-06 17:10:24.742 | INFO     | controller.admin | app.controllers.admin:dashboard:60 | Cached media count from Redis | count=2
2026-05-06 17:11:12.259 | INFO     | controller.auth | app.controllers.auth:login:42 | Admin logged in | username=admin
2026-05-06 17:11:12.351 | INFO     | controller.admin | app.controllers.admin:dashboard:60 | Cached media count from Redis | count=2
2026-05-06 17:11:53.268 | INFO     | controller.admin | app.controllers.admin:dashboard:60 | Cached media count from Redis | count=2
2026-05-06 17:14:35.915 | DEBUG    | scheduler | workers.scheduler:_update_cache_stats:105 | Cache stats | hits=461 | misses=336
2026-05-06 17:18:34.500 | INFO     | controller.admin | app.controllers.admin:dashboard:60 | Cached media count from Redis | count=2
2026-05-06 17:18:40.280 | INFO     | controller.admin | app.controllers.admin:dashboard:60 | Cached media count from Redis | count=2
2026-05-06 17:18:45.585 | INFO     | app | app.lifecycle:lifespan:132 | Shutting down MediaFlow...
2026-05-06 17:18:45.586 | INFO     | scheduler | workers.scheduler:stop:56 | Scheduler stopped
2026-05-06 17:18:45.586 | DEBUG    | service.queue | workers.queue:_worker:212 | Worker stopped | worker_id=0
2026-05-06 17:18:45.587 | DEBUG    | service.queue | workers.queue:_worker:212 | Worker stopped | worker_id=1
2026-05-06 17:18:45.587 | DEBUG    | service.queue | workers.queue:_worker:212 | Worker stopped | worker_id=2
2026-05-06 17:18:45.587 | DEBUG    | service.queue | workers.queue:_worker:212 | Worker stopped | worker_id=3
2026-05-06 17:18:45.587 | DEBUG    | service.queue | workers.queue:_worker:212 | Worker stopped | worker_id=4
2026-05-06 17:18:45.588 | DEBUG    | service.queue | workers.queue:_worker:212 | Worker stopped | worker_id=5
2026-05-06 17:18:45.588 | DEBUG    | service.queue | workers.queue:_worker:212 | Worker stopped | worker_id=6
2026-05-06 17:18:45.588 | DEBUG    | service.queue | workers.queue:_worker:212 | Worker stopped | worker_id=7
2026-05-06 17:18:45.589 | DEBUG    | service.queue | workers.queue:_worker:212 | Worker stopped | worker_id=8
2026-05-06 17:18:45.589 | DEBUG    | service.queue | workers.queue:_worker:212 | Worker stopped | worker_id=9
2026-05-06 17:18:45.630 | INFO     | service.queue | workers.queue:stop:101 | Queue service stopped
2026-05-06 17:18:45.630 | DEBUG    | service.queue | services.queue:_worker:197 | Worker stopped | worker_id=0
2026-05-06 17:18:45.631 | DEBUG    | service.queue | services.queue:_worker:197 | Worker stopped | worker_id=1
2026-05-06 17:18:45.631 | DEBUG    | service.queue | services.queue:_worker:197 | Worker stopped | worker_id=2
2026-05-06 17:18:45.631 | DEBUG    | service.queue | services.queue:_worker:197 | Worker stopped | worker_id=3
2026-05-06 17:18:45.632 | DEBUG    | service.queue | services.queue:_worker:197 | Worker stopped | worker_id=4
2026-05-06 17:18:45.633 | DEBUG    | service.queue | services.queue:_worker:197 | Worker stopped | worker_id=5
2026-05-06 17:18:45.633 | DEBUG    | service.queue | services.queue:_worker:197 | Worker stopped | worker_id=6
2026-05-06 17:18:45.633 | DEBUG    | service.queue | services.queue:_worker:197 | Worker stopped | worker_id=7
2026-05-06 17:18:45.634 | DEBUG    | service.queue | services.queue:_worker:197 | Worker stopped | worker_id=8
2026-05-06 17:18:45.634 | DEBUG    | service.queue | services.queue:_worker:197 | Worker stopped | worker_id=9
2026-05-06 17:18:45.634 | INFO     | service.queue | services.queue:stop:88 | Queue stopped
2026-05-06 17:18:45.635 | INFO     | service.bot_manager | services.bot_manager:shutdown:72 | Shutting down bot manager...
2026-05-06 17:18:45.635 | INFO     | service.user_queue | services.user_download_queue:stop:74 | User download queue stopped
2026-05-06 17:18:45.635 | INFO     | service.adv_rate_limiter | services.advanced_rate_limiter:stop:226 | Advanced rate limiter stopped
2026-05-06 17:18:45.636 | INFO     | service.rate_limiter | services.rate_limiter:stop:107 | Rate limiter stopped
2026-05-06 17:18:45.636 | INFO     | service.cache | services.cache:disconnect:66 | Disconnected from Redis
2026-05-06 17:18:45.636 | INFO     | database | database.connection:disconnect:85 | Disconnecting from database...
2026-05-06 17:18:45.638 | INFO     | database | database.connection:disconnect:92 | Database disconnected
2026-05-06 17:18:45.639 | INFO     | app | app.lifecycle:lifespan:144 | MediaFlow stopped cleanly
2026-05-06 17:18:59.191 | INFO     | app | app.logging:setup:143 | Logger initialized | level=DEBUG | path=storage/logs
2026-05-06 17:19:07.559 | INFO     | downloader.youtube | services.media.youtube:_load_token_file:426 | Loaded visitor_data.txt | path=/home/sayavdera/Desktop/projects/TelegramBots/AzarStream/storage/cookies/visitor_data.txt
2026-05-06 17:19:07.559 | WARNING  | downloader.youtube | services.media.youtube:__init__:286 | PO_TOKEN not found — wpc plugin will handle it automatically
2026-05-06 17:19:07.560 | INFO     | downloader.youtube | services.media.youtube:_start_virtual_display:337 | Display found | display=:1
2026-05-06 17:19:07.613 | INFO     | downloader.youtube | services.media.youtube:__init__:296 | Browser found for wpc plugin | path=/usr/bin/chromium-browser
2026-05-06 17:19:07.684 | INFO     | downloader.youtube | services.media.youtube:__init__:323 | YouTube downloader ready | aria2c=True | ffmpeg=True
2026-05-06 17:19:07.712 | INFO     | downloader.youtube | services.media.youtube:__init__:330 | YouTube cookies found | path=/home/sayavdera/Desktop/projects/TelegramBots/AzarStream/storage/cookies/youtube.txt
2026-05-06 17:19:07.865 | WARNING  | downloader.instagram | services.media.instagram:_load_netscape_cookies:150 | sessionid not found in cookies file
2026-05-06 17:19:07.866 | INFO     | downloader.instagram | services.media.instagram:__init__:53 | InstagramDownloader initialized | has_ffmpeg=True | session_loaded=False | cookies_file_exists=True
2026-05-06 17:19:09.712 | INFO     | app | app.lifecycle:lifespan:96 | Starting MediaFlow... | pid=1367846 | debug=True
2026-05-06 17:19:09.712 | INFO     | database | database.connection:connect:56 | Connecting to database... | url=localhost:3306/azarstream
2026-05-06 17:19:10.251 | SUCCESS  | database | database.connection:connect:76 | Database connected successfully
2026-05-06 17:19:10.252 | DEBUG    | app | app.lifecycle:lifespan:101 | Database connected
2026-05-06 17:19:10.254 | INFO     | service.cache | services.cache:connect:55 | Connected to Redis | url=redis://localhost:6379/0
2026-05-06 17:19:10.254 | DEBUG    | app | app.lifecycle:lifespan:104 | Cache connected
2026-05-06 17:19:10.254 | INFO     | service.rate_limiter | services.rate_limiter:start:97 | Rate limiter started
2026-05-06 17:19:10.255 | INFO     | service.adv_rate_limiter | services.advanced_rate_limiter:start:216 | Advanced rate limiter started
2026-05-06 17:19:10.255 | INFO     | service.user_queue | services.user_download_queue:start:64 | User download queue started
2026-05-06 17:19:10.519 | INFO     | service.bot_manager | services.bot_manager:_preload_active_bots:95 | Preloaded bots | count=0
2026-05-06 17:19:10.520 | INFO     | service.queue | services.queue:start:74 | Queue started | workers=10
2026-05-06 17:19:10.545 | INFO     | scheduler | workers.scheduler:start:47 | Scheduler started
2026-05-06 17:19:10.546 | DEBUG    | service.queue | services.queue:_worker:147 | Worker started | worker_id=0
2026-05-06 17:19:10.546 | DEBUG    | service.queue | services.queue:_worker:147 | Worker started | worker_id=1
2026-05-06 17:19:10.546 | DEBUG    | service.queue | services.queue:_worker:147 | Worker started | worker_id=2
2026-05-06 17:19:10.546 | DEBUG    | service.queue | services.queue:_worker:147 | Worker started | worker_id=3
2026-05-06 17:19:10.547 | DEBUG    | service.queue | services.queue:_worker:147 | Worker started | worker_id=4
2026-05-06 17:19:10.547 | DEBUG    | service.queue | services.queue:_worker:147 | Worker started | worker_id=5
2026-05-06 17:19:10.547 | DEBUG    | service.queue | services.queue:_worker:147 | Worker started | worker_id=6
2026-05-06 17:19:10.547 | DEBUG    | service.queue | services.queue:_worker:147 | Worker started | worker_id=7
2026-05-06 17:19:10.548 | DEBUG    | service.queue | services.queue:_worker:147 | Worker started | worker_id=8
2026-05-06 17:19:10.548 | DEBUG    | service.queue | services.queue:_worker:147 | Worker started | worker_id=9
2026-05-06 17:19:10.548 | INFO     | service.queue | workers.queue:start:73 | Queue service started | workers=10
2026-05-06 17:19:10.549 | DEBUG    | service.queue | workers.queue:_worker:165 | Worker started | worker_id=0
2026-05-06 17:19:10.550 | DEBUG    | service.queue | workers.queue:_worker:165 | Worker started | worker_id=1
2026-05-06 17:19:10.550 | DEBUG    | service.queue | workers.queue:_worker:165 | Worker started | worker_id=2
2026-05-06 17:19:10.550 | DEBUG    | service.queue | workers.queue:_worker:165 | Worker started | worker_id=3
2026-05-06 17:19:10.550 | DEBUG    | service.queue | workers.queue:_worker:165 | Worker started | worker_id=4
2026-05-06 17:19:10.551 | DEBUG    | service.queue | workers.queue:_worker:165 | Worker started | worker_id=5
2026-05-06 17:19:10.551 | DEBUG    | service.queue | workers.queue:_worker:165 | Worker started | worker_id=6
2026-05-06 17:19:10.551 | DEBUG    | service.queue | workers.queue:_worker:165 | Worker started | worker_id=7
2026-05-06 17:19:10.551 | DEBUG    | service.queue | workers.queue:_worker:165 | Worker started | worker_id=8
2026-05-06 17:19:10.551 | DEBUG    | service.queue | workers.queue:_worker:165 | Worker started | worker_id=9
2026-05-06 17:19:10.553 | INFO     | app | app.lifecycle:_setup_webhooks_once:59 | This worker acquired webhook lock, setting webhooks | pid=1367846
2026-05-06 17:19:10.555 | INFO     | service.queue | workers.queue:_init_arq_pool:82 | ARQ pool created — broadcasts enabled
2026-05-06 17:19:10.567 | INFO     | app | app.lifecycle:_setup_webhooks_once:62 | Webhooks configured | result={} | pid=1367846
2026-05-06 17:19:10.569 | INFO     | app | app.lifecycle:lifespan:119 | Webhook setup done | results={}
2026-05-06 17:19:10.604 | INFO     | app | app.lifecycle:_seed_superadmin_once:77 | Superadmin seed completed
2026-05-06 17:19:10.606 | INFO     | app | app.lifecycle:lifespan:128 | MediaFlow started successfully
2026-05-06 17:19:11.693 | INFO     | controller.admin | app.controllers.admin:dashboard:60 | Cached media count from Redis | count=2
2026-05-06 17:19:13.501 | INFO     | controller.admin | app.controllers.admin:dashboard:60 | Cached media count from Redis | count=2
2026-05-06 17:24:10.525 | DEBUG    | scheduler | workers.scheduler:_update_cache_stats:105 | Cache stats | hits=472 | misses=338
2026-05-06 17:29:10.527 | DEBUG    | scheduler | workers.scheduler:_update_cache_stats:105 | Cache stats | hits=472 | misses=338
2026-05-06 17:30:11.831 | INFO     | controller.admin | app.controllers.admin:dashboard:60 | Cached media count from Redis | count=2
2026-05-06 17:30:36.086 | INFO     | controller.admin | app.controllers.admin:dashboard:60 | Cached media count from Redis | count=2
2026-05-06 17:39:41.738 | INFO     | app | app.logging:setup:143 | Logger initialized | level=DEBUG | path=storage/logs
2026-05-06 17:39:51.072 | INFO     | downloader.youtube | services.media.youtube:_load_token_file:426 | Loaded visitor_data.txt | path=/home/sayavdera/Desktop/projects/TelegramBots/AzarStream/storage/cookies/visitor_data.txt
2026-05-06 17:39:51.073 | WARNING  | downloader.youtube | services.media.youtube:__init__:286 | PO_TOKEN not found — wpc plugin will handle it automatically
2026-05-06 17:39:51.073 | INFO     | downloader.youtube | services.media.youtube:_start_virtual_display:337 | Display found | display=:1
2026-05-06 17:39:51.074 | INFO     | downloader.youtube | services.media.youtube:__init__:296 | Browser found for wpc plugin | path=/usr/bin/chromium-browser
2026-05-06 17:39:51.075 | INFO     | downloader.youtube | services.media.youtube:__init__:323 | YouTube downloader ready | aria2c=True | ffmpeg=True
2026-05-06 17:39:51.119 | INFO     | downloader.youtube | services.media.youtube:__init__:330 | YouTube cookies found | path=/home/sayavdera/Desktop/projects/TelegramBots/AzarStream/storage/cookies/youtube.txt
2026-05-06 17:39:51.137 | WARNING  | downloader.instagram | services.media.instagram:_load_netscape_cookies:150 | sessionid not found in cookies file
2026-05-06 17:39:51.138 | INFO     | downloader.instagram | services.media.instagram:__init__:53 | InstagramDownloader initialized | has_ffmpeg=True | session_loaded=False | cookies_file_exists=True
2026-05-06 17:39:53.064 | INFO     | app | app.lifecycle:lifespan:96 | Starting MediaFlow... | pid=1375677 | debug=True
2026-05-06 17:39:53.066 | INFO     | database | database.connection:connect:56 | Connecting to database... | url=localhost:3306/azarstream
2026-05-06 17:39:53.205 | SUCCESS  | database | database.connection:connect:76 | Database connected successfully
2026-05-06 17:39:53.205 | DEBUG    | app | app.lifecycle:lifespan:101 | Database connected
2026-05-06 17:39:53.219 | INFO     | service.cache | services.cache:connect:55 | Connected to Redis | url=redis://localhost:6379/0
2026-05-06 17:39:53.219 | DEBUG    | app | app.lifecycle:lifespan:104 | Cache connected
2026-05-06 17:39:53.225 | INFO     | service.rate_limiter | services.rate_limiter:start:97 | Rate limiter started
2026-05-06 17:39:53.226 | INFO     | service.adv_rate_limiter | services.advanced_rate_limiter:start:216 | Advanced rate limiter started
2026-05-06 17:39:53.231 | INFO     | service.user_queue | services.user_download_queue:start:64 | User download queue started
2026-05-06 17:39:53.837 | INFO     | service.bot_manager | services.bot_manager:_preload_active_bots:95 | Preloaded bots | count=0
2026-05-06 17:39:53.839 | INFO     | service.queue | services.queue:start:74 | Queue started | workers=10
2026-05-06 17:39:53.843 | INFO     | scheduler | workers.scheduler:start:47 | Scheduler started
2026-05-06 17:39:53.849 | DEBUG    | service.queue | services.queue:_worker:147 | Worker started | worker_id=0
2026-05-06 17:39:53.850 | DEBUG    | service.queue | services.queue:_worker:147 | Worker started | worker_id=1
2026-05-06 17:39:53.850 | DEBUG    | service.queue | services.queue:_worker:147 | Worker started | worker_id=2
2026-05-06 17:39:53.850 | DEBUG    | service.queue | services.queue:_worker:147 | Worker started | worker_id=3
2026-05-06 17:39:53.851 | DEBUG    | service.queue | services.queue:_worker:147 | Worker started | worker_id=4
2026-05-06 17:39:53.851 | DEBUG    | service.queue | services.queue:_worker:147 | Worker started | worker_id=5
2026-05-06 17:39:53.853 | DEBUG    | service.queue | services.queue:_worker:147 | Worker started | worker_id=6
2026-05-06 17:39:53.854 | DEBUG    | service.queue | services.queue:_worker:147 | Worker started | worker_id=7
2026-05-06 17:39:53.856 | DEBUG    | service.queue | services.queue:_worker:147 | Worker started | worker_id=8
2026-05-06 17:39:53.857 | DEBUG    | service.queue | services.queue:_worker:147 | Worker started | worker_id=9
2026-05-06 17:39:53.857 | INFO     | service.queue | workers.queue:start:73 | Queue service started | workers=10
2026-05-06 17:39:53.860 | DEBUG    | service.queue | workers.queue:_worker:165 | Worker started | worker_id=0
2026-05-06 17:39:53.864 | DEBUG    | service.queue | workers.queue:_worker:165 | Worker started | worker_id=1
2026-05-06 17:39:53.865 | DEBUG    | service.queue | workers.queue:_worker:165 | Worker started | worker_id=2
2026-05-06 17:39:53.865 | DEBUG    | service.queue | workers.queue:_worker:165 | Worker started | worker_id=3
2026-05-06 17:39:53.866 | DEBUG    | service.queue | workers.queue:_worker:165 | Worker started | worker_id=4
2026-05-06 17:39:53.867 | DEBUG    | service.queue | workers.queue:_worker:165 | Worker started | worker_id=5
2026-05-06 17:39:53.867 | DEBUG    | service.queue | workers.queue:_worker:165 | Worker started | worker_id=6
2026-05-06 17:39:53.867 | DEBUG    | service.queue | workers.queue:_worker:165 | Worker started | worker_id=7
2026-05-06 17:39:53.869 | DEBUG    | service.queue | workers.queue:_worker:165 | Worker started | worker_id=8
2026-05-06 17:39:53.870 | DEBUG    | service.queue | workers.queue:_worker:165 | Worker started | worker_id=9
2026-05-06 17:39:53.871 | INFO     | app | app.lifecycle:_setup_webhooks_once:59 | This worker acquired webhook lock, setting webhooks | pid=1375677
2026-05-06 17:39:53.876 | INFO     | service.queue | workers.queue:_init_arq_pool:82 | ARQ pool created — broadcasts enabled
2026-05-06 17:39:53.956 | INFO     | app | app.lifecycle:_setup_webhooks_once:62 | Webhooks configured | result={} | pid=1375677
2026-05-06 17:39:53.960 | INFO     | app | app.lifecycle:lifespan:119 | Webhook setup done | results={}
2026-05-06 17:39:54.172 | INFO     | app | app.lifecycle:_seed_superadmin_once:77 | Superadmin seed completed
2026-05-06 17:39:54.172 | INFO     | app | app.lifecycle:lifespan:128 | MediaFlow started successfully
2026-05-06 17:40:09.925 | INFO     | controller.admin | app.controllers.admin:dashboard:60 | Cached media count from Redis | count=2
2026-05-06 17:40:14.521 | INFO     | controller.admin | app.controllers.admin:dashboard:60 | Cached media count from Redis | count=2
2026-05-06 17:40:16.202 | INFO     | controller.admin | app.controllers.admin:dashboard:60 | Cached media count from Redis | count=2
2026-05-06 17:40:20.507 | INFO     | controller.admin | app.controllers.admin:dashboard:60 | Cached media count from Redis | count=2
2026-05-06 17:44:36.476 | INFO     | controller.admin | app.controllers.admin:dashboard:60 | Cached media count from Redis | count=2
2026-05-06 17:44:57.535 | DEBUG    | scheduler | workers.scheduler:_update_cache_stats:105 | Cache stats | hits=514 | misses=347
2026-05-06 17:49:58.932 | DEBUG    | scheduler | workers.scheduler:_update_cache_stats:105 | Cache stats | hits=514 | misses=347
2026-05-06 17:51:32.124 | INFO     | controller.admin | app.controllers.admin:dashboard:60 | Cached media count from Redis | count=2
2026-05-06 17:51:38.305 | INFO     | controller.admin | app.controllers.admin:dashboard:60 | Cached media count from Redis | count=2
2026-05-06 17:51:53.604 | INFO     | app | app.lifecycle:lifespan:132 | Shutting down MediaFlow...
2026-05-06 17:51:53.620 | INFO     | scheduler | workers.scheduler:stop:56 | Scheduler stopped
2026-05-06 17:51:53.737 | DEBUG    | service.queue | workers.queue:_worker:212 | Worker stopped | worker_id=0
2026-05-06 17:51:53.779 | DEBUG    | service.queue | workers.queue:_worker:212 | Worker stopped | worker_id=1
2026-05-06 17:51:53.779 | DEBUG    | service.queue | workers.queue:_worker:212 | Worker stopped | worker_id=2
2026-05-06 17:51:53.780 | DEBUG    | service.queue | workers.queue:_worker:212 | Worker stopped | worker_id=3
2026-05-06 17:51:53.780 | DEBUG    | service.queue | workers.queue:_worker:212 | Worker stopped | worker_id=4
2026-05-06 17:51:53.780 | DEBUG    | service.queue | workers.queue:_worker:212 | Worker stopped | worker_id=5
2026-05-06 17:51:53.781 | DEBUG    | service.queue | workers.queue:_worker:212 | Worker stopped | worker_id=6
2026-05-06 17:51:53.781 | DEBUG    | service.queue | workers.queue:_worker:212 | Worker stopped | worker_id=7
2026-05-06 17:51:53.782 | DEBUG    | service.queue | workers.queue:_worker:212 | Worker stopped | worker_id=8
2026-05-06 17:51:53.782 | DEBUG    | service.queue | workers.queue:_worker:212 | Worker stopped | worker_id=9
2026-05-06 17:51:53.931 | INFO     | service.queue | workers.queue:stop:101 | Queue service stopped
2026-05-06 17:51:54.086 | DEBUG    | service.queue | services.queue:_worker:197 | Worker stopped | worker_id=0
2026-05-06 17:51:54.087 | DEBUG    | service.queue | services.queue:_worker:197 | Worker stopped | worker_id=1
2026-05-06 17:51:54.087 | DEBUG    | service.queue | services.queue:_worker:197 | Worker stopped | worker_id=2
2026-05-06 17:51:54.087 | DEBUG    | service.queue | services.queue:_worker:197 | Worker stopped | worker_id=3
2026-05-06 17:51:54.087 | DEBUG    | service.queue | services.queue:_worker:197 | Worker stopped | worker_id=4
2026-05-06 17:51:54.088 | DEBUG    | service.queue | services.queue:_worker:197 | Worker stopped | worker_id=5
2026-05-06 17:51:54.088 | DEBUG    | service.queue | services.queue:_worker:197 | Worker stopped | worker_id=6
2026-05-06 17:51:54.088 | DEBUG    | service.queue | services.queue:_worker:197 | Worker stopped | worker_id=7
2026-05-06 17:51:54.089 | DEBUG    | service.queue | services.queue:_worker:197 | Worker stopped | worker_id=8
2026-05-06 17:51:54.089 | DEBUG    | service.queue | services.queue:_worker:197 | Worker stopped | worker_id=9
2026-05-06 17:51:54.099 | INFO     | service.queue | services.queue:stop:88 | Queue stopped
2026-05-06 17:51:54.224 | INFO     | service.bot_manager | services.bot_manager:shutdown:72 | Shutting down bot manager...
2026-05-06 17:51:54.380 | INFO     | service.user_queue | services.user_download_queue:stop:74 | User download queue stopped
2026-05-06 17:51:54.401 | INFO     | service.adv_rate_limiter | services.advanced_rate_limiter:stop:226 | Advanced rate limiter stopped
2026-05-06 17:51:54.419 | INFO     | service.rate_limiter | services.rate_limiter:stop:107 | Rate limiter stopped
2026-05-06 17:51:54.631 | INFO     | service.cache | services.cache:disconnect:66 | Disconnected from Redis
2026-05-06 17:51:54.752 | INFO     | database | database.connection:disconnect:85 | Disconnecting from database...
2026-05-06 17:51:55.163 | INFO     | database | database.connection:disconnect:92 | Database disconnected
2026-05-06 17:51:55.164 | INFO     | app | app.lifecycle:lifespan:144 | MediaFlow stopped cleanly
