2026-04-29 00:00:05.081 | DEBUG    | scheduler | workers.scheduler:_update_cache_stats:105 | Cache stats | hits=1053 | misses=696
2026-04-29 00:00:05.083 | DEBUG    | scheduler | workers.scheduler:_update_cache_stats:105 | Cache stats | hits=1053 | misses=696
2026-04-29 00:00:05.082 | DEBUG    | scheduler | workers.scheduler:_update_cache_stats:105 | Cache stats | hits=1053 | misses=696
2026-04-29 00:00:05.137 | DEBUG    | scheduler | workers.scheduler:_update_cache_stats:105 | Cache stats | hits=1053 | misses=696
2026-04-29 00:05:05.081 | DEBUG    | scheduler | workers.scheduler:_update_cache_stats:105 | Cache stats | hits=1053 | misses=696
2026-04-29 00:05:05.082 | DEBUG    | scheduler | workers.scheduler:_update_cache_stats:105 | Cache stats | hits=1053 | misses=696
2026-04-29 00:05:05.104 | DEBUG    | scheduler | workers.scheduler:_update_cache_stats:105 | Cache stats | hits=1053 | misses=696
2026-04-29 00:05:05.113 | DEBUG    | scheduler | workers.scheduler:_update_cache_stats:105 | Cache stats | hits=1053 | misses=696
2026-04-29 00:10:05.080 | DEBUG    | scheduler | workers.scheduler:_update_cache_stats:105 | Cache stats | hits=1053 | misses=696
2026-04-29 00:10:05.099 | DEBUG    | scheduler | workers.scheduler:_update_cache_stats:105 | Cache stats | hits=1053 | misses=696
2026-04-29 00:10:05.111 | DEBUG    | scheduler | workers.scheduler:_update_cache_stats:105 | Cache stats | hits=1053 | misses=696
2026-04-29 00:10:05.117 | DEBUG    | scheduler | workers.scheduler:_update_cache_stats:105 | Cache stats | hits=1053 | misses=696
2026-04-29 00:15:05.080 | DEBUG    | scheduler | workers.scheduler:_update_cache_stats:105 | Cache stats | hits=1053 | misses=696
2026-04-29 00:15:05.084 | DEBUG    | scheduler | workers.scheduler:_update_cache_stats:105 | Cache stats | hits=1053 | misses=696
2026-04-29 00:15:05.106 | DEBUG    | scheduler | workers.scheduler:_update_cache_stats:105 | Cache stats | hits=1053 | misses=696
2026-04-29 00:15:05.118 | DEBUG    | scheduler | workers.scheduler:_update_cache_stats:105 | Cache stats | hits=1053 | misses=696
2026-04-29 00:20:05.080 | DEBUG    | scheduler | workers.scheduler:_update_cache_stats:105 | Cache stats | hits=1053 | misses=696
2026-04-29 00:20:05.081 | DEBUG    | scheduler | workers.scheduler:_update_cache_stats:105 | Cache stats | hits=1053 | misses=696
2026-04-29 00:20:05.086 | DEBUG    | scheduler | workers.scheduler:_update_cache_stats:105 | Cache stats | hits=1053 | misses=696
2026-04-29 00:20:05.103 | DEBUG    | scheduler | workers.scheduler:_update_cache_stats:105 | Cache stats | hits=1053 | misses=696
2026-04-29 00:25:05.079 | DEBUG    | scheduler | workers.scheduler:_update_cache_stats:105 | Cache stats | hits=1053 | misses=696
2026-04-29 00:25:05.080 | DEBUG    | scheduler | workers.scheduler:_update_cache_stats:105 | Cache stats | hits=1053 | misses=696
2026-04-29 00:25:05.081 | DEBUG    | scheduler | workers.scheduler:_update_cache_stats:105 | Cache stats | hits=1053 | misses=696
2026-04-29 00:25:05.105 | DEBUG    | scheduler | workers.scheduler:_update_cache_stats:105 | Cache stats | hits=1053 | misses=696
2026-04-29 18:55:56.817 | INFO     | app | app.logging:setup:143 | Logger initialized | level=DEBUG | path=storage/logs
2026-04-29 18:58:04.920 | INFO     | app | app.logging:setup:143 | Logger initialized | level=DEBUG | path=storage/logs
2026-04-29 18:58:15.409 | INFO     | app | app.logging:setup:143 | Logger initialized | level=DEBUG | path=storage/logs
2026-04-29 19:08:02.351 | INFO     | app | app.logging:setup:143 | Logger initialized | level=DEBUG | path=storage/logs
2026-04-29 19:11:10.866 | INFO     | app | app.logging:setup:143 | Logger initialized | level=DEBUG | path=storage/logs
2026-04-29 19:14:37.967 | INFO     | app | app.logging:setup:143 | Logger initialized | level=DEBUG | path=storage/logs
2026-04-29 19:14:45.201 | INFO     | downloader.youtube | services.media.youtube:_load_token_file:410 | Loaded visitor_data.txt | path=/home/sayavdera/Desktop/projects/TelegramBots/MediaFlow/storage/cookies/visitor_data.txt
2026-04-29 19:14:45.202 | WARNING  | downloader.youtube | services.media.youtube:__init__:284 | PO_TOKEN not found — wpc plugin will handle it automatically
2026-04-29 19:14:45.202 | INFO     | downloader.youtube | services.media.youtube:_start_virtual_display:335 | Display found | display=:1
2026-04-29 19:14:45.223 | INFO     | downloader.youtube | services.media.youtube:__init__:294 | Browser found for wpc plugin | path=/usr/bin/chromium-browser
2026-04-29 19:14:45.224 | INFO     | downloader.youtube | services.media.youtube:__init__:321 | YouTube downloader ready | aria2c=True | ffmpeg=True
2026-04-29 19:14:45.303 | INFO     | downloader.youtube | services.media.youtube:__init__:328 | YouTube cookies found | path=/home/sayavdera/Desktop/projects/TelegramBots/MediaFlow/storage/cookies/youtube.txt
2026-04-29 19:14:45.318 | INFO     | downloader.instagram | services.media.instagram:_load_netscape_cookies:145 | Instagram Netscape cookies loaded | has_csrf=True
2026-04-29 19:14:45.318 | INFO     | downloader.instagram | services.media.instagram:__init__:50 | InstagramDownloader initialized | has_ffmpeg=True | session_loaded=False | cookies_file_exists=True
2026-04-29 19:15:02.334 | INFO     | app | app.logging:setup:143 | Logger initialized | level=DEBUG | path=storage/logs
2026-04-29 19:15:08.467 | INFO     | downloader.youtube | services.media.youtube:_load_token_file:410 | Loaded visitor_data.txt | path=/home/sayavdera/Desktop/projects/TelegramBots/MediaFlow/storage/cookies/visitor_data.txt
2026-04-29 19:15:08.467 | WARNING  | downloader.youtube | services.media.youtube:__init__:284 | PO_TOKEN not found — wpc plugin will handle it automatically
2026-04-29 19:15:08.467 | INFO     | downloader.youtube | services.media.youtube:_start_virtual_display:335 | Display found | display=:1
2026-04-29 19:15:08.470 | INFO     | downloader.youtube | services.media.youtube:__init__:294 | Browser found for wpc plugin | path=/usr/bin/chromium-browser
2026-04-29 19:15:08.471 | INFO     | downloader.youtube | services.media.youtube:__init__:321 | YouTube downloader ready | aria2c=True | ffmpeg=True
2026-04-29 19:15:08.485 | INFO     | downloader.youtube | services.media.youtube:__init__:328 | YouTube cookies found | path=/home/sayavdera/Desktop/projects/TelegramBots/MediaFlow/storage/cookies/youtube.txt
2026-04-29 19:15:08.489 | INFO     | downloader.instagram | services.media.instagram:_load_netscape_cookies:145 | Instagram Netscape cookies loaded | has_csrf=True
2026-04-29 19:15:08.491 | INFO     | downloader.instagram | services.media.instagram:__init__:50 | InstagramDownloader initialized | has_ffmpeg=True | session_loaded=False | cookies_file_exists=True
2026-04-29 19:15:10.867 | INFO     | app | app.logging:setup:143 | Logger initialized | level=DEBUG | path=storage/logs
2026-04-29 19:15:16.808 | INFO     | downloader.youtube | services.media.youtube:_load_token_file:410 | Loaded visitor_data.txt | path=/home/sayavdera/Desktop/projects/TelegramBots/MediaFlow/storage/cookies/visitor_data.txt
2026-04-29 19:15:16.808 | WARNING  | downloader.youtube | services.media.youtube:__init__:284 | PO_TOKEN not found — wpc plugin will handle it automatically
2026-04-29 19:15:16.808 | INFO     | downloader.youtube | services.media.youtube:_start_virtual_display:335 | Display found | display=:1
2026-04-29 19:15:16.810 | INFO     | downloader.youtube | services.media.youtube:__init__:294 | Browser found for wpc plugin | path=/usr/bin/chromium-browser
2026-04-29 19:15:16.810 | INFO     | downloader.youtube | services.media.youtube:__init__:321 | YouTube downloader ready | aria2c=True | ffmpeg=True
2026-04-29 19:15:16.812 | INFO     | downloader.youtube | services.media.youtube:__init__:328 | YouTube cookies found | path=/home/sayavdera/Desktop/projects/TelegramBots/MediaFlow/storage/cookies/youtube.txt
2026-04-29 19:15:16.815 | INFO     | downloader.instagram | services.media.instagram:_load_netscape_cookies:145 | Instagram Netscape cookies loaded | has_csrf=True
2026-04-29 19:15:16.816 | INFO     | downloader.instagram | services.media.instagram:__init__:50 | InstagramDownloader initialized | has_ffmpeg=True | session_loaded=False | cookies_file_exists=True
2026-04-29 19:16:08.295 | INFO     | app | app.logging:setup:143 | Logger initialized | level=DEBUG | path=storage/logs
2026-04-29 19:16:13.420 | INFO     | downloader.youtube | services.media.youtube:_load_token_file:410 | Loaded visitor_data.txt | path=/home/sayavdera/Desktop/projects/TelegramBots/MediaFlow/storage/cookies/visitor_data.txt
2026-04-29 19:16:13.420 | WARNING  | downloader.youtube | services.media.youtube:__init__:284 | PO_TOKEN not found — wpc plugin will handle it automatically
2026-04-29 19:16:13.421 | INFO     | downloader.youtube | services.media.youtube:_start_virtual_display:335 | Display found | display=:1
2026-04-29 19:16:13.421 | INFO     | downloader.youtube | services.media.youtube:__init__:294 | Browser found for wpc plugin | path=/usr/bin/chromium-browser
2026-04-29 19:16:13.424 | INFO     | downloader.youtube | services.media.youtube:__init__:321 | YouTube downloader ready | aria2c=True | ffmpeg=True
2026-04-29 19:16:13.425 | INFO     | downloader.youtube | services.media.youtube:__init__:328 | YouTube cookies found | path=/home/sayavdera/Desktop/projects/TelegramBots/MediaFlow/storage/cookies/youtube.txt
2026-04-29 19:16:13.428 | INFO     | downloader.instagram | services.media.instagram:_load_netscape_cookies:145 | Instagram Netscape cookies loaded | has_csrf=True
2026-04-29 19:16:13.428 | INFO     | downloader.instagram | services.media.instagram:__init__:50 | InstagramDownloader initialized | has_ffmpeg=True | session_loaded=False | cookies_file_exists=True
2026-04-29 19:17:30.432 | INFO     | app | app.logging:setup:143 | Logger initialized | level=DEBUG | path=storage/logs
2026-04-29 19:17:36.401 | INFO     | downloader.youtube | services.media.youtube:_load_token_file:410 | Loaded visitor_data.txt | path=/home/sayavdera/Desktop/projects/TelegramBots/MediaFlow/storage/cookies/visitor_data.txt
2026-04-29 19:17:36.402 | WARNING  | downloader.youtube | services.media.youtube:__init__:284 | PO_TOKEN not found — wpc plugin will handle it automatically
2026-04-29 19:17:36.402 | INFO     | downloader.youtube | services.media.youtube:_start_virtual_display:335 | Display found | display=:1
2026-04-29 19:17:36.404 | INFO     | downloader.youtube | services.media.youtube:__init__:294 | Browser found for wpc plugin | path=/usr/bin/chromium-browser
2026-04-29 19:17:36.404 | INFO     | downloader.youtube | services.media.youtube:__init__:321 | YouTube downloader ready | aria2c=True | ffmpeg=True
2026-04-29 19:17:36.407 | INFO     | downloader.youtube | services.media.youtube:__init__:328 | YouTube cookies found | path=/home/sayavdera/Desktop/projects/TelegramBots/MediaFlow/storage/cookies/youtube.txt
2026-04-29 19:17:36.410 | INFO     | downloader.instagram | services.media.instagram:_load_netscape_cookies:145 | Instagram Netscape cookies loaded | has_csrf=True
2026-04-29 19:17:36.411 | INFO     | downloader.instagram | services.media.instagram:__init__:50 | InstagramDownloader initialized | has_ffmpeg=True | session_loaded=False | cookies_file_exists=True
2026-04-29 19:17:37.080 | INFO     | services.downloaders.factory | services.downloaders.factory:_setup_platforms:39 | Platform registry initialized (Step 2 pending) | count=0 | platforms=[]
2026-04-29 19:20:14.834 | INFO     | app | app.logging:setup:143 | Logger initialized | level=DEBUG | path=storage/logs
2026-04-29 19:20:20.663 | INFO     | downloader.youtube | services.media.youtube:_load_token_file:410 | Loaded visitor_data.txt | path=/home/sayavdera/Desktop/projects/TelegramBots/MediaFlow/storage/cookies/visitor_data.txt
2026-04-29 19:20:20.663 | WARNING  | downloader.youtube | services.media.youtube:__init__:284 | PO_TOKEN not found — wpc plugin will handle it automatically
2026-04-29 19:20:20.663 | INFO     | downloader.youtube | services.media.youtube:_start_virtual_display:335 | Display found | display=:1
2026-04-29 19:20:20.665 | INFO     | downloader.youtube | services.media.youtube:__init__:294 | Browser found for wpc plugin | path=/usr/bin/chromium-browser
2026-04-29 19:20:20.665 | INFO     | downloader.youtube | services.media.youtube:__init__:321 | YouTube downloader ready | aria2c=True | ffmpeg=True
2026-04-29 19:20:20.668 | INFO     | downloader.youtube | services.media.youtube:__init__:328 | YouTube cookies found | path=/home/sayavdera/Desktop/projects/TelegramBots/MediaFlow/storage/cookies/youtube.txt
2026-04-29 19:20:20.671 | INFO     | downloader.instagram | services.media.instagram:_load_netscape_cookies:145 | Instagram Netscape cookies loaded | has_csrf=True
2026-04-29 19:20:20.671 | INFO     | downloader.instagram | services.media.instagram:__init__:50 | InstagramDownloader initialized | has_ffmpeg=True | session_loaded=False | cookies_file_exists=True
2026-04-29 19:20:46.944 | INFO     | app | app.logging:setup:143 | Logger initialized | level=DEBUG | path=storage/logs
2026-04-29 19:20:53.070 | INFO     | downloader.youtube | services.media.youtube:_load_token_file:410 | Loaded visitor_data.txt | path=/home/sayavdera/Desktop/projects/TelegramBots/MediaFlow/storage/cookies/visitor_data.txt
2026-04-29 19:20:53.070 | WARNING  | downloader.youtube | services.media.youtube:__init__:284 | PO_TOKEN not found — wpc plugin will handle it automatically
2026-04-29 19:20:53.070 | INFO     | downloader.youtube | services.media.youtube:_start_virtual_display:335 | Display found | display=:1
2026-04-29 19:20:53.072 | INFO     | downloader.youtube | services.media.youtube:__init__:294 | Browser found for wpc plugin | path=/usr/bin/chromium-browser
2026-04-29 19:20:53.072 | INFO     | downloader.youtube | services.media.youtube:__init__:321 | YouTube downloader ready | aria2c=True | ffmpeg=True
2026-04-29 19:20:53.074 | INFO     | downloader.youtube | services.media.youtube:__init__:328 | YouTube cookies found | path=/home/sayavdera/Desktop/projects/TelegramBots/MediaFlow/storage/cookies/youtube.txt
2026-04-29 19:20:53.076 | INFO     | downloader.instagram | services.media.instagram:_load_netscape_cookies:145 | Instagram Netscape cookies loaded | has_csrf=True
2026-04-29 19:20:53.076 | INFO     | downloader.instagram | services.media.instagram:__init__:50 | InstagramDownloader initialized | has_ffmpeg=True | session_loaded=False | cookies_file_exists=True
2026-04-29 19:20:53.783 | INFO     | database | database.connection:connect:56 | Connecting to database... | url=localhost:3306/mediaflow
2026-04-29 19:20:55.336 | SUCCESS  | database | database.connection:connect:76 | Database connected successfully
2026-04-29 19:20:55.337 | INFO     | database | database.connection:disconnect:85 | Disconnecting from database...
2026-04-29 19:20:55.337 | INFO     | database | database.connection:disconnect:92 | Database disconnected
2026-04-29 19:21:09.608 | INFO     | app | app.logging:setup:143 | Logger initialized | level=DEBUG | path=storage/logs
2026-04-29 19:21:16.627 | INFO     | downloader.youtube | services.media.youtube:_load_token_file:410 | Loaded visitor_data.txt | path=/home/sayavdera/Desktop/projects/TelegramBots/MediaFlow/storage/cookies/visitor_data.txt
2026-04-29 19:21:16.627 | WARNING  | downloader.youtube | services.media.youtube:__init__:284 | PO_TOKEN not found — wpc plugin will handle it automatically
2026-04-29 19:21:16.628 | INFO     | downloader.youtube | services.media.youtube:_start_virtual_display:335 | Display found | display=:1
2026-04-29 19:21:16.629 | INFO     | downloader.youtube | services.media.youtube:__init__:294 | Browser found for wpc plugin | path=/usr/bin/chromium-browser
2026-04-29 19:21:16.629 | INFO     | downloader.youtube | services.media.youtube:__init__:321 | YouTube downloader ready | aria2c=True | ffmpeg=True
2026-04-29 19:21:16.631 | INFO     | downloader.youtube | services.media.youtube:__init__:328 | YouTube cookies found | path=/home/sayavdera/Desktop/projects/TelegramBots/MediaFlow/storage/cookies/youtube.txt
2026-04-29 19:21:16.641 | INFO     | downloader.instagram | services.media.instagram:_load_netscape_cookies:145 | Instagram Netscape cookies loaded | has_csrf=True
2026-04-29 19:21:16.642 | INFO     | downloader.instagram | services.media.instagram:__init__:50 | InstagramDownloader initialized | has_ffmpeg=True | session_loaded=False | cookies_file_exists=True
2026-04-29 19:21:17.513 | INFO     | database | database.connection:connect:56 | Connecting to database... | url=localhost:3306/mediaflow
2026-04-29 19:21:17.603 | SUCCESS  | database | database.connection:connect:76 | Database connected successfully
2026-04-29 19:21:19.528 | INFO     | service.cache | services.cache:connect:55 | Connected to Redis | url=redis://localhost:6379/0
2026-04-29 19:21:19.972 | INFO     | database | database.connection:disconnect:85 | Disconnecting from database...
2026-04-29 19:21:19.973 | INFO     | database | database.connection:disconnect:92 | Database disconnected
