2026-04-23 00:19:05.329 | INFO     | bot.processor | bot.processor:process:90 | 📥 UpdateProcessor.process called | token=7039033833 | update_id=689715453 | has_message=True | has_callback=False
2026-04-23 00:19:05.329 | INFO     | bot.processor | bot.processor:process:104 | ✅ Bot instance acquired | username=testingmodeonbot
2026-04-23 00:19:05.352 | INFO     | bot.processor | bot.processor:_handle_message:198 | 💬 Handling message | user_id=6597464835 | chat_id=6597464835 | text=https://www.youtube.com/watch?v=-PDQJZ7dN1Q
2026-04-23 00:21:16.401 | INFO     | bot.processor | bot.processor:process:109 | 📥 UpdateProcessor.process called | token=7039033833 | update_id=689715454 | has_message=True | has_callback=False
2026-04-23 00:21:16.401 | INFO     | bot.processor | bot.processor:process:123 | ✅ Bot instance acquired | username=testingmodeonbot
2026-04-23 00:21:16.423 | INFO     | bot.processor | bot.processor:_handle_message:217 | 💬 Handling message | user_id=6597464835 | chat_id=6597464835 | text=https://www.youtube.com/watch?v=tiUxqacPKtQ
2026-04-23 00:21:50.314 | INFO     | bot.processor | bot.processor:process:109 | 📥 UpdateProcessor.process called | token=7039033833 | update_id=689715455 | has_message=False | has_callback=True
2026-04-23 00:21:50.315 | INFO     | bot.processor | bot.processor:process:123 | ✅ Bot instance acquired | username=testingmodeonbot
2026-04-23 00:21:50.811 | INFO     | bot.processor | bot.processor:_process_download:889 | ⬇️ Starting download | user_id=6597464835 | url=https://www.youtube.com/watch?v=tiUxqacPKtQ | platform=youtube
2026-04-23 00:22:14.134 | INFO     | bot.processor | bot.processor:_process_download:903 | ✅ Download completed | user_id=6597464835 | success=True | error=None
2026-04-23 00:22:14.604 | DEBUG    | bot.processor | bot.processor:_save_download_record:1232 | Download record saved | user_id=1 | total_downloads=6
2026-04-23 00:22:14.605 | DEBUG    | bot.processor | bot.processor:_process_download:980 | Download record saved (new) | user_id=6597464835 | url=https://www.youtube.com/watch?v=tiUxqacPKtQ
2026-04-23 00:22:14.757 | INFO     | bot.processor | bot.processor:_send_post_download_ad:1456 | No post-download ad found for bot | bot_id=7039033833
2026-04-23 00:22:33.320 | INFO     | bot.processor | bot.processor:process:109 | 📥 UpdateProcessor.process called | token=7039033833 | update_id=689715456 | has_message=True | has_callback=False
2026-04-23 00:22:33.320 | INFO     | bot.processor | bot.processor:process:123 | ✅ Bot instance acquired | username=testingmodeonbot
2026-04-23 00:22:33.358 | INFO     | bot.processor | bot.processor:_handle_message:217 | 💬 Handling message | user_id=6597464835 | chat_id=6597464835 | text=https://www.youtube.com/watch?v=RbUuTgOEVh0
2026-04-23 13:30:30.311 | INFO     | bot.processor | bot.processor:process:109 | 📥 UpdateProcessor.process called | token=7039033833 | update_id=689715487 | has_message=True | has_callback=False
2026-04-23 13:30:30.312 | INFO     | bot.processor | bot.processor:process:123 | ✅ Bot instance acquired | username=testingmodeonbot
2026-04-23 13:30:31.031 | INFO     | bot.processor | bot.processor:_handle_message:217 | 💬 Handling message | user_id=6597464835 | chat_id=6597464835 | text=sad
2026-04-23 13:40:27.226 | INFO     | bot.processor | bot.processor:process:109 | 📥 UpdateProcessor.process called | token=7039033833 | update_id=689715488 | has_message=False | has_callback=False
2026-04-23 13:40:27.227 | INFO     | bot.processor | bot.processor:process:123 | ✅ Bot instance acquired | username=testingmodeonbot
2026-04-23 13:40:28.240 | INFO     | bot.processor | bot.processor:process:109 | 📥 UpdateProcessor.process called | token=7039033833 | update_id=689715489 | has_message=False | has_callback=False
2026-04-23 13:40:28.241 | INFO     | bot.processor | bot.processor:process:123 | ✅ Bot instance acquired | username=testingmodeonbot
2026-04-23 13:42:54.294 | INFO     | bot.processor | bot.processor:process:109 | 📥 UpdateProcessor.process called | token=7039033833 | update_id=689715490 | has_message=False | has_callback=False
2026-04-23 13:42:54.295 | INFO     | bot.processor | bot.processor:process:123 | ✅ Bot instance acquired | username=testingmodeonbot
2026-04-23 14:04:22.829 | INFO     | bot.processor | bot.processor:process:109 | 📥 UpdateProcessor.process called | token=7039033833 | update_id=689715491 | has_message=False | has_callback=False
2026-04-23 14:04:22.830 | INFO     | bot.processor | bot.processor:process:123 | ✅ Bot instance acquired | username=testingmodeonbot
2026-04-23 14:09:49.254 | INFO     | bot.processor | bot.processor:process:109 | 📥 UpdateProcessor.process called | token=7039033833 | update_id=689715492 | has_message=False | has_callback=False
2026-04-23 14:09:49.255 | INFO     | bot.processor | bot.processor:process:123 | ✅ Bot instance acquired | username=testingmodeonbot
2026-04-23 14:32:09.870 | INFO     | bot.processor | bot.processor:process:109 | 📥 UpdateProcessor.process called | token=7039033833 | update_id=689715493 | has_message=True | has_callback=False
2026-04-23 14:32:09.870 | INFO     | bot.processor | bot.processor:process:123 | ✅ Bot instance acquired | username=testingmodeonbot
2026-04-23 14:32:09.897 | INFO     | bot.processor | bot.processor:_handle_message:217 | 💬 Handling message | user_id=6597464835 | chat_id=6597464835 | text=s
2026-04-23 14:32:13.643 | INFO     | bot.processor | bot.processor:process:109 | 📥 UpdateProcessor.process called | token=7039033833 | update_id=689715494 | has_message=True | has_callback=False
2026-04-23 14:32:13.644 | INFO     | bot.processor | bot.processor:process:123 | ✅ Bot instance acquired | username=testingmodeonbot
2026-04-23 14:32:13.664 | INFO     | bot.processor | bot.processor:_handle_message:217 | 💬 Handling message | user_id=6597464835 | chat_id=6597464835 | text=https://www.instagram.com/reel/DXbWPDFiDh0/?utm_source=ig_web_copy_link&igsh=NTc4MTIwNjQ2YQ==
2026-04-23 14:32:13.861 | INFO     | bot.processor | bot.processor:_handle_direct_download:820 | 📥 Direct download started | platform=instagram | url=https://www.instagram.com/reel/DXbWPDFiDh0/?utm_source=ig_web_copy_link&igsh=NTc
2026-04-23 14:32:13.994 | INFO     | bot.processor | bot.processor:_process_download:889 | ⬇️ Starting download | user_id=6597464835 | url=https://www.instagram.com/reel/DXbWPDFiDh0/?utm_source=ig_web_copy_link&igsh=NTc | platform=instagram
2026-04-23 14:32:30.244 | INFO     | bot.processor | bot.processor:_process_download:903 | ✅ Download completed | user_id=6597464835 | success=True | error=None
2026-04-23 14:32:31.658 | DEBUG    | bot.processor | bot.processor:_save_download_record:1232 | Download record saved | user_id=1 | total_downloads=7
2026-04-23 14:32:31.659 | DEBUG    | bot.processor | bot.processor:_process_download:980 | Download record saved (new) | user_id=6597464835 | url=https://www.instagram.com/reel/DXbWPDFiDh0/?utm_source=ig_we
2026-04-23 14:32:31.837 | INFO     | bot.processor | bot.processor:_send_post_download_ad:1456 | No post-download ad found for bot | bot_id=7039033833
2026-04-23 14:32:44.424 | INFO     | bot.processor | bot.processor:process:109 | 📥 UpdateProcessor.process called | token=7039033833 | update_id=689715495 | has_message=True | has_callback=False
2026-04-23 14:32:44.425 | INFO     | bot.processor | bot.processor:process:123 | ✅ Bot instance acquired | username=testingmodeonbot
2026-04-23 14:32:44.444 | INFO     | bot.processor | bot.processor:_handle_message:217 | 💬 Handling message | user_id=6597464835 | chat_id=6597464835 | text=https://www.instagram.com/reel/DXbWPDFiDh0/?utm_source=ig_web_copy_link&igsh=NTc4MTIwNjQ2YQ==
2026-04-23 14:32:44.801 | INFO     | bot.processor | bot.processor:_handle_direct_download:820 | 📥 Direct download started | platform=instagram | url=https://www.instagram.com/reel/DXbWPDFiDh0/?utm_source=ig_web_copy_link&igsh=NTc
2026-04-23 14:32:44.947 | INFO     | bot.processor | bot.processor:_process_download:889 | ⬇️ Starting download | user_id=6597464835 | url=https://www.instagram.com/reel/DXbWPDFiDh0/?utm_source=ig_web_copy_link&igsh=NTc | platform=instagram
2026-04-23 14:32:45.086 | INFO     | bot.processor | bot.processor:_process_download:903 | ✅ Download completed | user_id=6597464835 | success=True | error=None
2026-04-23 14:32:45.348 | DEBUG    | bot.processor | bot.processor:_process_download:982 | Cache hit — not counting as new download | user_id=6597464835
2026-04-23 14:32:45.463 | INFO     | bot.processor | bot.processor:_send_post_download_ad:1456 | No post-download ad found for bot | bot_id=7039033833
2026-04-23 14:32:57.637 | INFO     | bot.processor | bot.processor:process:109 | 📥 UpdateProcessor.process called | token=7039033833 | update_id=689715496 | has_message=True | has_callback=False
2026-04-23 14:32:57.638 | INFO     | bot.processor | bot.processor:process:123 | ✅ Bot instance acquired | username=testingmodeonbot
2026-04-23 14:32:57.654 | INFO     | bot.processor | bot.processor:_handle_message:217 | 💬 Handling message | user_id=6597464835 | chat_id=6597464835 | text=https://www.instagram.com/reel/DXdZ5J6odS8/?utm_source=ig_web_copy_link&igsh=NTc4MTIwNjQ2YQ==
2026-04-23 14:32:57.790 | INFO     | bot.processor | bot.processor:_handle_direct_download:820 | 📥 Direct download started | platform=instagram | url=https://www.instagram.com/reel/DXdZ5J6odS8/?utm_source=ig_web_copy_link&igsh=NTc
2026-04-23 14:32:57.921 | INFO     | bot.processor | bot.processor:_process_download:889 | ⬇️ Starting download | user_id=6597464835 | url=https://www.instagram.com/reel/DXdZ5J6odS8/?utm_source=ig_web_copy_link&igsh=NTc | platform=instagram
2026-04-23 14:33:08.636 | INFO     | bot.processor | bot.processor:_process_download:903 | ✅ Download completed | user_id=6597464835 | success=True | error=None
2026-04-23 14:33:09.061 | DEBUG    | bot.processor | bot.processor:_save_download_record:1232 | Download record saved | user_id=1 | total_downloads=8
2026-04-23 14:33:09.062 | DEBUG    | bot.processor | bot.processor:_process_download:980 | Download record saved (new) | user_id=6597464835 | url=https://www.instagram.com/reel/DXdZ5J6odS8/?utm_source=ig_we
2026-04-23 14:33:09.249 | INFO     | bot.processor | bot.processor:_send_post_download_ad:1456 | No post-download ad found for bot | bot_id=7039033833
2026-04-23 14:33:10.903 | INFO     | bot.processor | bot.processor:process:109 | 📥 UpdateProcessor.process called | token=7039033833 | update_id=689715497 | has_message=True | has_callback=False
2026-04-23 14:33:10.904 | INFO     | bot.processor | bot.processor:process:123 | ✅ Bot instance acquired | username=testingmodeonbot
2026-04-23 14:33:10.921 | INFO     | bot.processor | bot.processor:_handle_message:217 | 💬 Handling message | user_id=6597464835 | chat_id=6597464835 | text=https://www.instagram.com/reel/DXdZ5J6odS8/?utm_source=ig_web_copy_link&igsh=NTc4MTIwNjQ2YQ==
2026-04-23 14:33:11.152 | INFO     | bot.processor | bot.processor:_handle_direct_download:820 | 📥 Direct download started | platform=instagram | url=https://www.instagram.com/reel/DXdZ5J6odS8/?utm_source=ig_web_copy_link&igsh=NTc
2026-04-23 14:33:11.279 | INFO     | bot.processor | bot.processor:_process_download:889 | ⬇️ Starting download | user_id=6597464835 | url=https://www.instagram.com/reel/DXdZ5J6odS8/?utm_source=ig_web_copy_link&igsh=NTc | platform=instagram
2026-04-23 14:33:11.400 | INFO     | bot.processor | bot.processor:_process_download:903 | ✅ Download completed | user_id=6597464835 | success=True | error=None
2026-04-23 14:33:11.646 | DEBUG    | bot.processor | bot.processor:_process_download:982 | Cache hit — not counting as new download | user_id=6597464835
2026-04-23 14:33:11.770 | INFO     | bot.processor | bot.processor:_send_post_download_ad:1456 | No post-download ad found for bot | bot_id=7039033833
2026-04-23 14:33:24.742 | INFO     | bot.processor | bot.processor:process:109 | 📥 UpdateProcessor.process called | token=7039033833 | update_id=689715498 | has_message=True | has_callback=False
2026-04-23 14:33:24.743 | INFO     | bot.processor | bot.processor:process:123 | ✅ Bot instance acquired | username=testingmodeonbot
2026-04-23 14:33:24.754 | INFO     | bot.processor | bot.processor:_handle_message:217 | 💬 Handling message | user_id=6597464835 | chat_id=6597464835 | text=https://www.instagram.com/p/DXdkCnfCPbK/?utm_source=ig_web_copy_link&igsh=NTc4MTIwNjQ2YQ==
2026-04-23 14:33:24.886 | INFO     | bot.processor | bot.processor:_handle_direct_download:820 | 📥 Direct download started | platform=instagram | url=https://www.instagram.com/p/DXdkCnfCPbK/?utm_source=ig_web_copy_link&igsh=NTc4MT
2026-04-23 14:33:25.007 | INFO     | bot.processor | bot.processor:_process_download:889 | ⬇️ Starting download | user_id=6597464835 | url=https://www.instagram.com/p/DXdkCnfCPbK/?utm_source=ig_web_copy_link&igsh=NTc4MT | platform=instagram
2026-04-23 14:33:34.109 | INFO     | bot.processor | bot.processor:_process_download:903 | ✅ Download completed | user_id=6597464835 | success=True | error=None
2026-04-23 14:33:34.872 | DEBUG    | bot.processor | bot.processor:_save_download_record:1232 | Download record saved | user_id=1 | total_downloads=9
2026-04-23 14:33:34.873 | DEBUG    | bot.processor | bot.processor:_process_download:980 | Download record saved (new) | user_id=6597464835 | url=https://www.instagram.com/p/DXdkCnfCPbK/?utm_source=ig_web_c
2026-04-23 14:33:34.984 | INFO     | bot.processor | bot.processor:_send_post_download_ad:1456 | No post-download ad found for bot | bot_id=7039033833
2026-04-23 14:33:36.476 | INFO     | bot.processor | bot.processor:process:109 | 📥 UpdateProcessor.process called | token=7039033833 | update_id=689715499 | has_message=True | has_callback=False
2026-04-23 14:33:36.477 | INFO     | bot.processor | bot.processor:process:123 | ✅ Bot instance acquired | username=testingmodeonbot
2026-04-23 14:33:36.499 | INFO     | bot.processor | bot.processor:_handle_message:217 | 💬 Handling message | user_id=6597464835 | chat_id=6597464835 | text=https://www.instagram.com/p/DXdkCnfCPbK/?utm_source=ig_web_copy_link&igsh=NTc4MTIwNjQ2YQ==
2026-04-23 14:33:36.622 | INFO     | bot.processor | bot.processor:_handle_direct_download:820 | 📥 Direct download started | platform=instagram | url=https://www.instagram.com/p/DXdkCnfCPbK/?utm_source=ig_web_copy_link&igsh=NTc4MT
2026-04-23 14:33:36.745 | INFO     | bot.processor | bot.processor:_process_download:889 | ⬇️ Starting download | user_id=6597464835 | url=https://www.instagram.com/p/DXdkCnfCPbK/?utm_source=ig_web_copy_link&igsh=NTc4MT | platform=instagram
2026-04-23 14:33:36.873 | INFO     | bot.processor | bot.processor:_process_download:903 | ✅ Download completed | user_id=6597464835 | success=True | error=None
2026-04-23 14:33:37.123 | DEBUG    | bot.processor | bot.processor:_process_download:982 | Cache hit — not counting as new download | user_id=6597464835
2026-04-23 14:33:37.232 | INFO     | bot.processor | bot.processor:_send_post_download_ad:1456 | No post-download ad found for bot | bot_id=7039033833
2026-04-23 14:33:52.288 | INFO     | bot.processor | bot.processor:process:109 | 📥 UpdateProcessor.process called | token=7039033833 | update_id=689715500 | has_message=True | has_callback=False
2026-04-23 14:33:52.288 | INFO     | bot.processor | bot.processor:process:123 | ✅ Bot instance acquired | username=testingmodeonbot
2026-04-23 14:33:52.307 | INFO     | bot.processor | bot.processor:_handle_message:217 | 💬 Handling message | user_id=6597464835 | chat_id=6597464835 | text=https://www.instagram.com/reels/DXdjmBCgpBd/
2026-04-23 14:33:52.695 | INFO     | bot.processor | bot.processor:_handle_direct_download:820 | 📥 Direct download started | platform=instagram | url=https://www.instagram.com/reels/DXdjmBCgpBd/
2026-04-23 14:33:52.829 | INFO     | bot.processor | bot.processor:_process_download:889 | ⬇️ Starting download | user_id=6597464835 | url=https://www.instagram.com/reels/DXdjmBCgpBd/ | platform=instagram
2026-04-23 14:34:02.379 | INFO     | bot.processor | bot.processor:_process_download:903 | ✅ Download completed | user_id=6597464835 | success=True | error=None
2026-04-23 14:34:03.120 | DEBUG    | bot.processor | bot.processor:_save_download_record:1232 | Download record saved | user_id=1 | total_downloads=10
2026-04-23 14:34:03.122 | DEBUG    | bot.processor | bot.processor:_process_download:980 | Download record saved (new) | user_id=6597464835 | url=https://www.instagram.com/reels/DXdjmBCgpBd/
2026-04-23 14:34:03.245 | INFO     | bot.processor | bot.processor:_send_post_download_ad:1456 | No post-download ad found for bot | bot_id=7039033833
2026-04-23 14:34:06.591 | INFO     | bot.processor | bot.processor:process:109 | 📥 UpdateProcessor.process called | token=7039033833 | update_id=689715501 | has_message=True | has_callback=False
2026-04-23 14:34:06.591 | INFO     | bot.processor | bot.processor:process:123 | ✅ Bot instance acquired | username=testingmodeonbot
2026-04-23 14:34:06.603 | INFO     | bot.processor | bot.processor:_handle_message:217 | 💬 Handling message | user_id=6597464835 | chat_id=6597464835 | text=https://www.instagram.com/reels/DXdjmBCgpBd/
2026-04-23 14:34:06.738 | INFO     | bot.processor | bot.processor:_handle_direct_download:820 | 📥 Direct download started | platform=instagram | url=https://www.instagram.com/reels/DXdjmBCgpBd/
2026-04-23 14:34:06.872 | INFO     | bot.processor | bot.processor:_process_download:889 | ⬇️ Starting download | user_id=6597464835 | url=https://www.instagram.com/reels/DXdjmBCgpBd/ | platform=instagram
2026-04-23 14:34:07.075 | INFO     | bot.processor | bot.processor:_process_download:903 | ✅ Download completed | user_id=6597464835 | success=True | error=None
2026-04-23 14:34:07.330 | DEBUG    | bot.processor | bot.processor:_process_download:982 | Cache hit — not counting as new download | user_id=6597464835
2026-04-23 14:34:07.452 | INFO     | bot.processor | bot.processor:_send_post_download_ad:1456 | No post-download ad found for bot | bot_id=7039033833
2026-04-23 14:34:28.903 | INFO     | bot.processor | bot.processor:process:109 | 📥 UpdateProcessor.process called | token=7039033833 | update_id=689715502 | has_message=True | has_callback=False
2026-04-23 14:34:28.904 | INFO     | bot.processor | bot.processor:process:123 | ✅ Bot instance acquired | username=testingmodeonbot
2026-04-23 14:34:28.942 | INFO     | bot.processor | bot.processor:_handle_message:217 | 💬 Handling message | user_id=6597464835 | chat_id=6597464835 | text=https://ru.pinterest.com/pin/586312445283478960/
2026-04-23 14:34:29.314 | INFO     | bot.processor | bot.processor:_handle_direct_download:820 | 📥 Direct download started | platform=pinterest | url=https://ru.pinterest.com/pin/586312445283478960/
2026-04-23 14:34:29.440 | INFO     | bot.processor | bot.processor:_process_download:889 | ⬇️ Starting download | user_id=6597464835 | url=https://ru.pinterest.com/pin/586312445283478960/ | platform=pinterest
2026-04-23 14:34:37.376 | INFO     | bot.processor | bot.processor:_process_download:903 | ✅ Download completed | user_id=6597464835 | success=True | error=None
2026-04-23 14:34:37.977 | DEBUG    | bot.processor | bot.processor:_save_download_record:1232 | Download record saved | user_id=1 | total_downloads=11
2026-04-23 14:34:37.979 | DEBUG    | bot.processor | bot.processor:_process_download:980 | Download record saved (new) | user_id=6597464835 | url=https://ru.pinterest.com/pin/586312445283478960/
2026-04-23 14:34:38.098 | INFO     | bot.processor | bot.processor:_send_post_download_ad:1456 | No post-download ad found for bot | bot_id=7039033833
2026-04-23 14:34:49.011 | INFO     | bot.processor | bot.processor:process:109 | 📥 UpdateProcessor.process called | token=7039033833 | update_id=689715503 | has_message=True | has_callback=False
2026-04-23 14:34:49.017 | INFO     | bot.processor | bot.processor:process:123 | ✅ Bot instance acquired | username=testingmodeonbot
2026-04-23 14:34:49.059 | INFO     | bot.processor | bot.processor:_handle_message:217 | 💬 Handling message | user_id=6597464835 | chat_id=6597464835 | text=https://ru.pinterest.com/pin/1146306911419188888/
2026-04-23 14:34:49.234 | INFO     | bot.processor | bot.processor:_handle_direct_download:820 | 📥 Direct download started | platform=pinterest | url=https://ru.pinterest.com/pin/1146306911419188888/
2026-04-23 14:34:49.389 | INFO     | bot.processor | bot.processor:_process_download:889 | ⬇️ Starting download | user_id=6597464835 | url=https://ru.pinterest.com/pin/1146306911419188888/ | platform=pinterest
2026-04-23 14:34:54.630 | INFO     | bot.processor | bot.processor:_process_download:903 | ✅ Download completed | user_id=6597464835 | success=True | error=None
2026-04-23 14:34:55.107 | DEBUG    | bot.processor | bot.processor:_save_download_record:1232 | Download record saved | user_id=1 | total_downloads=12
2026-04-23 14:34:55.113 | DEBUG    | bot.processor | bot.processor:_process_download:980 | Download record saved (new) | user_id=6597464835 | url=https://ru.pinterest.com/pin/1146306911419188888/
2026-04-23 14:34:55.239 | INFO     | bot.processor | bot.processor:_send_post_download_ad:1456 | No post-download ad found for bot | bot_id=7039033833
2026-04-23 14:36:08.956 | INFO     | bot.processor | bot.processor:process:109 | 📥 UpdateProcessor.process called | token=7039033833 | update_id=689715504 | has_message=True | has_callback=False
2026-04-23 14:36:08.958 | INFO     | bot.processor | bot.processor:process:123 | ✅ Bot instance acquired | username=testingmodeonbot
2026-04-23 14:36:08.975 | INFO     | bot.processor | bot.processor:_handle_message:217 | 💬 Handling message | user_id=6597464835 | chat_id=6597464835 | text=https://www.youtube.com/watch?v=XpTfpZlrfwk
2026-04-23 14:36:28.976 | INFO     | bot.processor | bot.processor:process:109 | 📥 UpdateProcessor.process called | token=7039033833 | update_id=689715505 | has_message=False | has_callback=True
2026-04-23 14:36:28.976 | INFO     | bot.processor | bot.processor:process:123 | ✅ Bot instance acquired | username=testingmodeonbot
2026-04-23 14:36:29.241 | INFO     | bot.processor | bot.processor:_process_download:889 | ⬇️ Starting download | user_id=6597464835 | url=https://www.youtube.com/watch?v=XpTfpZlrfwk | platform=youtube
2026-04-23 14:36:52.470 | INFO     | bot.processor | bot.processor:_process_download:903 | ✅ Download completed | user_id=6597464835 | success=True | error=None
2026-04-23 14:36:53.151 | DEBUG    | bot.processor | bot.processor:_save_download_record:1232 | Download record saved | user_id=1 | total_downloads=13
2026-04-23 14:36:53.152 | DEBUG    | bot.processor | bot.processor:_process_download:980 | Download record saved (new) | user_id=6597464835 | url=https://www.youtube.com/watch?v=XpTfpZlrfwk
2026-04-23 14:36:53.282 | INFO     | bot.processor | bot.processor:_send_post_download_ad:1456 | No post-download ad found for bot | bot_id=7039033833
2026-04-23 14:36:55.191 | INFO     | bot.processor | bot.processor:process:109 | 📥 UpdateProcessor.process called | token=7039033833 | update_id=689715506 | has_message=True | has_callback=False
2026-04-23 14:36:55.191 | INFO     | bot.processor | bot.processor:process:123 | ✅ Bot instance acquired | username=testingmodeonbot
2026-04-23 14:36:55.203 | INFO     | bot.processor | bot.processor:_handle_message:217 | 💬 Handling message | user_id=6597464835 | chat_id=6597464835 | text=https://www.youtube.com/watch?v=XpTfpZlrfwk
2026-04-23 14:37:01.801 | INFO     | bot.processor | bot.processor:process:109 | 📥 UpdateProcessor.process called | token=7039033833 | update_id=689715507 | has_message=False | has_callback=True
2026-04-23 14:37:01.802 | INFO     | bot.processor | bot.processor:process:123 | ✅ Bot instance acquired | username=testingmodeonbot
2026-04-23 14:37:02.211 | INFO     | bot.processor | bot.processor:_process_download:889 | ⬇️ Starting download | user_id=6597464835 | url=https://www.youtube.com/watch?v=XpTfpZlrfwk | platform=youtube
2026-04-23 14:37:02.388 | INFO     | bot.processor | bot.processor:_process_download:903 | ✅ Download completed | user_id=6597464835 | success=True | error=None
2026-04-23 14:37:02.648 | DEBUG    | bot.processor | bot.processor:_process_download:982 | Cache hit — not counting as new download | user_id=6597464835
2026-04-23 14:37:02.763 | INFO     | bot.processor | bot.processor:_send_post_download_ad:1456 | No post-download ad found for bot | bot_id=7039033833
2026-04-23 14:43:26.597 | INFO     | bot.processor | bot.processor:process:109 | 📥 UpdateProcessor.process called | token=7039033833 | update_id=689715508 | has_message=False | has_callback=False
2026-04-23 14:43:26.598 | INFO     | bot.processor | bot.processor:process:123 | ✅ Bot instance acquired | username=testingmodeonbot
2026-04-23 14:51:18.183 | INFO     | bot.processor | bot.processor:process:109 | 📥 UpdateProcessor.process called | token=7039033833 | update_id=689715509 | has_message=False | has_callback=False
2026-04-23 14:51:18.183 | INFO     | bot.processor | bot.processor:process:123 | ✅ Bot instance acquired | username=testingmodeonbot
2026-04-23 14:55:21.428 | INFO     | bot.processor | bot.processor:process:109 | 📥 UpdateProcessor.process called | token=7039033833 | update_id=689715510 | has_message=False | has_callback=False
2026-04-23 14:55:21.429 | INFO     | bot.processor | bot.processor:process:123 | ✅ Bot instance acquired | username=testingmodeonbot
2026-04-23 15:18:03.316 | INFO     | bot.processor | bot.processor:process:109 | 📥 UpdateProcessor.process called | token=7039033833 | update_id=689715511 | has_message=False | has_callback=False
2026-04-23 15:18:03.317 | INFO     | bot.processor | bot.processor:process:123 | ✅ Bot instance acquired | username=testingmodeonbot
2026-04-23 15:19:37.434 | INFO     | bot.processor | bot.processor:process:109 | 📥 UpdateProcessor.process called | token=7039033833 | update_id=689715512 | has_message=False | has_callback=False
2026-04-23 15:19:37.435 | INFO     | bot.processor | bot.processor:process:123 | ✅ Bot instance acquired | username=testingmodeonbot
2026-04-23 15:24:36.780 | INFO     | bot.processor | bot.processor:process:109 | 📥 UpdateProcessor.process called | token=7039033833 | update_id=689715513 | has_message=False | has_callback=False
2026-04-23 15:24:36.782 | INFO     | bot.processor | bot.processor:process:123 | ✅ Bot instance acquired | username=testingmodeonbot
2026-04-23 15:24:51.660 | INFO     | bot.processor | bot.processor:process:109 | 📥 UpdateProcessor.process called | token=7039033833 | update_id=689715514 | has_message=False | has_callback=False
2026-04-23 15:24:51.660 | INFO     | bot.processor | bot.processor:process:123 | ✅ Bot instance acquired | username=testingmodeonbot
2026-04-23 15:26:08.342 | INFO     | bot.processor | bot.processor:process:109 | 📥 UpdateProcessor.process called | token=7039033833 | update_id=689715515 | has_message=False | has_callback=False
2026-04-23 15:26:08.342 | INFO     | bot.processor | bot.processor:process:123 | ✅ Bot instance acquired | username=testingmodeonbot
2026-04-23 15:26:55.200 | INFO     | bot.processor | bot.processor:process:109 | 📥 UpdateProcessor.process called | token=7039033833 | update_id=689715516 | has_message=False | has_callback=False
2026-04-23 15:26:55.201 | INFO     | bot.processor | bot.processor:process:123 | ✅ Bot instance acquired | username=testingmodeonbot
2026-04-23 15:29:37.315 | INFO     | bot.processor | bot.processor:process:109 | 📥 UpdateProcessor.process called | token=7039033833 | update_id=689715517 | has_message=False | has_callback=False
2026-04-23 15:29:37.316 | INFO     | bot.processor | bot.processor:process:123 | ✅ Bot instance acquired | username=testingmodeonbot
2026-04-23 15:52:27.330 | INFO     | bot.processor | bot.processor:process:109 | 📥 UpdateProcessor.process called | token=7039033833 | update_id=689715518 | has_message=False | has_callback=False
2026-04-23 15:52:27.331 | INFO     | bot.processor | bot.processor:process:123 | ✅ Bot instance acquired | username=testingmodeonbot
2026-04-23 15:55:10.987 | INFO     | bot.processor | bot.processor:process:110 | 📥 UpdateProcessor.process called | token=7039033833 | update_id=689715519 | has_message=True | has_callback=False
2026-04-23 15:55:10.992 | INFO     | bot.processor | bot.processor:process:124 | ✅ Bot instance acquired | username=testingmodeonbot
2026-04-23 15:55:11.081 | INFO     | bot.processor | bot.processor:_handle_message:218 | 💬 Handling message | user_id=6597464835 | chat_id=6597464835 | text=find . -type d -name "pycache" -exec rm -rf {} + && find . -type d -name ".pytest_cache" -exec rm -r
2026-04-23 15:55:18.238 | INFO     | bot.processor | bot.processor:process:110 | 📥 UpdateProcessor.process called | token=7039033833 | update_id=689715520 | has_message=True | has_callback=False
2026-04-23 15:55:18.241 | INFO     | bot.processor | bot.processor:process:124 | ✅ Bot instance acquired | username=testingmodeonbot
2026-04-23 15:55:18.277 | INFO     | bot.processor | bot.processor:_handle_message:218 | 💬 Handling message | user_id=6597464835 | chat_id=6597464835 | text=https://ru.pinterest.com/pin/1146306911419188888/
2026-04-23 15:55:18.441 | INFO     | bot.processor | bot.processor:_handle_direct_download:821 | 📥 Direct download started | platform=pinterest | url=https://ru.pinterest.com/pin/1146306911419188888/
2026-04-23 15:55:18.577 | INFO     | bot.processor | bot.processor:_process_download:890 | ⬇️ Starting download | user_id=6597464835 | url=https://ru.pinterest.com/pin/1146306911419188888/ | platform=pinterest
2026-04-23 15:55:18.712 | INFO     | bot.processor | bot.processor:_process_download:904 | ✅ Download completed | user_id=6597464835 | success=True | error=None
2026-04-23 15:55:18.970 | DEBUG    | bot.processor | bot.processor:_process_download:983 | Cache hit — not counting as new download | user_id=6597464835
2026-04-23 15:55:19.105 | INFO     | bot.processor | bot.processor:_send_post_download_ad:1460 | Found ad to send | ad_id=1 | ad_name=Иш Топиш | media_type=none | has_content=True
2026-04-23 15:55:19.212 | WARNING  | bot.processor | bot.processor:_send_post_download_ad:1513 | Ad content has invalid HTML, retrying as plain text | ad_id=1
2026-04-23 15:55:19.350 | INFO     | bot.processor | bot.processor:_send_post_download_ad:1516 | Ad sent as plain text | chat_id=6597464835
2026-04-23 15:59:17.749 | INFO     | bot.processor | bot.processor:process:109 | 📥 UpdateProcessor.process called | token=7039033833 | update_id=689715521 | has_message=False | has_callback=False
2026-04-23 15:59:17.750 | INFO     | bot.processor | bot.processor:process:123 | ✅ Bot instance acquired | username=testingmodeonbot
2026-04-23 16:18:36.564 | INFO     | bot.processor | bot.processor:process:109 | 📥 UpdateProcessor.process called | token=7039033833 | update_id=689715522 | has_message=False | has_callback=False
2026-04-23 16:18:36.564 | INFO     | bot.processor | bot.processor:process:123 | ✅ Bot instance acquired | username=testingmodeonbot
2026-04-23 16:38:18.437 | INFO     | bot.processor | bot.processor:process:110 | 📥 UpdateProcessor.process called | token=7039033833 | update_id=689715523 | has_message=False | has_callback=False
2026-04-23 16:38:18.438 | INFO     | bot.processor | bot.processor:process:124 | ✅ Bot instance acquired | username=testingmodeonbot
2026-04-23 16:39:22.858 | INFO     | bot.processor | bot.processor:process:109 | 📥 UpdateProcessor.process called | token=7039033833 | update_id=689715524 | has_message=False | has_callback=False
2026-04-23 16:39:22.859 | INFO     | bot.processor | bot.processor:process:123 | ✅ Bot instance acquired | username=testingmodeonbot
2026-04-23 16:51:21.621 | INFO     | bot.processor | bot.processor:process:109 | 📥 UpdateProcessor.process called | token=7039033833 | update_id=689715525 | has_message=False | has_callback=False
2026-04-23 16:51:21.622 | INFO     | bot.processor | bot.processor:process:123 | ✅ Bot instance acquired | username=testingmodeonbot
2026-04-23 19:57:01.266 | INFO     | bot.processor | bot.processor:process:110 | 📥 UpdateProcessor.process called | token=7039033833 | update_id=689715526 | has_message=False | has_callback=False
2026-04-23 19:57:01.266 | INFO     | bot.processor | bot.processor:process:124 | ✅ Bot instance acquired | username=testingmodeonbot
2026-04-23 19:59:04.275 | INFO     | bot.processor | bot.processor:process:110 | 📥 UpdateProcessor.process called | token=7039033833 | update_id=689715527 | has_message=False | has_callback=False
2026-04-23 19:59:04.275 | INFO     | bot.processor | bot.processor:process:124 | ✅ Bot instance acquired | username=testingmodeonbot
2026-04-23 20:08:43.246 | INFO     | bot.processor | bot.processor:process:110 | 📥 UpdateProcessor.process called | token=7039033833 | update_id=689715528 | has_message=False | has_callback=False
2026-04-23 20:08:43.246 | INFO     | bot.processor | bot.processor:process:124 | ✅ Bot instance acquired | username=testingmodeonbot
2026-04-23 20:36:52.278 | INFO     | bot.processor | bot.processor:process:110 | 📥 UpdateProcessor.process called | token=7039033833 | update_id=689715529 | has_message=False | has_callback=False
2026-04-23 20:36:52.278 | INFO     | bot.processor | bot.processor:process:124 | ✅ Bot instance acquired | username=testingmodeonbot
2026-04-23 20:46:30.280 | INFO     | bot.processor | bot.processor:process:110 | 📥 UpdateProcessor.process called | token=7039033833 | update_id=689715530 | has_message=False | has_callback=False
2026-04-23 20:46:30.281 | INFO     | bot.processor | bot.processor:process:124 | ✅ Bot instance acquired | username=testingmodeonbot
2026-04-23 20:46:34.189 | INFO     | bot.processor | bot.processor:process:110 | 📥 UpdateProcessor.process called | token=7039033833 | update_id=689715531 | has_message=False | has_callback=False
2026-04-23 20:46:34.190 | INFO     | bot.processor | bot.processor:process:124 | ✅ Bot instance acquired | username=testingmodeonbot
2026-04-23 21:33:10.327 | INFO     | bot.processor | bot.processor:process:110 | 📥 UpdateProcessor.process called | token=7039033833 | update_id=689715532 | has_message=False | has_callback=False
2026-04-23 21:33:10.328 | INFO     | bot.processor | bot.processor:process:124 | ✅ Bot instance acquired | username=testingmodeonbot
2026-04-23 21:42:49.638 | INFO     | bot.processor | bot.processor:process:109 | 📥 UpdateProcessor.process called | token=7039033833 | update_id=689715533 | has_message=False | has_callback=False
2026-04-23 21:42:49.639 | INFO     | bot.processor | bot.processor:process:123 | ✅ Bot instance acquired | username=testingmodeonbot
2026-04-23 21:43:41.568 | INFO     | bot.processor | bot.processor:process:109 | 📥 UpdateProcessor.process called | token=7039033833 | update_id=689715534 | has_message=False | has_callback=False
2026-04-23 21:43:41.569 | INFO     | bot.processor | bot.processor:process:123 | ✅ Bot instance acquired | username=testingmodeonbot
2026-04-23 22:07:36.260 | INFO     | bot.processor | bot.processor:process:110 | 📥 UpdateProcessor.process called | token=7039033833 | update_id=689715535 | has_message=False | has_callback=False
2026-04-23 22:07:36.260 | INFO     | bot.processor | bot.processor:process:124 | ✅ Bot instance acquired | username=testingmodeonbot
2026-04-23 22:14:33.961 | INFO     | bot.processor | bot.processor:process:109 | 📥 UpdateProcessor.process called | token=7039033833 | update_id=689715536 | has_message=False | has_callback=False
2026-04-23 22:14:33.961 | INFO     | bot.processor | bot.processor:process:123 | ✅ Bot instance acquired | username=testingmodeonbot
2026-04-23 22:30:21.018 | INFO     | bot.processor | bot.processor:process:110 | 📥 UpdateProcessor.process called | token=7039033833 | update_id=689715537 | has_message=False | has_callback=False
2026-04-23 22:30:21.019 | INFO     | bot.processor | bot.processor:process:124 | ✅ Bot instance acquired | username=testingmodeonbot
2026-04-23 22:35:51.257 | INFO     | bot.processor | bot.processor:process:110 | 📥 UpdateProcessor.process called | token=7039033833 | update_id=689715538 | has_message=False | has_callback=False
2026-04-23 22:35:51.258 | INFO     | bot.processor | bot.processor:process:124 | ✅ Bot instance acquired | username=testingmodeonbot
