2026-04-27 16:41:00.442 | INFO     | bot.processor | bot.processor:process:112 | 📥 UpdateProcessor.process called | token=7039033833 | update_id=689715789 | has_message=True | has_callback=False
2026-04-27 16:41:00.443 | INFO     | bot.processor | bot.processor:process:126 | ✅ Bot instance acquired | username=testingmodeonbot
2026-04-27 16:41:00.537 | INFO     | bot.processor | bot.processor:_handle_message:220 | 💬 Handling message | user_id=6597464835 | chat_id=6597464835 | text=d
2026-04-27 16:41:02.587 | INFO     | bot.processor | bot.processor:process:112 | 📥 UpdateProcessor.process called | token=7039033833 | update_id=689715790 | has_message=True | has_callback=False
2026-04-27 16:41:02.588 | INFO     | bot.processor | bot.processor:process:126 | ✅ Bot instance acquired | username=testingmodeonbot
2026-04-27 16:41:02.616 | INFO     | bot.processor | bot.processor:_handle_message:220 | 💬 Handling message | user_id=6597464835 | chat_id=6597464835 | text=https://www.instagram.com/reel/DXoKs0bAnbg/?utm_source=ig_web_copy_link&igsh=NTc4MTIwNjQ2YQ==
2026-04-27 16:41:02.766 | INFO     | bot.processor | bot.processor:_handle_direct_download:824 | 📥 Direct download started | platform=instagram | url=https://www.instagram.com/reel/DXoKs0bAnbg/?utm_source=ig_web_copy_link&igsh=NTc
2026-04-27 16:41:02.891 | INFO     | bot.processor | bot.processor:_process_download:893 | ⬇️ Starting download | user_id=6597464835 | url=https://www.instagram.com/reel/DXoKs0bAnbg/?utm_source=ig_web_copy_link&igsh=NTc | platform=instagram
2026-04-27 16:41:13.938 | INFO     | bot.processor | bot.processor:_process_download:919 | ✅ Download completed | user_id=6597464835 | success=True | error=None
2026-04-27 16:41:14.603 | DEBUG    | bot.processor | bot.processor:_save_download_record:1251 | Download record saved | user_id=1 | total_downloads=26
2026-04-27 16:41:14.604 | DEBUG    | bot.processor | bot.processor:_process_download:996 | Download record saved (new) | user_id=6597464835 | url=https://www.instagram.com/reel/DXoKs0bAnbg/?utm_source=ig_we
2026-04-27 16:41:14.870 | INFO     | bot.processor | bot.processor:_send_post_download_ad:1479 | Found ad to send | ad_id=1 | ad_name=Иш Топиш | media_type=none | has_content=True
2026-04-27 16:41:15.016 | INFO     | bot.processor | bot.processor:_send_post_download_ad:1533 | Ad sent as text | chat_id=6597464835
2026-04-27 16:41:21.548 | INFO     | bot.processor | bot.processor:process:112 | 📥 UpdateProcessor.process called | token=7039033833 | update_id=689715791 | has_message=True | has_callback=False
2026-04-27 16:41:21.550 | INFO     | bot.processor | bot.processor:process:126 | ✅ Bot instance acquired | username=testingmodeonbot
2026-04-27 16:41:21.562 | INFO     | bot.processor | bot.processor:_handle_message:220 | 💬 Handling message | user_id=6597464835 | chat_id=6597464835 | text=https://www.instagram.com/reel/DXoKs0bAnbg/?utm_source=ig_web_copy_link&igsh=NTc4MTIwNjQ2YQ==
2026-04-27 16:41:21.692 | INFO     | bot.processor | bot.processor:_handle_direct_download:824 | 📥 Direct download started | platform=instagram | url=https://www.instagram.com/reel/DXoKs0bAnbg/?utm_source=ig_web_copy_link&igsh=NTc
2026-04-27 16:41:21.823 | INFO     | bot.processor | bot.processor:_process_download:893 | ⬇️ Starting download | user_id=6597464835 | url=https://www.instagram.com/reel/DXoKs0bAnbg/?utm_source=ig_web_copy_link&igsh=NTc | platform=instagram
2026-04-27 16:41:21.954 | INFO     | bot.processor | bot.processor:_process_download:919 | ✅ Download completed | user_id=6597464835 | success=True | error=None
2026-04-27 16:41:22.199 | DEBUG    | bot.processor | bot.processor:_process_download:998 | Cache hit — not counting as new download | user_id=6597464835
2026-04-27 16:41:22.320 | INFO     | bot.processor | bot.processor:_send_post_download_ad:1479 | Found ad to send | ad_id=1 | ad_name=Иш Топиш | media_type=none | has_content=True
2026-04-27 16:41:22.458 | INFO     | bot.processor | bot.processor:_send_post_download_ad:1533 | Ad sent as text | chat_id=6597464835
2026-04-27 16:41:35.344 | INFO     | bot.processor | bot.processor:process:112 | 📥 UpdateProcessor.process called | token=7039033833 | update_id=689715792 | has_message=True | has_callback=False
2026-04-27 16:41:35.344 | INFO     | bot.processor | bot.processor:process:126 | ✅ Bot instance acquired | username=testingmodeonbot
2026-04-27 16:41:35.390 | INFO     | bot.processor | bot.processor:_handle_message:220 | 💬 Handling message | user_id=6597464835 | chat_id=6597464835 | text=https://www.instagram.com/reel/DXmcSr0DCIK/?utm_source=ig_web_copy_link&igsh=NTc4MTIwNjQ2YQ==
2026-04-27 16:41:35.519 | INFO     | bot.processor | bot.processor:_handle_direct_download:824 | 📥 Direct download started | platform=instagram | url=https://www.instagram.com/reel/DXmcSr0DCIK/?utm_source=ig_web_copy_link&igsh=NTc
2026-04-27 16:41:35.678 | INFO     | bot.processor | bot.processor:_process_download:893 | ⬇️ Starting download | user_id=6597464835 | url=https://www.instagram.com/reel/DXmcSr0DCIK/?utm_source=ig_web_copy_link&igsh=NTc | platform=instagram
2026-04-27 16:41:45.057 | INFO     | bot.processor | bot.processor:_process_download:919 | ✅ Download completed | user_id=6597464835 | success=True | error=None
2026-04-27 16:41:45.704 | DEBUG    | bot.processor | bot.processor:_save_download_record:1251 | Download record saved | user_id=1 | total_downloads=27
2026-04-27 16:41:45.708 | DEBUG    | bot.processor | bot.processor:_process_download:996 | Download record saved (new) | user_id=6597464835 | url=https://www.instagram.com/reel/DXmcSr0DCIK/?utm_source=ig_we
2026-04-27 16:41:45.855 | INFO     | bot.processor | bot.processor:_send_post_download_ad:1479 | Found ad to send | ad_id=1 | ad_name=Иш Топиш | media_type=none | has_content=True
2026-04-27 16:41:46.067 | INFO     | bot.processor | bot.processor:_send_post_download_ad:1533 | Ad sent as text | chat_id=6597464835
2026-04-27 16:41:46.753 | INFO     | bot.processor | bot.processor:process:112 | 📥 UpdateProcessor.process called | token=7039033833 | update_id=689715793 | has_message=True | has_callback=False
2026-04-27 16:41:46.755 | INFO     | bot.processor | bot.processor:process:126 | ✅ Bot instance acquired | username=testingmodeonbot
2026-04-27 16:41:46.779 | INFO     | bot.processor | bot.processor:_handle_message:220 | 💬 Handling message | user_id=6597464835 | chat_id=6597464835 | text=https://www.instagram.com/reel/DXmcSr0DCIK/?utm_source=ig_web_copy_link&igsh=NTc4MTIwNjQ2YQ==
2026-04-27 16:41:46.936 | INFO     | bot.processor | bot.processor:_handle_direct_download:824 | 📥 Direct download started | platform=instagram | url=https://www.instagram.com/reel/DXmcSr0DCIK/?utm_source=ig_web_copy_link&igsh=NTc
2026-04-27 16:41:47.096 | INFO     | bot.processor | bot.processor:_process_download:893 | ⬇️ Starting download | user_id=6597464835 | url=https://www.instagram.com/reel/DXmcSr0DCIK/?utm_source=ig_web_copy_link&igsh=NTc | platform=instagram
2026-04-27 16:41:47.234 | INFO     | bot.processor | bot.processor:_process_download:919 | ✅ Download completed | user_id=6597464835 | success=True | error=None
2026-04-27 16:41:47.681 | DEBUG    | bot.processor | bot.processor:_process_download:998 | Cache hit — not counting as new download | user_id=6597464835
2026-04-27 16:41:47.853 | INFO     | bot.processor | bot.processor:_send_post_download_ad:1479 | Found ad to send | ad_id=1 | ad_name=Иш Топиш | media_type=none | has_content=True
2026-04-27 16:41:48.036 | INFO     | bot.processor | bot.processor:_send_post_download_ad:1533 | Ad sent as text | chat_id=6597464835
2026-04-27 16:42:11.015 | INFO     | bot.processor | bot.processor:process:112 | 📥 UpdateProcessor.process called | token=7039033833 | update_id=689715794 | has_message=True | has_callback=False
2026-04-27 16:42:11.015 | INFO     | bot.processor | bot.processor:process:126 | ✅ Bot instance acquired | username=testingmodeonbot
2026-04-27 16:42:11.028 | INFO     | bot.processor | bot.processor:_handle_message:220 | 💬 Handling message | user_id=6597464835 | chat_id=6597464835 | text=https://www.instagram.com/p/DXmYfbikvJp/?utm_source=ig_web_copy_link&igsh=NTc4MTIwNjQ2YQ==
2026-04-27 16:42:11.370 | INFO     | bot.processor | bot.processor:_handle_direct_download:824 | 📥 Direct download started | platform=instagram | url=https://www.instagram.com/p/DXmYfbikvJp/?utm_source=ig_web_copy_link&igsh=NTc4MT
2026-04-27 16:42:11.496 | INFO     | bot.processor | bot.processor:_process_download:893 | ⬇️ Starting download | user_id=6597464835 | url=https://www.instagram.com/p/DXmYfbikvJp/?utm_source=ig_web_copy_link&igsh=NTc4MT | platform=instagram
2026-04-27 16:42:23.751 | INFO     | bot.processor | bot.processor:_process_download:919 | ✅ Download completed | user_id=6597464835 | success=True | error=None
2026-04-27 16:42:24.457 | DEBUG    | bot.processor | bot.processor:_save_download_record:1251 | Download record saved | user_id=1 | total_downloads=28
2026-04-27 16:42:24.458 | DEBUG    | bot.processor | bot.processor:_process_download:996 | Download record saved (new) | user_id=6597464835 | url=https://www.instagram.com/p/DXmYfbikvJp/?utm_source=ig_web_c
2026-04-27 16:42:24.580 | INFO     | bot.processor | bot.processor:_send_post_download_ad:1479 | Found ad to send | ad_id=1 | ad_name=Иш Топиш | media_type=none | has_content=True
2026-04-27 16:42:24.713 | INFO     | bot.processor | bot.processor:_send_post_download_ad:1533 | Ad sent as text | chat_id=6597464835
2026-04-27 16:42:26.802 | INFO     | bot.processor | bot.processor:process:112 | 📥 UpdateProcessor.process called | token=7039033833 | update_id=689715795 | has_message=True | has_callback=False
2026-04-27 16:42:26.803 | INFO     | bot.processor | bot.processor:process:126 | ✅ Bot instance acquired | username=testingmodeonbot
2026-04-27 16:42:26.827 | INFO     | bot.processor | bot.processor:_handle_message:220 | 💬 Handling message | user_id=6597464835 | chat_id=6597464835 | text=https://www.instagram.com/p/DXmYfbikvJp/?utm_source=ig_web_copy_link&igsh=NTc4MTIwNjQ2YQ==
2026-04-27 16:42:26.951 | INFO     | bot.processor | bot.processor:_handle_direct_download:824 | 📥 Direct download started | platform=instagram | url=https://www.instagram.com/p/DXmYfbikvJp/?utm_source=ig_web_copy_link&igsh=NTc4MT
2026-04-27 16:42:27.094 | INFO     | bot.processor | bot.processor:_process_download:893 | ⬇️ Starting download | user_id=6597464835 | url=https://www.instagram.com/p/DXmYfbikvJp/?utm_source=ig_web_copy_link&igsh=NTc4MT | platform=instagram
2026-04-27 16:42:27.229 | INFO     | bot.processor | bot.processor:_process_download:919 | ✅ Download completed | user_id=6597464835 | success=True | error=None
2026-04-27 16:42:27.506 | DEBUG    | bot.processor | bot.processor:_process_download:998 | Cache hit — not counting as new download | user_id=6597464835
2026-04-27 16:42:27.633 | INFO     | bot.processor | bot.processor:_send_post_download_ad:1479 | Found ad to send | ad_id=1 | ad_name=Иш Топиш | media_type=none | has_content=True
2026-04-27 16:42:27.820 | INFO     | bot.processor | bot.processor:_send_post_download_ad:1533 | Ad sent as text | chat_id=6597464835
2026-04-27 16:43:37.434 | INFO     | bot.processor | bot.processor:process:112 | 📥 UpdateProcessor.process called | token=7039033833 | update_id=689715796 | has_message=True | has_callback=False
2026-04-27 16:43:37.435 | INFO     | bot.processor | bot.processor:process:126 | ✅ Bot instance acquired | username=testingmodeonbot
2026-04-27 16:43:37.459 | INFO     | bot.processor | bot.processor:_handle_message:220 | 💬 Handling message | user_id=6597464835 | chat_id=6597464835 | text=https://www.youtube.com/watch?v=-PDQJZ7dN1Q
2026-04-27 16:55:54.061 | INFO     | bot.processor | bot.processor:process:112 | 📥 UpdateProcessor.process called | token=7039033833 | update_id=689715797 | has_message=False | has_callback=False
2026-04-27 16:55:54.062 | INFO     | bot.processor | bot.processor:process:126 | ✅ Bot instance acquired | username=testingmodeonbot
2026-04-27 17:06:38.306 | INFO     | bot.processor | bot.processor:process:112 | 📥 UpdateProcessor.process called | token=7039033833 | update_id=689715798 | has_message=True | has_callback=False
2026-04-27 17:06:38.309 | INFO     | bot.processor | bot.processor:process:126 | ✅ Bot instance acquired | username=testingmodeonbot
2026-04-27 17:06:38.347 | INFO     | bot.processor | bot.processor:_handle_message:220 | 💬 Handling message | user_id=6597464835 | chat_id=6597464835 | text=https://www.youtube.com/watch?v=-PDQJZ7dN1Q
2026-04-27 17:17:00.949 | INFO     | bot.processor | bot.processor:process:112 | 📥 UpdateProcessor.process called | token=7039033833 | update_id=689715799 | has_message=True | has_callback=False
2026-04-27 17:17:00.949 | INFO     | bot.processor | bot.processor:process:126 | ✅ Bot instance acquired | username=testingmodeonbot
2026-04-27 17:17:00.966 | INFO     | bot.processor | bot.processor:_handle_message:220 | 💬 Handling message | user_id=6597464835 | chat_id=6597464835 | text=https://www.youtube.com/watch?v=-PDQJZ7dN1Q
2026-04-27 17:18:18.664 | INFO     | bot.processor | bot.processor:process:112 | 📥 UpdateProcessor.process called | token=7039033833 | update_id=689715800 | has_message=True | has_callback=False
2026-04-27 17:18:18.664 | INFO     | bot.processor | bot.processor:process:126 | ✅ Bot instance acquired | username=testingmodeonbot
2026-04-27 17:18:18.703 | INFO     | bot.processor | bot.processor:_handle_message:220 | 💬 Handling message | user_id=6597464835 | chat_id=6597464835 | text=https://www.youtube.com/watch?v=-PDQJZ7dN1Q
2026-04-27 17:27:44.951 | INFO     | bot.processor | bot.processor:process:112 | 📥 UpdateProcessor.process called | token=7039033833 | update_id=689715801 | has_message=True | has_callback=False
2026-04-27 17:27:44.951 | INFO     | bot.processor | bot.processor:process:126 | ✅ Bot instance acquired | username=testingmodeonbot
2026-04-27 17:27:45.005 | INFO     | bot.processor | bot.processor:_handle_message:220 | 💬 Handling message | user_id=6597464835 | chat_id=6597464835 | text=https://www.youtube.com/watch?v=-PDQJZ7dN1Q
2026-04-27 17:43:05.715 | INFO     | bot.processor | bot.processor:process:112 | 📥 UpdateProcessor.process called | token=7039033833 | update_id=689715805 | has_message=True | has_callback=False
2026-04-27 17:43:05.716 | INFO     | bot.processor | bot.processor:process:126 | ✅ Bot instance acquired | username=testingmodeonbot
2026-04-27 17:43:05.762 | INFO     | bot.processor | bot.processor:_handle_message:220 | 💬 Handling message | user_id=6597464835 | chat_id=6597464835 | text=https://www.youtube.com/watch?v=-PDQJZ7dN1Q
2026-04-27 17:45:16.784 | INFO     | bot.processor | bot.processor:process:112 | 📥 UpdateProcessor.process called | token=7039033833 | update_id=689715806 | has_message=False | has_callback=False
2026-04-27 17:45:16.785 | INFO     | bot.processor | bot.processor:process:126 | ✅ Bot instance acquired | username=testingmodeonbot
2026-04-27 17:47:52.785 | INFO     | bot.processor | bot.processor:process:112 | 📥 UpdateProcessor.process called | token=7039033833 | update_id=689715807 | has_message=False | has_callback=False
2026-04-27 17:47:52.786 | INFO     | bot.processor | bot.processor:process:126 | ✅ Bot instance acquired | username=testingmodeonbot
2026-04-27 17:51:36.293 | INFO     | bot.processor | bot.processor:process:112 | 📥 UpdateProcessor.process called | token=7039033833 | update_id=689715811 | has_message=True | has_callback=False
2026-04-27 17:51:36.294 | INFO     | bot.processor | bot.processor:process:126 | ✅ Bot instance acquired | username=testingmodeonbot
2026-04-27 17:51:36.440 | INFO     | bot.processor | bot.processor:_handle_message:220 | 💬 Handling message | user_id=6597464835 | chat_id=6597464835 | text=ы
2026-04-27 17:51:37.679 | INFO     | bot.processor | bot.processor:process:112 | 📥 UpdateProcessor.process called | token=7039033833 | update_id=689715812 | has_message=True | has_callback=False
2026-04-27 17:51:37.679 | INFO     | bot.processor | bot.processor:process:126 | ✅ Bot instance acquired | username=testingmodeonbot
2026-04-27 17:51:37.715 | INFO     | bot.processor | bot.processor:_handle_message:220 | 💬 Handling message | user_id=6597464835 | chat_id=6597464835 | text=https://www.youtube.com/watch?v=-PDQJZ7dN1Q
2026-04-27 17:53:23.182 | INFO     | bot.processor | bot.processor:process:112 | 📥 UpdateProcessor.process called | token=7039033833 | update_id=689715823 | has_message=True | has_callback=False
2026-04-27 17:53:23.183 | INFO     | bot.processor | bot.processor:process:126 | ✅ Bot instance acquired | username=testingmodeonbot
2026-04-27 17:53:23.200 | INFO     | bot.processor | bot.processor:_handle_message:220 | 💬 Handling message | user_id=6597464835 | chat_id=6597464835 | text=ы
2026-04-27 17:53:24.429 | INFO     | bot.processor | bot.processor:process:112 | 📥 UpdateProcessor.process called | token=7039033833 | update_id=689715824 | has_message=True | has_callback=False
2026-04-27 17:53:24.430 | INFO     | bot.processor | bot.processor:process:126 | ✅ Bot instance acquired | username=testingmodeonbot
2026-04-27 17:53:24.446 | INFO     | bot.processor | bot.processor:_handle_message:220 | 💬 Handling message | user_id=6597464835 | chat_id=6597464835 | text=https://www.youtube.com/watch?v=-PDQJZ7dN1Q
2026-04-27 18:02:37.712 | INFO     | bot.processor | bot.processor:process:112 | 📥 UpdateProcessor.process called | token=7039033833 | update_id=689715825 | has_message=True | has_callback=False
2026-04-27 18:02:37.715 | INFO     | bot.processor | bot.processor:process:126 | ✅ Bot instance acquired | username=testingmodeonbot
2026-04-27 18:02:37.746 | INFO     | bot.processor | bot.processor:_handle_message:220 | 💬 Handling message | user_id=6597464835 | chat_id=6597464835 | text=sa
2026-04-27 18:02:42.725 | INFO     | bot.processor | bot.processor:process:112 | 📥 UpdateProcessor.process called | token=7039033833 | update_id=689715826 | has_message=True | has_callback=False
2026-04-27 18:02:42.726 | INFO     | bot.processor | bot.processor:process:126 | ✅ Bot instance acquired | username=testingmodeonbot
2026-04-27 18:02:42.742 | INFO     | bot.processor | bot.processor:_handle_message:220 | 💬 Handling message | user_id=6597464835 | chat_id=6597464835 | text=https://www.youtube.com/watch?v=usXhiWE2Uc0
2026-04-27 18:07:37.495 | INFO     | bot.processor | bot.processor:process:112 | 📥 UpdateProcessor.process called | token=7039033833 | update_id=689715827 | has_message=True | has_callback=False
2026-04-27 18:07:37.496 | INFO     | bot.processor | bot.processor:process:126 | ✅ Bot instance acquired | username=testingmodeonbot
2026-04-27 18:07:37.526 | INFO     | bot.processor | bot.processor:_handle_message:220 | 💬 Handling message | user_id=6597464835 | chat_id=6597464835 | text=s
2026-04-27 18:07:38.701 | INFO     | bot.processor | bot.processor:process:112 | 📥 UpdateProcessor.process called | token=7039033833 | update_id=689715828 | has_message=True | has_callback=False
2026-04-27 18:07:38.702 | INFO     | bot.processor | bot.processor:process:126 | ✅ Bot instance acquired | username=testingmodeonbot
2026-04-27 18:07:38.761 | INFO     | bot.processor | bot.processor:_handle_message:220 | 💬 Handling message | user_id=6597464835 | chat_id=6597464835 | text=https://www.youtube.com/watch?v=usXhiWE2Uc0
2026-04-27 18:11:19.196 | INFO     | bot.processor | bot.processor:process:112 | 📥 UpdateProcessor.process called | token=7039033833 | update_id=689715830 | has_message=True | has_callback=False
2026-04-27 18:11:19.199 | INFO     | bot.processor | bot.processor:process:126 | ✅ Bot instance acquired | username=testingmodeonbot
2026-04-27 18:11:19.276 | INFO     | bot.processor | bot.processor:_handle_message:220 | 💬 Handling message | user_id=6597464835 | chat_id=6597464835 | text=s
2026-04-27 18:11:20.597 | INFO     | bot.processor | bot.processor:process:112 | 📥 UpdateProcessor.process called | token=7039033833 | update_id=689715831 | has_message=True | has_callback=False
2026-04-27 18:11:20.599 | INFO     | bot.processor | bot.processor:process:126 | ✅ Bot instance acquired | username=testingmodeonbot
2026-04-27 18:11:20.619 | INFO     | bot.processor | bot.processor:_handle_message:220 | 💬 Handling message | user_id=6597464835 | chat_id=6597464835 | text=https://www.youtube.com/watch?v=usXhiWE2Uc0
2026-04-27 18:40:25.560 | INFO     | bot.processor | bot.processor:process:112 | 📥 UpdateProcessor.process called | token=7039033833 | update_id=689715832 | has_message=False | has_callback=False
2026-04-27 18:40:25.561 | INFO     | bot.processor | bot.processor:process:126 | ✅ Bot instance acquired | username=testingmodeonbot
2026-04-27 19:45:25.316 | INFO     | bot.processor | bot.processor:process:112 | 📥 UpdateProcessor.process called | token=7039033833 | update_id=689715833 | has_message=False | has_callback=False
2026-04-27 19:45:25.316 | INFO     | bot.processor | bot.processor:process:126 | ✅ Bot instance acquired | username=testingmodeonbot
2026-04-27 20:05:49.312 | INFO     | bot.processor | bot.processor:process:112 | 📥 UpdateProcessor.process called | token=7039033833 | update_id=689715834 | has_message=False | has_callback=False
2026-04-27 20:05:49.313 | INFO     | bot.processor | bot.processor:process:126 | ✅ Bot instance acquired | username=testingmodeonbot
2026-04-27 20:30:25.156 | INFO     | bot.processor | bot.processor:process:112 | 📥 UpdateProcessor.process called | token=7039033833 | update_id=689715835 | has_message=False | has_callback=False
2026-04-27 20:30:25.157 | INFO     | bot.processor | bot.processor:process:126 | ✅ Bot instance acquired | username=testingmodeonbot
2026-04-27 20:36:12.547 | INFO     | bot.processor | bot.processor:process:112 | 📥 UpdateProcessor.process called | token=7039033833 | update_id=689715836 | has_message=False | has_callback=False
2026-04-27 20:36:12.548 | INFO     | bot.processor | bot.processor:process:126 | ✅ Bot instance acquired | username=testingmodeonbot
2026-04-27 20:52:48.926 | INFO     | bot.processor | bot.processor:process:112 | 📥 UpdateProcessor.process called | token=7039033833 | update_id=689715837 | has_message=False | has_callback=False
2026-04-27 20:52:48.927 | INFO     | bot.processor | bot.processor:process:126 | ✅ Bot instance acquired | username=testingmodeonbot
2026-04-27 21:06:08.954 | INFO     | bot.processor | bot.processor:process:112 | 📥 UpdateProcessor.process called | token=7039033833 | update_id=689715838 | has_message=True | has_callback=False
2026-04-27 21:06:08.955 | INFO     | bot.processor | bot.processor:process:126 | ✅ Bot instance acquired | username=testingmodeonbot
2026-04-27 21:06:09.465 | INFO     | bot.processor | bot.processor:_handle_message:220 | 💬 Handling message | user_id=6597464835 | chat_id=6597464835 | text=ы
2026-04-27 21:06:11.662 | INFO     | bot.processor | bot.processor:process:112 | 📥 UpdateProcessor.process called | token=7039033833 | update_id=689715839 | has_message=True | has_callback=False
2026-04-27 21:06:11.663 | INFO     | bot.processor | bot.processor:process:126 | ✅ Bot instance acquired | username=testingmodeonbot
2026-04-27 21:06:11.688 | INFO     | bot.processor | bot.processor:_handle_message:220 | 💬 Handling message | user_id=6597464835 | chat_id=6597464835 | text=https://www.youtube.com/watch?v=usXhiWE2Uc0
2026-04-27 21:10:03.061 | INFO     | bot.processor | bot.processor:process:112 | 📥 UpdateProcessor.process called | token=7039033833 | update_id=689715840 | has_message=True | has_callback=False
2026-04-27 21:10:03.061 | INFO     | bot.processor | bot.processor:process:126 | ✅ Bot instance acquired | username=testingmodeonbot
2026-04-27 21:10:03.083 | INFO     | bot.processor | bot.processor:_handle_message:220 | 💬 Handling message | user_id=6597464835 | chat_id=6597464835 | text=https://www.youtube.com/watch?v=usXhiWE2Uc0
2026-04-27 21:21:09.755 | INFO     | bot.processor | bot.processor:process:112 | 📥 UpdateProcessor.process called | token=7039033833 | update_id=689715841 | has_message=True | has_callback=False
2026-04-27 21:21:09.756 | INFO     | bot.processor | bot.processor:process:126 | ✅ Bot instance acquired | username=testingmodeonbot
2026-04-27 21:21:09.780 | INFO     | bot.processor | bot.processor:_handle_message:220 | 💬 Handling message | user_id=6597464835 | chat_id=6597464835 | text=s
2026-04-27 21:21:11.114 | INFO     | bot.processor | bot.processor:process:112 | 📥 UpdateProcessor.process called | token=7039033833 | update_id=689715842 | has_message=True | has_callback=False
2026-04-27 21:21:11.115 | INFO     | bot.processor | bot.processor:process:126 | ✅ Bot instance acquired | username=testingmodeonbot
2026-04-27 21:21:11.127 | INFO     | bot.processor | bot.processor:_handle_message:220 | 💬 Handling message | user_id=6597464835 | chat_id=6597464835 | text=https://www.youtube.com/watch?v=usXhiWE2Uc0
2026-04-27 22:39:04.250 | INFO     | bot.processor | bot.processor:process:112 | 📥 UpdateProcessor.process called | token=7039033833 | update_id=689715846 | has_message=True | has_callback=False
2026-04-27 22:39:04.251 | INFO     | bot.processor | bot.processor:process:126 | ✅ Bot instance acquired | username=testingmodeonbot
2026-04-27 22:39:04.522 | INFO     | bot.processor | bot.processor:_handle_message:220 | 💬 Handling message | user_id=6597464835 | chat_id=6597464835 | text=s
2026-04-27 22:39:07.973 | INFO     | bot.processor | bot.processor:process:112 | 📥 UpdateProcessor.process called | token=7039033833 | update_id=689715847 | has_message=True | has_callback=False
2026-04-27 22:39:07.974 | INFO     | bot.processor | bot.processor:process:126 | ✅ Bot instance acquired | username=testingmodeonbot
2026-04-27 22:39:07.989 | INFO     | bot.processor | bot.processor:_handle_message:220 | 💬 Handling message | user_id=6597464835 | chat_id=6597464835 | text=https://www.youtube.com/watch?v=usXhiWE2Uc0
2026-04-27 22:44:21.373 | INFO     | bot.processor | bot.processor:process:112 | 📥 UpdateProcessor.process called | token=7039033833 | update_id=689715848 | has_message=False | has_callback=False
2026-04-27 22:44:21.374 | INFO     | bot.processor | bot.processor:process:126 | ✅ Bot instance acquired | username=testingmodeonbot
2026-04-27 22:47:12.506 | INFO     | bot.processor | bot.processor:process:112 | 📥 UpdateProcessor.process called | token=7039033833 | update_id=689715849 | has_message=False | has_callback=False
2026-04-27 22:47:12.507 | INFO     | bot.processor | bot.processor:process:126 | ✅ Bot instance acquired | username=testingmodeonbot
2026-04-27 22:58:54.017 | INFO     | bot.processor | bot.processor:process:112 | 📥 UpdateProcessor.process called | token=7039033833 | update_id=689715850 | has_message=True | has_callback=False
2026-04-27 22:58:54.018 | INFO     | bot.processor | bot.processor:process:126 | ✅ Bot instance acquired | username=testingmodeonbot
2026-04-27 22:58:54.035 | INFO     | bot.processor | bot.processor:_handle_message:220 | 💬 Handling message | user_id=6597464835 | chat_id=6597464835 | text=https://www.youtube.com/watch?v=usXhiWE2Uc0
2026-04-27 23:03:45.374 | INFO     | bot.processor | bot.processor:process:112 | 📥 UpdateProcessor.process called | token=7039033833 | update_id=689715851 | has_message=True | has_callback=False
2026-04-27 23:03:45.376 | INFO     | bot.processor | bot.processor:process:126 | ✅ Bot instance acquired | username=testingmodeonbot
2026-04-27 23:03:45.414 | INFO     | bot.processor | bot.processor:_handle_message:220 | 💬 Handling message | user_id=6597464835 | chat_id=6597464835 | text=s
2026-04-27 23:03:46.933 | INFO     | bot.processor | bot.processor:process:112 | 📥 UpdateProcessor.process called | token=7039033833 | update_id=689715852 | has_message=True | has_callback=False
2026-04-27 23:03:46.935 | INFO     | bot.processor | bot.processor:process:126 | ✅ Bot instance acquired | username=testingmodeonbot
2026-04-27 23:03:46.964 | INFO     | bot.processor | bot.processor:_handle_message:220 | 💬 Handling message | user_id=6597464835 | chat_id=6597464835 | text=https://www.youtube.com/watch?v=usXhiWE2Uc0
2026-04-27 23:03:47.339 | ERROR    | bot.processor | bot.processor:_handle_youtube_url:538 | Failed to get YouTube info | error='YouTubeDownloader' object has no attribute '_token_manager'
Traceback (most recent call last):

  File "/home/sayavdera/Desktop/projects/TelegramBots/MediaFlow/main.py", line 85, in <module>
    main()
    └ <function main at 0x7c9431f01bc0>

  File "/home/sayavdera/Desktop/projects/TelegramBots/MediaFlow/main.py", line 81, in main
    run_server()
    └ <function run_server at 0x7c9431ef8220>

  File "/home/sayavdera/Desktop/projects/TelegramBots/MediaFlow/main.py", line 35, in run_server
    granian.Granian(**kwargs).serve()
    │       │         └ {'target': 'app.lifecycle:app', 'address': '127.0.0.1', 'port': 8000, 'interface': <Interfaces.ASGI: 'asgi'>, 'workers': 4, '...
    │       └ <class 'granian.server.mp.MPServer'>
    └ <module 'granian' from '/home/sayavdera/Desktop/projects/TelegramBots/MediaFlow/.venv/lib/python3.12/site-packages/granian/__...

  File "/home/sayavdera/Desktop/projects/TelegramBots/MediaFlow/.venv/lib/python3.12/site-packages/granian/server/mp.py", line 458, in serve
    super().serve(spawn_target, target_loader, wrap_loader)
                  │             │              └ True
                  │             └ None
                  └ None
  File "/home/sayavdera/Desktop/projects/TelegramBots/MediaFlow/.venv/lib/python3.12/site-packages/granian/server/common.py", line 720, in serve
    serve_method(spawn_target, target_loader)
    │            │             └ functools.partial(<function load_target at 0x7c942e967920>, 'app.lifecycle:app', wd=None, factory=False)
    │            └ <function MPServer._spawn_asgi_lifespan_worker at 0x7c942e7b44a0>
    └ <bound method AbstractServer._serve of <granian.server.mp.MPServer object at 0x7c941b0d8b60>>
  File "/home/sayavdera/Desktop/projects/TelegramBots/MediaFlow/.venv/lib/python3.12/site-packages/granian/server/common.py", line 562, in _serve
    self.startup(spawn_target, target_loader)
    │    │       │             └ functools.partial(<function load_target at 0x7c942e967920>, 'app.lifecycle:app', wd=None, factory=False)
    │    │       └ <function MPServer._spawn_asgi_lifespan_worker at 0x7c942e7b44a0>
    │    └ <function AbstractServer.startup at 0x7c942e74fc40>
    └ <granian.server.mp.MPServer object at 0x7c941b0d8b60>
  File "/home/sayavdera/Desktop/projects/TelegramBots/MediaFlow/.venv/lib/python3.12/site-packages/granian/server/common.py", line 473, in startup
    self._spawn_workers(spawn_target, target_loader)
    │    │              │             └ functools.partial(<function load_target at 0x7c942e967920>, 'app.lifecycle:app', wd=None, factory=False)
    │    │              └ <function MPServer._spawn_asgi_lifespan_worker at 0x7c942e7b44a0>
    │    └ <function AbstractServer._spawn_workers at 0x7c942e74f380>
    └ <granian.server.mp.MPServer object at 0x7c941b0d8b60>
  File "/home/sayavdera/Desktop/projects/TelegramBots/MediaFlow/.venv/lib/python3.12/site-packages/granian/server/common.py", line 335, in _spawn_workers
    wrk.start()
    │   └ <function AbstractWorker.start at 0x7c942e74e8e0>
    └ <granian.server.mp.WorkerProcess object at 0x7c941aa09460>
  File "/home/sayavdera/Desktop/projects/TelegramBots/MediaFlow/.venv/lib/python3.12/site-packages/granian/server/common.py", line 65, in start
    self.inner.start()
    │    │     └ <function BaseProcess.start at 0x7c942ed78900>
    │    └ <ForkProcess name='granian-worker' parent=564460 started>
    └ <granian.server.mp.WorkerProcess object at 0x7c941aa09460>
  File "/usr/lib/python3.12/multiprocessing/process.py", line 121, in start
    self._popen = self._Popen(self)
    │    │        │    │      └ <ForkProcess name='granian-worker' parent=564460 started>
    │    │        │    └ <staticmethod(<function ForkProcess._Popen at 0x7c942ed9d6c0>)>
    │    │        └ <ForkProcess name='granian-worker' parent=564460 started>
    │    └ None
    └ <ForkProcess name='granian-worker' parent=564460 started>
  File "/usr/lib/python3.12/multiprocessing/context.py", line 282, in _Popen
    return Popen(process_obj)
           │     └ <ForkProcess name='granian-worker' parent=564460 started>
           └ <class 'multiprocessing.popen_fork.Popen'>
  File "/usr/lib/python3.12/multiprocessing/popen_fork.py", line 19, in __init__
    self._launch(process_obj)
    │    │       └ <ForkProcess name='granian-worker' parent=564460 started>
    │    └ <function Popen._launch at 0x7c941a87f600>
    └ <multiprocessing.popen_fork.Popen object at 0x7c941aa09490>
  File "/usr/lib/python3.12/multiprocessing/popen_fork.py", line 71, in _launch
    code = process_obj._bootstrap(parent_sentinel=child_r)
           │           │                          └ 32
           │           └ <function BaseProcess._bootstrap at 0x7c942ed79300>
           └ <ForkProcess name='granian-worker' parent=564460 started>
  File "/usr/lib/python3.12/multiprocessing/process.py", line 314, in _bootstrap
    self.run()
    │    └ <function BaseProcess.run at 0x7c942ed78860>
    └ <ForkProcess name='granian-worker' parent=564460 started>
  File "/usr/lib/python3.12/multiprocessing/process.py", line 108, in run
    self._target(*self._args, **self._kwargs)
    │    │        │    │        │    └ {}
    │    │        │    │        └ <ForkProcess name='granian-worker' parent=564460 started>
    │    │        │    └ (2, None, functools.partial(<function load_target at 0x7c942e967920>, 'app.lifecycle:app', wd=None, factory=False), (<granian...
    │    │        └ <ForkProcess name='granian-worker' parent=564460 started>
    │    └ <function MPServer._spawn_asgi_lifespan_worker at 0x7c942e7b44a0>
    └ <ForkProcess name='granian-worker' parent=564460 started>
  File "/home/sayavdera/Desktop/projects/TelegramBots/MediaFlow/.venv/lib/python3.12/site-packages/granian/server/mp.py", line 91, in wrapped
    return target(worker_id, callback, sock, _ipc_handle, loop, *args, **kwargs)
           │      │          │         │     │            │      │       └ {}
           │      │          │         │     │            │      └ (<RuntimeModes.mt: 'mt'>, 1, 512, 1, 30, 256, <TaskImpl.asyncio: 'asyncio'>, <HTTPModes.auto: 'auto'>, None, None, False, Non...
           │      │          │         │     │            └ <uvloop.Loop running=True closed=False debug=False>
           │      │          │         │     └ None
           │      │          │         └ <granian._granian.SocketHolder object at 0x7c942ea904f0>
           │      │          └ <litestar.app.Litestar object at 0x7c941ab72040>
           │      └ 2
           └ <function MPServer._spawn_asgi_lifespan_worker at 0x7c942e7b4400>
  File "/home/sayavdera/Desktop/projects/TelegramBots/MediaFlow/.venv/lib/python3.12/site-packages/granian/server/mp.py", line 221, in _spawn_asgi_lifespan_worker
    serve(scheduler, loop, shutdown_event)
    │     │          │     └ <granian._granian.WorkerSignal object at 0x7c941aa09aa0>
    │     │          └ <uvloop.Loop running=True closed=False debug=False>
    │     └ <granian._futures._CBSchedulerAIO object at 0x7c941a70de10>
    └ <built-in method serve_mtr of granian._granian.ASGIWorker object at 0x7c941a8179f0>

  File "/home/sayavdera/Desktop/projects/TelegramBots/MediaFlow/app/controllers/webhook.py", line 80, in _process_in_background
    await update_processor.process(bot_token, data)
          │                │       │          └ {'update_id': 689715852, 'message': {'message_id': 20317, 'from': {'id': 6597464835, 'is_bot': False, 'first_name': 'الأنصار ...
          │                │       └ '7039033833:AAGOhZLTiBUQ5K54_Qcds06auoW5k0D8aUo'
          │                └ <function UpdateProcessor.process at 0x7c941ab0a840>
          └ <bot.processor.UpdateProcessor object at 0x7c941b0d9040>

  File "/home/sayavdera/Desktop/projects/TelegramBots/MediaFlow/bot/processor.py", line 185, in process
    return await self._handle_message(ctx, update.message)
                 │    │               │    │      └ Message(message_id=20317, date=datetime.datetime(2026, 4, 27, 18, 3, 46, tzinfo=TzInfo(0)), chat=Chat(id=6597464835, type='pr...
                 │    │               │    └ Update(update_id=689715852, message=Message(message_id=20317, date=datetime.datetime(2026, 4, 27, 18, 3, 46, tzinfo=TzInfo(0)...
                 │    │               └ ProcessingContext(bot=<aiogram.client.bot.Bot object at 0x7c941aa2ca70>, bot_model=<Bot(id=1)>, update=Update(update_id=68971...
                 │    └ <function UpdateProcessor._handle_message at 0x7c941ab0aa20>
                 └ <bot.processor.UpdateProcessor object at 0x7c941b0d9040>

  File "/home/sayavdera/Desktop/projects/TelegramBots/MediaFlow/bot/processor.py", line 241, in _handle_message
    return await self._handle_url(ctx, message, url)
                 │    │           │    │        └ 'https://www.youtube.com/watch?v=usXhiWE2Uc0'
                 │    │           │    └ Message(message_id=20317, date=datetime.datetime(2026, 4, 27, 18, 3, 46, tzinfo=TzInfo(0)), chat=Chat(id=6597464835, type='pr...
                 │    │           └ ProcessingContext(bot=<aiogram.client.bot.Bot object at 0x7c941aa2ca70>, bot_model=<Bot(id=1)>, update=Update(update_id=68971...
                 │    └ <function UpdateProcessor._handle_url at 0x7c941ab0ad40>
                 └ <bot.processor.UpdateProcessor object at 0x7c941b0d9040>

  File "/home/sayavdera/Desktop/projects/TelegramBots/MediaFlow/bot/processor.py", line 389, in _handle_url
    return await self._handle_youtube_url(ctx, message, url, status_msg)
                 │    │                   │    │        │    └ Message(message_id=20318, date=datetime.datetime(2026, 4, 27, 18, 3, 47, tzinfo=TzInfo(0)), chat=Chat(id=6597464835, type='pr...
                 │    │                   │    │        └ 'https://www.youtube.com/watch?v=usXhiWE2Uc0'
                 │    │                   │    └ Message(message_id=20317, date=datetime.datetime(2026, 4, 27, 18, 3, 46, tzinfo=TzInfo(0)), chat=Chat(id=6597464835, type='pr...
                 │    │                   └ ProcessingContext(bot=<aiogram.client.bot.Bot object at 0x7c941aa2ca70>, bot_model=<Bot(id=1)>, update=Update(update_id=68971...
                 │    └ <function UpdateProcessor._handle_youtube_url at 0x7c941ab0ade0>
                 └ <bot.processor.UpdateProcessor object at 0x7c941b0d9040>

> File "/home/sayavdera/Desktop/projects/TelegramBots/MediaFlow/bot/processor.py", line 430, in _handle_youtube_url
    info = await downloader.get_video_info(url)
                 │          │              └ 'https://www.youtube.com/watch?v=usXhiWE2Uc0'
                 │          └ <function YouTubeDownloader.get_video_info at 0x7c941bea0720>
                 └ <services.media.youtube.YouTubeDownloader object at 0x7c94193b7860>

  File "/home/sayavdera/Desktop/projects/TelegramBots/MediaFlow/services/media/youtube.py", line 867, in get_video_info
    await self._token_manager.ensure_fresh()
          └ <services.media.youtube.YouTubeDownloader object at 0x7c94193b7860>

AttributeError: 'YouTubeDownloader' object has no attribute '_token_manager'
2026-04-27 23:04:51.509 | INFO     | bot.processor | bot.processor:process:112 | 📥 UpdateProcessor.process called | token=7039033833 | update_id=689715853 | has_message=True | has_callback=False
2026-04-27 23:04:51.510 | INFO     | bot.processor | bot.processor:process:126 | ✅ Bot instance acquired | username=testingmodeonbot
2026-04-27 23:04:51.535 | INFO     | bot.processor | bot.processor:_handle_message:220 | 💬 Handling message | user_id=6597464835 | chat_id=6597464835 | text=https://www.youtube.com/watch?v=usXhiWE2Uc0
2026-04-27 23:10:11.601 | INFO     | bot.processor | bot.processor:process:112 | 📥 UpdateProcessor.process called | token=7039033833 | update_id=689715854 | has_message=True | has_callback=False
2026-04-27 23:10:11.602 | INFO     | bot.processor | bot.processor:process:126 | ✅ Bot instance acquired | username=testingmodeonbot
2026-04-27 23:10:11.621 | INFO     | bot.processor | bot.processor:_handle_message:220 | 💬 Handling message | user_id=6597464835 | chat_id=6597464835 | text=s
2026-04-27 23:10:14.065 | INFO     | bot.processor | bot.processor:process:112 | 📥 UpdateProcessor.process called | token=7039033833 | update_id=689715855 | has_message=True | has_callback=False
2026-04-27 23:10:14.066 | INFO     | bot.processor | bot.processor:process:126 | ✅ Bot instance acquired | username=testingmodeonbot
2026-04-27 23:10:14.081 | INFO     | bot.processor | bot.processor:_handle_message:220 | 💬 Handling message | user_id=6597464835 | chat_id=6597464835 | text=https://www.youtube.com/watch?v=usXhiWE2Uc0
2026-04-27 23:10:40.358 | INFO     | bot.processor | bot.processor:process:112 | 📥 UpdateProcessor.process called | token=7039033833 | update_id=689715856 | has_message=False | has_callback=True
2026-04-27 23:10:40.359 | INFO     | bot.processor | bot.processor:process:126 | ✅ Bot instance acquired | username=testingmodeonbot
2026-04-27 23:10:40.745 | INFO     | bot.processor | bot.processor:_process_download:893 | ⬇️ Starting download | user_id=6597464835 | url=https://www.youtube.com/watch?v=usXhiWE2Uc0 | platform=youtube
2026-04-27 23:11:14.508 | INFO     | bot.processor | bot.processor:_process_download:919 | ✅ Download completed | user_id=6597464835 | success=True | error=None
2026-04-27 23:11:15.286 | DEBUG    | bot.processor | bot.processor:_save_download_record:1251 | Download record saved | user_id=1 | total_downloads=29
2026-04-27 23:11:15.287 | DEBUG    | bot.processor | bot.processor:_process_download:996 | Download record saved (new) | user_id=6597464835 | url=https://www.youtube.com/watch?v=usXhiWE2Uc0
2026-04-27 23:11:15.594 | INFO     | bot.processor | bot.processor:_send_post_download_ad:1479 | Found ad to send | ad_id=1 | ad_name=Иш Топиш | media_type=none | has_content=True
2026-04-27 23:11:15.773 | INFO     | bot.processor | bot.processor:_send_post_download_ad:1533 | Ad sent as text | chat_id=6597464835
2026-04-27 23:17:47.147 | INFO     | bot.processor | bot.processor:process:112 | 📥 UpdateProcessor.process called | token=7039033833 | update_id=689715857 | has_message=True | has_callback=False
2026-04-27 23:17:47.150 | INFO     | bot.processor | bot.processor:process:126 | ✅ Bot instance acquired | username=testingmodeonbot
2026-04-27 23:17:47.182 | INFO     | bot.processor | bot.processor:_handle_message:220 | 💬 Handling message | user_id=6597464835 | chat_id=6597464835 | text=https://www.youtube.com/watch?v=usXhiWE2Uc0
2026-04-27 23:18:11.482 | INFO     | bot.processor | bot.processor:process:112 | 📥 UpdateProcessor.process called | token=7039033833 | update_id=689715858 | has_message=False | has_callback=True
2026-04-27 23:18:11.483 | INFO     | bot.processor | bot.processor:process:126 | ✅ Bot instance acquired | username=testingmodeonbot
2026-04-27 23:18:11.739 | INFO     | bot.processor | bot.processor:_process_download:893 | ⬇️ Starting download | user_id=6597464835 | url=https://www.youtube.com/watch?v=usXhiWE2Uc0 | platform=youtube
2026-04-27 23:18:11.867 | INFO     | bot.processor | bot.processor:_process_download:919 | ✅ Download completed | user_id=6597464835 | success=True | error=None
2026-04-27 23:18:12.119 | DEBUG    | bot.processor | bot.processor:_process_download:998 | Cache hit — not counting as new download | user_id=6597464835
2026-04-27 23:18:12.260 | INFO     | bot.processor | bot.processor:_send_post_download_ad:1479 | Found ad to send | ad_id=1 | ad_name=Иш Топиш | media_type=none | has_content=True
2026-04-27 23:18:12.418 | INFO     | bot.processor | bot.processor:_send_post_download_ad:1533 | Ad sent as text | chat_id=6597464835
2026-04-27 23:27:16.002 | INFO     | bot.processor | bot.processor:process:112 | 📥 UpdateProcessor.process called | token=7039033833 | update_id=689715859 | has_message=True | has_callback=False
2026-04-27 23:27:16.002 | INFO     | bot.processor | bot.processor:process:126 | ✅ Bot instance acquired | username=testingmodeonbot
2026-04-27 23:27:16.030 | INFO     | bot.processor | bot.processor:_handle_message:220 | 💬 Handling message | user_id=6597464835 | chat_id=6597464835 | text=s
2026-04-27 23:39:06.234 | INFO     | bot.processor | bot.processor:process:112 | 📥 UpdateProcessor.process called | token=7039033833 | update_id=689715860 | has_message=True | has_callback=False
2026-04-27 23:39:06.235 | INFO     | bot.processor | bot.processor:process:126 | ✅ Bot instance acquired | username=testingmodeonbot
2026-04-27 23:39:06.269 | INFO     | bot.processor | bot.processor:_handle_message:220 | 💬 Handling message | user_id=6597464835 | chat_id=6597464835 | text=https://www.instagram.com/p/DXdtKyeDHHq/?igsh=MXE3MG1jNXY4OGY1dw==
2026-04-27 23:39:06.657 | INFO     | bot.processor | bot.processor:_handle_direct_download:824 | 📥 Direct download started | platform=instagram | url=https://www.instagram.com/p/DXdtKyeDHHq/?igsh=MXE3MG1jNXY4OGY1dw==
2026-04-27 23:39:06.789 | INFO     | bot.processor | bot.processor:_process_download:893 | ⬇️ Starting download | user_id=6597464835 | url=https://www.instagram.com/p/DXdtKyeDHHq/?igsh=MXE3MG1jNXY4OGY1dw== | platform=instagram
2026-04-27 23:39:16.319 | INFO     | bot.processor | bot.processor:_process_download:919 | ✅ Download completed | user_id=6597464835 | success=True | error=None
2026-04-27 23:39:17.187 | DEBUG    | bot.processor | bot.processor:_save_download_record:1251 | Download record saved | user_id=1 | total_downloads=30
2026-04-27 23:39:17.188 | DEBUG    | bot.processor | bot.processor:_process_download:996 | Download record saved (new) | user_id=6597464835 | url=https://www.instagram.com/p/DXdtKyeDHHq/?igsh=MXE3MG1jNXY4OG
2026-04-27 23:39:17.367 | INFO     | bot.processor | bot.processor:_send_post_download_ad:1479 | Found ad to send | ad_id=1 | ad_name=Иш Топиш | media_type=none | has_content=True
2026-04-27 23:39:17.520 | INFO     | bot.processor | bot.processor:_send_post_download_ad:1533 | Ad sent as text | chat_id=6597464835
2026-04-27 23:43:37.633 | INFO     | bot.processor | bot.processor:process:112 | 📥 UpdateProcessor.process called | token=7039033833 | update_id=689715861 | has_message=True | has_callback=False
2026-04-27 23:43:37.633 | INFO     | bot.processor | bot.processor:process:126 | ✅ Bot instance acquired | username=testingmodeonbot
2026-04-27 23:43:37.654 | INFO     | bot.processor | bot.processor:_handle_message:220 | 💬 Handling message | user_id=6597464835 | chat_id=6597464835 | text=https://www.instagram.com/p/DXdtKyeDHHq/?igsh=MXE3MG1jNXY4OGY1dw==https://www.instagram.com/reel/DTu
2026-04-27 23:43:38.036 | INFO     | bot.processor | bot.processor:_handle_direct_download:824 | 📥 Direct download started | platform=instagram | url=https://www.instagram.com/p/DXdtKyeDHHq/?igsh=MXE3MG1jNXY4OGY1dw==https://www.in
2026-04-27 23:43:38.191 | INFO     | bot.processor | bot.processor:_process_download:893 | ⬇️ Starting download | user_id=6597464835 | url=https://www.instagram.com/p/DXdtKyeDHHq/?igsh=MXE3MG1jNXY4OGY1dw==https://www.in | platform=instagram
2026-04-27 23:43:53.980 | INFO     | bot.processor | bot.processor:_process_download:919 | ✅ Download completed | user_id=6597464835 | success=True | error=None
2026-04-27 23:43:54.526 | DEBUG    | bot.processor | bot.processor:_save_download_record:1251 | Download record saved | user_id=1 | total_downloads=31
2026-04-27 23:43:54.527 | DEBUG    | bot.processor | bot.processor:_process_download:996 | Download record saved (new) | user_id=6597464835 | url=https://www.instagram.com/p/DXdtKyeDHHq/?igsh=MXE3MG1jNXY4OG
2026-04-27 23:43:54.710 | INFO     | bot.processor | bot.processor:_send_post_download_ad:1479 | Found ad to send | ad_id=1 | ad_name=Иш Топиш | media_type=none | has_content=True
2026-04-27 23:43:54.891 | INFO     | bot.processor | bot.processor:_send_post_download_ad:1533 | Ad sent as text | chat_id=6597464835
2026-04-27 23:43:58.743 | INFO     | bot.processor | bot.processor:process:112 | 📥 UpdateProcessor.process called | token=7039033833 | update_id=689715862 | has_message=True | has_callback=False
2026-04-27 23:43:58.743 | INFO     | bot.processor | bot.processor:process:126 | ✅ Bot instance acquired | username=testingmodeonbot
2026-04-27 23:43:58.760 | INFO     | bot.processor | bot.processor:_handle_message:220 | 💬 Handling message | user_id=6597464835 | chat_id=6597464835 | text=https://www.instagram.com/reel/DTuVwmKDCC0/?igsh=MWRyajRoNzY1NzBxdw==
2026-04-27 23:43:58.903 | INFO     | bot.processor | bot.processor:_handle_direct_download:824 | 📥 Direct download started | platform=instagram | url=https://www.instagram.com/reel/DTuVwmKDCC0/?igsh=MWRyajRoNzY1NzBxdw==
2026-04-27 23:43:59.039 | INFO     | bot.processor | bot.processor:_process_download:893 | ⬇️ Starting download | user_id=6597464835 | url=https://www.instagram.com/reel/DTuVwmKDCC0/?igsh=MWRyajRoNzY1NzBxdw== | platform=instagram
2026-04-27 23:44:06.197 | INFO     | bot.processor | bot.processor:_process_download:919 | ✅ Download completed | user_id=6597464835 | success=True | error=None
2026-04-27 23:44:06.980 | DEBUG    | bot.processor | bot.processor:_save_download_record:1251 | Download record saved | user_id=1 | total_downloads=32
2026-04-27 23:44:06.980 | DEBUG    | bot.processor | bot.processor:_process_download:996 | Download record saved (new) | user_id=6597464835 | url=https://www.instagram.com/reel/DTuVwmKDCC0/?igsh=MWRyajRoNzY
2026-04-27 23:44:07.256 | INFO     | bot.processor | bot.processor:_send_post_download_ad:1479 | Found ad to send | ad_id=1 | ad_name=Иш Топиш | media_type=none | has_content=True
2026-04-27 23:44:07.416 | INFO     | bot.processor | bot.processor:_send_post_download_ad:1533 | Ad sent as text | chat_id=6597464835
2026-04-27 23:44:28.348 | INFO     | bot.processor | bot.processor:process:112 | 📥 UpdateProcessor.process called | token=7039033833 | update_id=689715863 | has_message=True | has_callback=False
2026-04-27 23:44:28.350 | INFO     | bot.processor | bot.processor:process:126 | ✅ Bot instance acquired | username=testingmodeonbot
2026-04-27 23:44:28.364 | INFO     | bot.processor | bot.processor:_handle_message:220 | 💬 Handling message | user_id=6597464835 | chat_id=6597464835 | text=https://www.instagram.com/reel/DO3IMFmjBoh/?igsh=MWgxNG0yZTN5b3V6NQ==
2026-04-27 23:44:28.690 | INFO     | bot.processor | bot.processor:_handle_direct_download:824 | 📥 Direct download started | platform=instagram | url=https://www.instagram.com/reel/DO3IMFmjBoh/?igsh=MWgxNG0yZTN5b3V6NQ==
2026-04-27 23:44:28.813 | INFO     | bot.processor | bot.processor:_process_download:893 | ⬇️ Starting download | user_id=6597464835 | url=https://www.instagram.com/reel/DO3IMFmjBoh/?igsh=MWgxNG0yZTN5b3V6NQ== | platform=instagram
2026-04-27 23:44:37.942 | INFO     | bot.processor | bot.processor:_process_download:919 | ✅ Download completed | user_id=6597464835 | success=True | error=None
2026-04-27 23:44:38.296 | DEBUG    | bot.processor | bot.processor:_save_download_record:1251 | Download record saved | user_id=1 | total_downloads=33
2026-04-27 23:44:38.300 | DEBUG    | bot.processor | bot.processor:_process_download:996 | Download record saved (new) | user_id=6597464835 | url=https://www.instagram.com/reel/DO3IMFmjBoh/?igsh=MWgxNG0yZTN
2026-04-27 23:44:38.422 | INFO     | bot.processor | bot.processor:_send_post_download_ad:1479 | Found ad to send | ad_id=1 | ad_name=Иш Топиш | media_type=none | has_content=True
2026-04-27 23:44:38.560 | INFO     | bot.processor | bot.processor:_send_post_download_ad:1533 | Ad sent as text | chat_id=6597464835
2026-04-27 23:55:28.135 | INFO     | bot.processor | bot.processor:process:112 | 📥 UpdateProcessor.process called | token=7039033833 | update_id=689715864 | has_message=True | has_callback=False
2026-04-27 23:55:28.135 | INFO     | bot.processor | bot.processor:process:126 | ✅ Bot instance acquired | username=testingmodeonbot
2026-04-27 23:55:28.158 | INFO     | bot.processor | bot.processor:_handle_message:220 | 💬 Handling message | user_id=6597464835 | chat_id=6597464835 | text=https://www.instagram.com/reel/DO3IMFmjBoh/?igsh=MWgxNG0yZTN5b3V6NQ==
2026-04-27 23:55:28.549 | INFO     | bot.processor | bot.processor:_handle_direct_download:824 | 📥 Direct download started | platform=instagram | url=https://www.instagram.com/reel/DO3IMFmjBoh/?igsh=MWgxNG0yZTN5b3V6NQ==
2026-04-27 23:55:28.681 | INFO     | bot.processor | bot.processor:_process_download:893 | ⬇️ Starting download | user_id=6597464835 | url=https://www.instagram.com/reel/DO3IMFmjBoh/?igsh=MWgxNG0yZTN5b3V6NQ== | platform=instagram
2026-04-27 23:55:28.811 | INFO     | bot.processor | bot.processor:_process_download:919 | ✅ Download completed | user_id=6597464835 | success=True | error=None
2026-04-27 23:55:29.069 | DEBUG    | bot.processor | bot.processor:_process_download:998 | Cache hit — not counting as new download | user_id=6597464835
2026-04-27 23:55:29.220 | INFO     | bot.processor | bot.processor:_send_post_download_ad:1477 | Sending ad | ad_id=1 | media_type=none
2026-04-27 23:55:29.368 | INFO     | bot.processor | bot.processor:_send_post_download_ad:1563 | Ad sent as text | mode=HTML
