2026-05-06 16:59:24.356 | ERROR    | database | database.connection:session:106 | Session rollback | error=(pymysql.err.ProgrammingError) (1146, "Table 'azarstream.bots' doesn't exist")
[SQL: SELECT bots.id, bots.token, bots.bot_id, bots.username, bots.name, bots.description, bots.status, bots.is_webhook, bots.webhook_url, bots.webhook_secret, bots.total_users, bots.active_users, bots.total_downloads, bots.created_at, bots.updated_at 
FROM bots 
WHERE bots.status = %s ORDER BY bots.created_at DESC 
 LIMIT %s, %s]
[parameters: ('ACTIVE', 0, 100)]
(Background on this error at: https://sqlalche.me/e/20/f405)
2026-05-06 16:59:24.357 | ERROR    | app | app.lifecycle:lifespan:125 | Startup failed — shutting down
Traceback (most recent call last):

  File "/home/sayavdera/Desktop/projects/TelegramBots/MediaFlow/.venv/lib/python3.12/site-packages/sqlalchemy/engine/base.py", line 1967, in _exec_single_context
    self.dialect.do_execute(
    │    │       └ <function DefaultDialect.do_execute at 0x77d6bbca0ea0>
    │    └ <sqlalchemy.dialects.mysql.aiomysql.MySQLDialect_aiomysql object at 0x77d6b950bd40>
    └ <sqlalchemy.engine.base.Connection object at 0x77d6b3c2a5d0>
  File "/home/sayavdera/Desktop/projects/TelegramBots/MediaFlow/.venv/lib/python3.12/site-packages/sqlalchemy/engine/default.py", line 952, in do_execute
    cursor.execute(statement, parameters)
    │      │       │          └ ('ACTIVE', 0, 100)
    │      │       └ 'SELECT bots.id, bots.token, bots.bot_id, bots.username, bots.name, bots.description, bots.status, bots.is_webhook, bots.webh...
    │      └ <function AsyncAdapt_dbapi_cursor.execute at 0x77d6b2dc2200>
    └ <sqlalchemy.dialects.mysql.aiomysql.AsyncAdapt_aiomysql_cursor object at 0x77d6b25f9300>
  File "/home/sayavdera/Desktop/projects/TelegramBots/MediaFlow/.venv/lib/python3.12/site-packages/sqlalchemy/connectors/asyncio.py", line 230, in execute
    self._adapt_connection._handle_exception(error)
    │    └ <member '_adapt_connection' of 'AsyncAdapt_dbapi_cursor' objects>
    └ <sqlalchemy.dialects.mysql.aiomysql.AsyncAdapt_aiomysql_cursor object at 0x77d6b25f9300>
  File "/home/sayavdera/Desktop/projects/TelegramBots/MediaFlow/.venv/lib/python3.12/site-packages/sqlalchemy/connectors/asyncio.py", line 368, in _handle_exception
    raise error.with_traceback(exc_info[2])
          │     │              └ (<class 'pymysql.err.ProgrammingError'>, ProgrammingError(1146, "Table 'azarstream.bots' doesn't exist"), <traceback object a...
          │     └ <method 'with_traceback' of 'BaseException' objects>
          └ ProgrammingError(1146, "Table 'azarstream.bots' doesn't exist")
  File "/home/sayavdera/Desktop/projects/TelegramBots/MediaFlow/.venv/lib/python3.12/site-packages/sqlalchemy/connectors/asyncio.py", line 228, in execute
    return self.await_(self._execute_async(operation, parameters))
           │    │      │    │              │          └ ('ACTIVE', 0, 100)
           │    │      │    │              └ 'SELECT bots.id, bots.token, bots.bot_id, bots.username, bots.name, bots.description, bots.status, bots.is_webhook, bots.webh...
           │    │      │    └ <function AsyncAdapt_dbapi_cursor._execute_async at 0x77d6b2dc2340>
           │    │      └ <sqlalchemy.dialects.mysql.aiomysql.AsyncAdapt_aiomysql_cursor object at 0x77d6b25f9300>
           │    └ <member 'await_' of 'AsyncAdapt_dbapi_cursor' objects>
           └ <sqlalchemy.dialects.mysql.aiomysql.AsyncAdapt_aiomysql_cursor object at 0x77d6b25f9300>
  File "/home/sayavdera/Desktop/projects/TelegramBots/MediaFlow/.venv/lib/python3.12/site-packages/sqlalchemy/util/_concurrency_py3k.py", line 132, in await_only
    return current.parent.switch(awaitable)  # type: ignore[no-any-return,attr-defined] # noqa: E501
           │       │             └ <coroutine object AsyncAdapt_dbapi_cursor._execute_async at 0x77d6b24d3c40>
           │       └ <attribute 'parent' of 'greenlet.greenlet' objects>
           └ <_AsyncIoGreenlet object at 0x77d6b3e64ac0 (otid=0x43eb570) dead>
  File "/home/sayavdera/Desktop/projects/TelegramBots/MediaFlow/.venv/lib/python3.12/site-packages/sqlalchemy/util/_concurrency_py3k.py", line 196, in greenlet_spawn
    value = await result
                  └ <coroutine object Cursor.close at 0x77d6b2434790>
  File "/home/sayavdera/Desktop/projects/TelegramBots/MediaFlow/.venv/lib/python3.12/site-packages/sqlalchemy/connectors/asyncio.py", line 251, in _execute_async
    result = await self._cursor.execute(operation, parameters)
                   │    │               │          └ ('ACTIVE', 0, 100)
                   │    │               └ 'SELECT bots.id, bots.token, bots.bot_id, bots.username, bots.name, bots.description, bots.status, bots.is_webhook, bots.webh...
                   │    └ <member '_cursor' of 'AsyncAdapt_dbapi_cursor' objects>
                   └ <sqlalchemy.dialects.mysql.aiomysql.AsyncAdapt_aiomysql_cursor object at 0x77d6b25f9300>
  File "/home/sayavdera/Desktop/projects/TelegramBots/MediaFlow/.venv/lib/python3.12/site-packages/aiomysql/cursors.py", line 239, in execute
    await self._query(query)
          │    │      └ "SELECT bots.id, bots.token, bots.bot_id, bots.username, bots.name, bots.description, bots.status, bots.is_webhook, bots.webh...
          │    └ <function Cursor._query at 0x77d6b24e5440>
          └ <sqlalchemy.dialects.mysql.aiomysql.AsyncAdapt_aiomysql_dbapi._init_cursors_subclasses.<locals>.Cursor object at 0x77d6b3c505c0>
  File "/home/sayavdera/Desktop/projects/TelegramBots/MediaFlow/.venv/lib/python3.12/site-packages/aiomysql/cursors.py", line 457, in _query
    await conn.query(q)
          │    │     └ "SELECT bots.id, bots.token, bots.bot_id, bots.username, bots.name, bots.description, bots.status, bots.is_webhook, bots.webh...
          │    └ <function Connection.query at 0x77d6b24e8ae0>
          └ <aiomysql.connection.Connection object at 0x77d6b3c34680>
  File "/home/sayavdera/Desktop/projects/TelegramBots/MediaFlow/.venv/lib/python3.12/site-packages/aiomysql/connection.py", line 469, in query
    await self._read_query_result(unbuffered=unbuffered)
          │    │                             └ False
          │    └ <function Connection._read_query_result at 0x77d6b24e9300>
          └ <aiomysql.connection.Connection object at 0x77d6b3c34680>
  File "/home/sayavdera/Desktop/projects/TelegramBots/MediaFlow/.venv/lib/python3.12/site-packages/aiomysql/connection.py", line 683, in _read_query_result
    await result.read()
          │      └ <function MySQLResult.read at 0x77d6b24e9f80>
          └ <aiomysql.connection.MySQLResult object at 0x77d6b3c34740>
  File "/home/sayavdera/Desktop/projects/TelegramBots/MediaFlow/.venv/lib/python3.12/site-packages/aiomysql/connection.py", line 1164, in read
    first_packet = await self.connection._read_packet()
                         │    └ None
                         └ <aiomysql.connection.MySQLResult object at 0x77d6b3c34740>
  File "/home/sayavdera/Desktop/projects/TelegramBots/MediaFlow/.venv/lib/python3.12/site-packages/aiomysql/connection.py", line 652, in _read_packet
    packet.raise_for_error()
    │      └ <function MysqlPacket.raise_for_error at 0x77d6b2428220>
    └ <pymysql.protocol.MysqlPacket object at 0x77d6b3c509a0>
  File "/home/sayavdera/Desktop/projects/TelegramBots/MediaFlow/.venv/lib/python3.12/site-packages/pymysql/protocol.py", line 219, in raise_for_error
    err.raise_mysql_exception(self._data)
    │   │                     │    └ <member '_data' of 'MysqlPacket' objects>
    │   │                     └ <pymysql.protocol.MysqlPacket object at 0x77d6b3c509a0>
    │   └ <function raise_mysql_exception at 0x77d6b24716c0>
    └ <module 'pymysql.err' from '/home/sayavdera/Desktop/projects/TelegramBots/MediaFlow/.venv/lib/python3.12/site-packages/pymysq...
  File "/home/sayavdera/Desktop/projects/TelegramBots/MediaFlow/.venv/lib/python3.12/site-packages/pymysql/err.py", line 150, in raise_mysql_exception
    raise errorclass(errno, errval)
          │          │      └ "Table 'azarstream.bots' doesn't exist"
          │          └ 1146
          └ <class 'pymysql.err.ProgrammingError'>

pymysql.err.ProgrammingError: (1146, "Table 'azarstream.bots' doesn't exist")


The above exception was the direct cause of the following exception:


Traceback (most recent call last):

  File "/home/sayavdera/Desktop/projects/TelegramBots/AzarStream/main.py", line 84, in <module>
    main()
    └ <function main at 0x77d6ce71de40>

  File "/home/sayavdera/Desktop/projects/TelegramBots/AzarStream/main.py", line 80, in main
    run_server()
    └ <function run_server at 0x77d6ce714220>

  File "/home/sayavdera/Desktop/projects/TelegramBots/AzarStream/main.py", line 34, in run_server
    granian.Granian(**kwargs).serve()
    │       │         └ {'target': 'app.lifecycle:app', 'address': '127.0.0.1', 'port': 8000, 'interface': <Interfaces.ASGI: 'asgi'>, 'workers': 1, '...
    │       └ <class 'granian.server.mp.MPServer'>
    └ <module 'granian' from '/home/sayavdera/Desktop/projects/TelegramBots/MediaFlow/.venv/lib/python3.12/site-packages/granian/__...

  File "/home/sayavdera/Desktop/projects/TelegramBots/MediaFlow/.venv/lib/python3.12/site-packages/granian/server/mp.py", line 458, in serve
    super().serve(spawn_target, target_loader, wrap_loader)
                  │             │              └ True
                  │             └ None
                  └ None
  File "/home/sayavdera/Desktop/projects/TelegramBots/MediaFlow/.venv/lib/python3.12/site-packages/granian/server/common.py", line 720, in serve
    serve_method(spawn_target, target_loader)
    │            │             └ functools.partial(<function load_target at 0x77d6cbb7b2e0>, 'app.lifecycle:app', wd=None, factory=False)
    │            └ <function MPServer._spawn_asgi_lifespan_worker at 0x77d6cb9842c0>
    └ <bound method AbstractServer._serve of <granian.server.mp.MPServer object at 0x77d6cf1fa2a0>>
  File "/home/sayavdera/Desktop/projects/TelegramBots/MediaFlow/.venv/lib/python3.12/site-packages/granian/server/common.py", line 562, in _serve
    self.startup(spawn_target, target_loader)
    │    │       │             └ functools.partial(<function load_target at 0x77d6cbb7b2e0>, 'app.lifecycle:app', wd=None, factory=False)
    │    │       └ <function MPServer._spawn_asgi_lifespan_worker at 0x77d6cb9842c0>
    │    └ <function AbstractServer.startup at 0x77d6cb923a60>
    └ <granian.server.mp.MPServer object at 0x77d6cf1fa2a0>
  File "/home/sayavdera/Desktop/projects/TelegramBots/MediaFlow/.venv/lib/python3.12/site-packages/granian/server/common.py", line 473, in startup
    self._spawn_workers(spawn_target, target_loader)
    │    │              │             └ functools.partial(<function load_target at 0x77d6cbb7b2e0>, 'app.lifecycle:app', wd=None, factory=False)
    │    │              └ <function MPServer._spawn_asgi_lifespan_worker at 0x77d6cb9842c0>
    │    └ <function AbstractServer._spawn_workers at 0x77d6cb9231a0>
    └ <granian.server.mp.MPServer object at 0x77d6cf1fa2a0>
  File "/home/sayavdera/Desktop/projects/TelegramBots/MediaFlow/.venv/lib/python3.12/site-packages/granian/server/common.py", line 335, in _spawn_workers
    wrk.start()
    │   └ <function AbstractWorker.start at 0x77d6cb922700>
    └ <granian.server.mp.WorkerProcess object at 0x77d6b99f3290>
  File "/home/sayavdera/Desktop/projects/TelegramBots/MediaFlow/.venv/lib/python3.12/site-packages/granian/server/common.py", line 65, in start
    self.inner.start()
    │    │     └ <function BaseProcess.start at 0x77d6cbf749a0>
    │    └ <ForkProcess name='granian-worker' parent=1366028 started>
    └ <granian.server.mp.WorkerProcess object at 0x77d6b99f3290>
  File "/usr/lib/python3.12/multiprocessing/process.py", line 121, in start
    self._popen = self._Popen(self)
    │    │        │    │      └ <ForkProcess name='granian-worker' parent=1366028 started>
    │    │        │    └ <staticmethod(<function ForkProcess._Popen at 0x77d6cbf95760>)>
    │    │        └ <ForkProcess name='granian-worker' parent=1366028 started>
    │    └ None
    └ <ForkProcess name='granian-worker' parent=1366028 started>
  File "/usr/lib/python3.12/multiprocessing/context.py", line 282, in _Popen
    return Popen(process_obj)
           │     └ <ForkProcess name='granian-worker' parent=1366028 started>
           └ <class 'multiprocessing.popen_fork.Popen'>
  File "/usr/lib/python3.12/multiprocessing/popen_fork.py", line 19, in __init__
    self._launch(process_obj)
    │    │       └ <ForkProcess name='granian-worker' parent=1366028 started>
    │    └ <function Popen._launch at 0x77d6b38b2c00>
    └ <multiprocessing.popen_fork.Popen object at 0x77d6ba3ca360>
  File "/usr/lib/python3.12/multiprocessing/popen_fork.py", line 71, in _launch
    code = process_obj._bootstrap(parent_sentinel=child_r)
           │           │                          └ 21
           │           └ <function BaseProcess._bootstrap at 0x77d6cbf753a0>
           └ <ForkProcess name='granian-worker' parent=1366028 started>
  File "/usr/lib/python3.12/multiprocessing/process.py", line 314, in _bootstrap
    self.run()
    │    └ <function BaseProcess.run at 0x77d6cbf74900>
    └ <ForkProcess name='granian-worker' parent=1366028 started>
  File "/usr/lib/python3.12/multiprocessing/process.py", line 108, in run
    self._target(*self._args, **self._kwargs)
    │    │        │    │        │    └ {}
    │    │        │    │        └ <ForkProcess name='granian-worker' parent=1366028 started>
    │    │        │    └ (1, None, functools.partial(<function load_target at 0x77d6cbb7b2e0>, 'app.lifecycle:app', wd=None, factory=False), (<granian...
    │    │        └ <ForkProcess name='granian-worker' parent=1366028 started>
    │    └ <function MPServer._spawn_asgi_lifespan_worker at 0x77d6cb9842c0>
    └ <ForkProcess name='granian-worker' parent=1366028 started>
  File "/home/sayavdera/Desktop/projects/TelegramBots/MediaFlow/.venv/lib/python3.12/site-packages/granian/server/mp.py", line 91, in wrapped
    return target(worker_id, callback, sock, _ipc_handle, loop, *args, **kwargs)
           │      │          │         │     │            │      │       └ {}
           │      │          │         │     │            │      └ (<RuntimeModes.mt: 'mt'>, 1, 512, 1, 30, 1024, <TaskImpl.asyncio: 'asyncio'>, <HTTPModes.auto: 'auto'>, None, None, False, No...
           │      │          │         │     │            └ <uvloop.Loop running=True closed=False debug=False>
           │      │          │         │     └ None
           │      │          │         └ <granian._granian.SocketHolder object at 0x77d6cc084410>
           │      │          └ <litestar.app.Litestar object at 0x77d6b3bc7240>
           │      └ 1
           └ <function MPServer._spawn_asgi_lifespan_worker at 0x77d6cb984220>
  File "/home/sayavdera/Desktop/projects/TelegramBots/MediaFlow/.venv/lib/python3.12/site-packages/granian/server/mp.py", line 197, in _spawn_asgi_lifespan_worker
    loop.run_until_complete(lifespan_handler.startup())
    │    │                  │                └ <function LifespanProtocol.startup at 0x77d6cb90f920>
    │    │                  └ <granian.asgi.LifespanProtocol object at 0x77d6b3c1ade0>
    │    └ <cyfunction Loop.run_until_complete at 0x77d6cc1bbac0>
    └ <uvloop.Loop running=True closed=False debug=False>
  File "/home/sayavdera/Desktop/projects/TelegramBots/MediaFlow/.venv/lib/python3.12/site-packages/granian/asgi.py", line 26, in handle
    await self.callable(
          │    └ <litestar.app.Litestar object at 0x77d6b3bc7240>
          └ <granian.asgi.LifespanProtocol object at 0x77d6b3c1ade0>
  File "/home/sayavdera/Desktop/projects/TelegramBots/MediaFlow/.venv/lib/python3.12/site-packages/litestar/app.py", line 618, in __call__
    await self.asgi_router.lifespan(receive=receive, send=send)  # type: ignore[arg-type]
          │    │                            │             └ <bound method LifespanProtocol.send of <granian.asgi.LifespanProtocol object at 0x77d6b3c1ade0>>
          │    │                            └ <bound method LifespanProtocol.receive of <granian.asgi.LifespanProtocol object at 0x77d6b3c1ade0>>
          │    └ <member 'asgi_router' of 'Litestar' objects>
          └ <litestar.app.Litestar object at 0x77d6b3bc7240>
  File "/home/sayavdera/Desktop/projects/TelegramBots/MediaFlow/.venv/lib/python3.12/site-packages/litestar/_asgi/asgi_router.py", line 181, in lifespan
    async with self.app.lifespan():
               │    └ <member 'app' of 'ASGIRouter' objects>
               └ <litestar._asgi.asgi_router.ASGIRouter object at 0x77d6b39da5e0>
  File "/usr/lib/python3.12/contextlib.py", line 210, in __aenter__
    return await anext(self.gen)
                       │    └ <async_generator object Litestar.lifespan at 0x77d6b3a29840>
                       └ <contextlib._AsyncGeneratorContextManager object at 0x77d6b3c1a0f0>
  File "/home/sayavdera/Desktop/projects/TelegramBots/MediaFlow/.venv/lib/python3.12/site-packages/litestar/app.py", line 654, in lifespan
    await exit_stack.enter_async_context(manager)
          │          │                   └ <contextlib._AsyncGeneratorContextManager object at 0x77d6b3c20d10>
          │          └ <function AsyncExitStack.enter_async_context at 0x77d6ce6eed40>
          └ <contextlib.AsyncExitStack object at 0x77d6b3c1af00>
  File "/usr/lib/python3.12/contextlib.py", line 659, in enter_async_context
    result = await _enter(cm)
                   │      └ <contextlib._AsyncGeneratorContextManager object at 0x77d6b3c20d10>
                   └ <function _AsyncGeneratorContextManager.__aenter__ at 0x77d6ce6ed800>
  File "/usr/lib/python3.12/contextlib.py", line 210, in __aenter__
    return await anext(self.gen)
                       │    └ <async_generator object lifespan at 0x77d6b2da05e0>
                       └ <contextlib._AsyncGeneratorContextManager object at 0x77d6b3c20d10>

> File "/home/sayavdera/Desktop/projects/TelegramBots/AzarStream/app/lifecycle.py", line 109, in lifespan
    await bot_manager.setup()
          │           └ <function BotManager.setup at 0x77d6b9e7d800>
          └ <services.bot_manager.BotManager object at 0x77d6bbbdfb30>

  File "/home/sayavdera/Desktop/projects/TelegramBots/AzarStream/services/bot_manager.py", line 68, in setup
    await self._preload_active_bots()
          │    └ <function BotManager._preload_active_bots at 0x77d6b9e7d940>
          └ <services.bot_manager.BotManager object at 0x77d6bbbdfb30>

  File "/home/sayavdera/Desktop/projects/TelegramBots/AzarStream/services/bot_manager.py", line 90, in _preload_active_bots
    bots = await repo.get_active_bots()
                 │    └ <function BotRepository.get_active_bots at 0x77d6bb5b05e0>
                 └ <repositories.bot.BotRepository object at 0x77d6b3c342c0>

  File "/home/sayavdera/Desktop/projects/TelegramBots/AzarStream/repositories/bot.py", line 19, in get_active_bots
    return list(await self.filter(status=BotStatus.ACTIVE))
                      │    │             │         └ <BotStatus.ACTIVE: 'active'>
                      │    │             └ <enum 'BotStatus'>
                      │    └ <function BaseRepository.filter at 0x77d6bb58fc40>
                      └ <repositories.bot.BotRepository object at 0x77d6b3c342c0>

  File "/home/sayavdera/Desktop/projects/TelegramBots/AzarStream/repositories/base.py", line 96, in filter
    return await self.get_all(
                 │    └ <function BaseRepository.get_all at 0x77d6bb58eca0>
                 └ <repositories.bot.BotRepository object at 0x77d6b3c342c0>

  File "/home/sayavdera/Desktop/projects/TelegramBots/AzarStream/repositories/base.py", line 84, in get_all
    result = await self.session.execute(stmt)
                   │    │       │       └ <sqlalchemy.sql.selectable.Select object at 0x77d6b3c34440>
                   │    │       └ <function AsyncSession.execute at 0x77d6bb738fe0>
                   │    └ <sqlalchemy.ext.asyncio.session.AsyncSession object at 0x77d6b3c37140>
                   └ <repositories.bot.BotRepository object at 0x77d6b3c342c0>

  File "/home/sayavdera/Desktop/projects/TelegramBots/MediaFlow/.venv/lib/python3.12/site-packages/sqlalchemy/ext/asyncio/session.py", line 449, in execute
    result = await greenlet_spawn(
                   └ <function greenlet_spawn at 0x77d6ca74f9c0>
  File "/home/sayavdera/Desktop/projects/TelegramBots/MediaFlow/.venv/lib/python3.12/site-packages/sqlalchemy/util/_concurrency_py3k.py", line 203, in greenlet_spawn
    result = context.switch(value)
             │       │      └ None
             │       └ <method 'switch' of 'greenlet.greenlet' objects>
             └ <_AsyncIoGreenlet object at 0x77d6b3e64ac0 (otid=0x43eb570) dead>
  File "/home/sayavdera/Desktop/projects/TelegramBots/MediaFlow/.venv/lib/python3.12/site-packages/sqlalchemy/orm/session.py", line 2351, in execute
    return self._execute_internal(
           │    └ <function Session._execute_internal at 0x77d6bb7cb2e0>
           └ <sqlalchemy.orm.session.Session object at 0x77d6b3c29880>
  File "/home/sayavdera/Desktop/projects/TelegramBots/MediaFlow/.venv/lib/python3.12/site-packages/sqlalchemy/orm/session.py", line 2249, in _execute_internal
    result: Result[Any] = compile_state_cls.orm_execute_statement(
                   │      │                 └ <classmethod(<function AbstractORMCompileState.orm_execute_statement at 0x77d6bb9882c0>)>
                   │      └ <class 'sqlalchemy.orm.context.ORMSelectCompileState'>
                   └ typing.Any
  File "/home/sayavdera/Desktop/projects/TelegramBots/MediaFlow/.venv/lib/python3.12/site-packages/sqlalchemy/orm/context.py", line 306, in orm_execute_statement
    result = conn.execute(
             │    └ <function Connection.execute at 0x77d6bbc01300>
             └ <sqlalchemy.engine.base.Connection object at 0x77d6b3c2a5d0>
  File "/home/sayavdera/Desktop/projects/TelegramBots/MediaFlow/.venv/lib/python3.12/site-packages/sqlalchemy/engine/base.py", line 1419, in execute
    return meth(
           └ <bound method ClauseElement._execute_on_connection of <sqlalchemy.sql.selectable.Select object at 0x77d6b3c34440>>
  File "/home/sayavdera/Desktop/projects/TelegramBots/MediaFlow/.venv/lib/python3.12/site-packages/sqlalchemy/sql/elements.py", line 527, in _execute_on_connection
    return connection._execute_clauseelement(
           │          └ <function Connection._execute_clauseelement at 0x77d6bbc01620>
           └ <sqlalchemy.engine.base.Connection object at 0x77d6b3c2a5d0>
  File "/home/sayavdera/Desktop/projects/TelegramBots/MediaFlow/.venv/lib/python3.12/site-packages/sqlalchemy/engine/base.py", line 1641, in _execute_clauseelement
    ret = self._execute_context(
          │    └ <function Connection._execute_context at 0x77d6bbc01800>
          └ <sqlalchemy.engine.base.Connection object at 0x77d6b3c2a5d0>
  File "/home/sayavdera/Desktop/projects/TelegramBots/MediaFlow/.venv/lib/python3.12/site-packages/sqlalchemy/engine/base.py", line 1846, in _execute_context
    return self._exec_single_context(
           │    └ <function Connection._exec_single_context at 0x77d6bbc018a0>
           └ <sqlalchemy.engine.base.Connection object at 0x77d6b3c2a5d0>
  File "/home/sayavdera/Desktop/projects/TelegramBots/MediaFlow/.venv/lib/python3.12/site-packages/sqlalchemy/engine/base.py", line 1986, in _exec_single_context
    self._handle_dbapi_exception(
    │    └ <function Connection._handle_dbapi_exception at 0x77d6bbc01b20>
    └ <sqlalchemy.engine.base.Connection object at 0x77d6b3c2a5d0>
  File "/home/sayavdera/Desktop/projects/TelegramBots/MediaFlow/.venv/lib/python3.12/site-packages/sqlalchemy/engine/base.py", line 2363, in _handle_dbapi_exception
    raise sqlalchemy_exception.with_traceback(exc_info[2]) from e
          │                    │              │                 └ ProgrammingError(1146, "Table 'azarstream.bots' doesn't exist")
          │                    │              └ (<class 'pymysql.err.ProgrammingError'>, ProgrammingError(1146, "Table 'azarstream.bots' doesn't exist"), <traceback object a...
          │                    └ <method 'with_traceback' of 'BaseException' objects>
          └ ProgrammingError('(pymysql.err.ProgrammingError) (1146, "Table \'azarstream.bots\' doesn\'t exist")')
  File "/home/sayavdera/Desktop/projects/TelegramBots/MediaFlow/.venv/lib/python3.12/site-packages/sqlalchemy/engine/base.py", line 1967, in _exec_single_context
    self.dialect.do_execute(
    │    │       └ <function DefaultDialect.do_execute at 0x77d6bbca0ea0>
    │    └ <sqlalchemy.dialects.mysql.aiomysql.MySQLDialect_aiomysql object at 0x77d6b950bd40>
    └ <sqlalchemy.engine.base.Connection object at 0x77d6b3c2a5d0>
  File "/home/sayavdera/Desktop/projects/TelegramBots/MediaFlow/.venv/lib/python3.12/site-packages/sqlalchemy/engine/default.py", line 952, in do_execute
    cursor.execute(statement, parameters)
    │      │       │          └ ('ACTIVE', 0, 100)
    │      │       └ 'SELECT bots.id, bots.token, bots.bot_id, bots.username, bots.name, bots.description, bots.status, bots.is_webhook, bots.webh...
    │      └ <function AsyncAdapt_dbapi_cursor.execute at 0x77d6b2dc2200>
    └ <sqlalchemy.dialects.mysql.aiomysql.AsyncAdapt_aiomysql_cursor object at 0x77d6b25f9300>
  File "/home/sayavdera/Desktop/projects/TelegramBots/MediaFlow/.venv/lib/python3.12/site-packages/sqlalchemy/connectors/asyncio.py", line 230, in execute
    self._adapt_connection._handle_exception(error)
    │    └ <member '_adapt_connection' of 'AsyncAdapt_dbapi_cursor' objects>
    └ <sqlalchemy.dialects.mysql.aiomysql.AsyncAdapt_aiomysql_cursor object at 0x77d6b25f9300>
  File "/home/sayavdera/Desktop/projects/TelegramBots/MediaFlow/.venv/lib/python3.12/site-packages/sqlalchemy/connectors/asyncio.py", line 368, in _handle_exception
    raise error.with_traceback(exc_info[2])
          │     │              └ (<class 'pymysql.err.ProgrammingError'>, ProgrammingError(1146, "Table 'azarstream.bots' doesn't exist"), <traceback object a...
          │     └ <method 'with_traceback' of 'BaseException' objects>
          └ ProgrammingError(1146, "Table 'azarstream.bots' doesn't exist")
  File "/home/sayavdera/Desktop/projects/TelegramBots/MediaFlow/.venv/lib/python3.12/site-packages/sqlalchemy/connectors/asyncio.py", line 228, in execute
    return self.await_(self._execute_async(operation, parameters))
           │    │      │    │              │          └ ('ACTIVE', 0, 100)
           │    │      │    │              └ 'SELECT bots.id, bots.token, bots.bot_id, bots.username, bots.name, bots.description, bots.status, bots.is_webhook, bots.webh...
           │    │      │    └ <function AsyncAdapt_dbapi_cursor._execute_async at 0x77d6b2dc2340>
           │    │      └ <sqlalchemy.dialects.mysql.aiomysql.AsyncAdapt_aiomysql_cursor object at 0x77d6b25f9300>
           │    └ <member 'await_' of 'AsyncAdapt_dbapi_cursor' objects>
           └ <sqlalchemy.dialects.mysql.aiomysql.AsyncAdapt_aiomysql_cursor object at 0x77d6b25f9300>
  File "/home/sayavdera/Desktop/projects/TelegramBots/MediaFlow/.venv/lib/python3.12/site-packages/sqlalchemy/util/_concurrency_py3k.py", line 132, in await_only
    return current.parent.switch(awaitable)  # type: ignore[no-any-return,attr-defined] # noqa: E501
           │       │             └ <coroutine object AsyncAdapt_dbapi_cursor._execute_async at 0x77d6b24d3c40>
           │       └ <attribute 'parent' of 'greenlet.greenlet' objects>
           └ <_AsyncIoGreenlet object at 0x77d6b3e64ac0 (otid=0x43eb570) dead>
  File "/home/sayavdera/Desktop/projects/TelegramBots/MediaFlow/.venv/lib/python3.12/site-packages/sqlalchemy/util/_concurrency_py3k.py", line 196, in greenlet_spawn
    value = await result
                  └ <coroutine object Cursor.close at 0x77d6b2434790>
  File "/home/sayavdera/Desktop/projects/TelegramBots/MediaFlow/.venv/lib/python3.12/site-packages/sqlalchemy/connectors/asyncio.py", line 251, in _execute_async
    result = await self._cursor.execute(operation, parameters)
                   │    │               │          └ ('ACTIVE', 0, 100)
                   │    │               └ 'SELECT bots.id, bots.token, bots.bot_id, bots.username, bots.name, bots.description, bots.status, bots.is_webhook, bots.webh...
                   │    └ <member '_cursor' of 'AsyncAdapt_dbapi_cursor' objects>
                   └ <sqlalchemy.dialects.mysql.aiomysql.AsyncAdapt_aiomysql_cursor object at 0x77d6b25f9300>
  File "/home/sayavdera/Desktop/projects/TelegramBots/MediaFlow/.venv/lib/python3.12/site-packages/aiomysql/cursors.py", line 239, in execute
    await self._query(query)
          │    │      └ "SELECT bots.id, bots.token, bots.bot_id, bots.username, bots.name, bots.description, bots.status, bots.is_webhook, bots.webh...
          │    └ <function Cursor._query at 0x77d6b24e5440>
          └ <sqlalchemy.dialects.mysql.aiomysql.AsyncAdapt_aiomysql_dbapi._init_cursors_subclasses.<locals>.Cursor object at 0x77d6b3c505c0>
  File "/home/sayavdera/Desktop/projects/TelegramBots/MediaFlow/.venv/lib/python3.12/site-packages/aiomysql/cursors.py", line 457, in _query
    await conn.query(q)
          │    │     └ "SELECT bots.id, bots.token, bots.bot_id, bots.username, bots.name, bots.description, bots.status, bots.is_webhook, bots.webh...
          │    └ <function Connection.query at 0x77d6b24e8ae0>
          └ <aiomysql.connection.Connection object at 0x77d6b3c34680>
  File "/home/sayavdera/Desktop/projects/TelegramBots/MediaFlow/.venv/lib/python3.12/site-packages/aiomysql/connection.py", line 469, in query
    await self._read_query_result(unbuffered=unbuffered)
          │    │                             └ False
          │    └ <function Connection._read_query_result at 0x77d6b24e9300>
          └ <aiomysql.connection.Connection object at 0x77d6b3c34680>
  File "/home/sayavdera/Desktop/projects/TelegramBots/MediaFlow/.venv/lib/python3.12/site-packages/aiomysql/connection.py", line 683, in _read_query_result
    await result.read()
          │      └ <function MySQLResult.read at 0x77d6b24e9f80>
          └ <aiomysql.connection.MySQLResult object at 0x77d6b3c34740>
  File "/home/sayavdera/Desktop/projects/TelegramBots/MediaFlow/.venv/lib/python3.12/site-packages/aiomysql/connection.py", line 1164, in read
    first_packet = await self.connection._read_packet()
                         │    └ None
                         └ <aiomysql.connection.MySQLResult object at 0x77d6b3c34740>
  File "/home/sayavdera/Desktop/projects/TelegramBots/MediaFlow/.venv/lib/python3.12/site-packages/aiomysql/connection.py", line 652, in _read_packet
    packet.raise_for_error()
    │      └ <function MysqlPacket.raise_for_error at 0x77d6b2428220>
    └ <pymysql.protocol.MysqlPacket object at 0x77d6b3c509a0>
  File "/home/sayavdera/Desktop/projects/TelegramBots/MediaFlow/.venv/lib/python3.12/site-packages/pymysql/protocol.py", line 219, in raise_for_error
    err.raise_mysql_exception(self._data)
    │   │                     │    └ <member '_data' of 'MysqlPacket' objects>
    │   │                     └ <pymysql.protocol.MysqlPacket object at 0x77d6b3c509a0>
    │   └ <function raise_mysql_exception at 0x77d6b24716c0>
    └ <module 'pymysql.err' from '/home/sayavdera/Desktop/projects/TelegramBots/MediaFlow/.venv/lib/python3.12/site-packages/pymysq...
  File "/home/sayavdera/Desktop/projects/TelegramBots/MediaFlow/.venv/lib/python3.12/site-packages/pymysql/err.py", line 150, in raise_mysql_exception
    raise errorclass(errno, errval)
          │          │      └ "Table 'azarstream.bots' doesn't exist"
          │          └ 1146
          └ <class 'pymysql.err.ProgrammingError'>

sqlalchemy.exc.ProgrammingError: (pymysql.err.ProgrammingError) (1146, "Table 'azarstream.bots' doesn't exist")
[SQL: SELECT bots.id, bots.token, bots.bot_id, bots.username, bots.name, bots.description, bots.status, bots.is_webhook, bots.webhook_url, bots.webhook_secret, bots.total_users, bots.active_users, bots.total_downloads, bots.created_at, bots.updated_at 
FROM bots 
WHERE bots.status = %s ORDER BY bots.created_at DESC 
 LIMIT %s, %s]
[parameters: ('ACTIVE', 0, 100)]
(Background on this error at: https://sqlalche.me/e/20/f405)
2026-05-06 19:01:03.044 | ERROR    | database | database.connection:session:106 | Session rollback | error=Textual SQL expression 'SELECT 1' should be explicitly declared as text('SELECT 1')
2026-05-06 19:01:17.211 | ERROR    | service.downloader | services.downloaders.downloader:send_to_user:655 | send_to_user: no file_ids and no file_paths
