2026-05-01 13:26:54.775 | INFO     | database | database.connection:connect:56 | Connecting to database... | url=localhost:3306/mediaflow
2026-05-01 13:26:54.778 | INFO     | database | database.connection:connect:56 | Connecting to database... | url=localhost:3306/mediaflow
2026-05-01 13:26:54.785 | INFO     | database | database.connection:connect:56 | Connecting to database... | url=localhost:3306/mediaflow
2026-05-01 13:26:54.798 | INFO     | database | database.connection:connect:56 | Connecting to database... | url=localhost:3306/mediaflow
2026-05-01 13:27:04.211 | SUCCESS  | database | database.connection:connect:76 | Database connected successfully
2026-05-01 13:27:04.212 | SUCCESS  | database | database.connection:connect:76 | Database connected successfully
2026-05-01 13:27:04.212 | SUCCESS  | database | database.connection:connect:76 | Database connected successfully
2026-05-01 13:27:04.213 | SUCCESS  | database | database.connection:connect:76 | Database connected successfully
2026-05-01 13:33:03.623 | ERROR    | database | database.connection:session:106 | Session rollback | error=(pymysql.err.OperationalError) (1054, "Unknown column 'ads.buttons' in 'field list'")
[SQL: SELECT ads.id, ads.ad_uuid, ads.name, ads.content, ads.media_type, ads.media_file_id, ads.cache_channel_message_id, ads.button_text, ads.button_url, ads.buttons, ads.subscription_channel_chat_id, ads.subscription_channel_username, ads.subscription_channel_title, ads.subscriber_goal, ads.subscribers_gained, ads.target_language, ads.status, ads.ad_type, ads.is_active, ads.duration_days, ads.expires_at, ads.auto_delete_seconds, ads.scheduled_at, ads.started_at, ads.completed_at, ads.total_recipients, ads.sent_count, ads.failed_count, ads.created_at, ads.updated_at 
FROM ads ORDER BY ads.created_at DESC 
 LIMIT %s, %s]
[parameters: (0, 10)]
(Background on this error at: https://sqlalche.me/e/20/e3q8)
2026-05-01 13:40:21.054 | INFO     | database | database.connection:disconnect:85 | Disconnecting from database...
2026-05-01 13:40:21.055 | INFO     | database | database.connection:disconnect:92 | Database disconnected
2026-05-01 13:40:21.056 | INFO     | database | database.connection:disconnect:85 | Disconnecting from database...
2026-05-01 13:40:21.057 | INFO     | database | database.connection:disconnect:92 | Database disconnected
2026-05-01 13:40:21.061 | INFO     | database | database.connection:disconnect:85 | Disconnecting from database...
2026-05-01 13:40:21.061 | INFO     | database | database.connection:disconnect:85 | Disconnecting from database...
2026-05-01 13:40:21.062 | INFO     | database | database.connection:disconnect:92 | Database disconnected
2026-05-01 13:40:21.063 | INFO     | database | database.connection:disconnect:92 | Database disconnected
2026-05-01 13:40:32.776 | INFO     | database | database.connection:connect:56 | Connecting to database... | url=localhost:3306/mediaflow
2026-05-01 13:40:32.779 | INFO     | database | database.connection:connect:56 | Connecting to database... | url=localhost:3306/mediaflow
2026-05-01 13:40:32.788 | INFO     | database | database.connection:connect:56 | Connecting to database... | url=localhost:3306/mediaflow
2026-05-01 13:40:32.804 | INFO     | database | database.connection:connect:56 | Connecting to database... | url=localhost:3306/mediaflow
2026-05-01 13:40:33.366 | SUCCESS  | database | database.connection:connect:76 | Database connected successfully
2026-05-01 13:40:33.367 | SUCCESS  | database | database.connection:connect:76 | Database connected successfully
2026-05-01 13:40:33.369 | SUCCESS  | database | database.connection:connect:76 | Database connected successfully
2026-05-01 13:40:33.370 | SUCCESS  | database | database.connection:connect:76 | Database connected successfully
2026-05-01 13:44:07.657 | INFO     | database | database.connection:disconnect:85 | Disconnecting from database...
2026-05-01 13:44:07.658 | INFO     | database | database.connection:disconnect:92 | Database disconnected
2026-05-01 13:44:07.660 | INFO     | database | database.connection:disconnect:85 | Disconnecting from database...
2026-05-01 13:44:07.661 | INFO     | database | database.connection:disconnect:92 | Database disconnected
2026-05-01 13:44:07.907 | INFO     | database | database.connection:disconnect:85 | Disconnecting from database...
2026-05-01 13:44:07.908 | INFO     | database | database.connection:disconnect:85 | Disconnecting from database...
2026-05-01 13:44:07.908 | INFO     | database | database.connection:disconnect:92 | Database disconnected
2026-05-01 13:44:07.908 | INFO     | database | database.connection:disconnect:92 | Database disconnected
2026-05-01 13:44:19.165 | INFO     | database | database.connection:connect:56 | Connecting to database... | url=localhost:3306/mediaflow
2026-05-01 13:44:19.176 | INFO     | database | database.connection:connect:56 | Connecting to database... | url=localhost:3306/mediaflow
2026-05-01 13:44:19.190 | INFO     | database | database.connection:connect:56 | Connecting to database... | url=localhost:3306/mediaflow
2026-05-01 13:44:19.202 | INFO     | database | database.connection:connect:56 | Connecting to database... | url=localhost:3306/mediaflow
2026-05-01 13:44:19.382 | SUCCESS  | database | database.connection:connect:76 | Database connected successfully
2026-05-01 13:44:19.397 | SUCCESS  | database | database.connection:connect:76 | Database connected successfully
2026-05-01 13:44:19.398 | SUCCESS  | database | database.connection:connect:76 | Database connected successfully
2026-05-01 13:44:19.398 | SUCCESS  | database | database.connection:connect:76 | Database connected successfully
2026-05-01 13:49:36.680 | INFO     | database | database.connection:disconnect:85 | Disconnecting from database...
2026-05-01 13:49:36.681 | INFO     | database | database.connection:disconnect:85 | Disconnecting from database...
2026-05-01 13:49:36.681 | INFO     | database | database.connection:disconnect:92 | Database disconnected
2026-05-01 13:49:36.682 | INFO     | database | database.connection:disconnect:92 | Database disconnected
2026-05-01 13:49:36.684 | INFO     | database | database.connection:disconnect:85 | Disconnecting from database...
2026-05-01 13:49:36.685 | INFO     | database | database.connection:disconnect:92 | Database disconnected
2026-05-01 13:49:36.686 | INFO     | database | database.connection:disconnect:85 | Disconnecting from database...
2026-05-01 13:49:36.687 | INFO     | database | database.connection:disconnect:92 | Database disconnected
2026-05-01 13:49:50.825 | INFO     | database | database.connection:connect:56 | Connecting to database... | url=localhost:3306/mediaflow
2026-05-01 13:49:50.833 | INFO     | database | database.connection:connect:56 | Connecting to database... | url=localhost:3306/mediaflow
2026-05-01 13:49:50.840 | INFO     | database | database.connection:connect:56 | Connecting to database... | url=localhost:3306/mediaflow
2026-05-01 13:49:50.899 | INFO     | database | database.connection:connect:56 | Connecting to database... | url=localhost:3306/mediaflow
2026-05-01 13:49:51.136 | SUCCESS  | database | database.connection:connect:76 | Database connected successfully
2026-05-01 13:49:51.138 | SUCCESS  | database | database.connection:connect:76 | Database connected successfully
2026-05-01 13:49:51.140 | SUCCESS  | database | database.connection:connect:76 | Database connected successfully
2026-05-01 13:49:51.147 | SUCCESS  | database | database.connection:connect:76 | Database connected successfully
2026-05-01 13:54:12.473 | INFO     | database | database.connection:disconnect:85 | Disconnecting from database...
2026-05-01 13:54:12.473 | INFO     | database | database.connection:disconnect:92 | Database disconnected
2026-05-01 13:54:12.719 | INFO     | database | database.connection:disconnect:85 | Disconnecting from database...
2026-05-01 13:54:12.720 | INFO     | database | database.connection:disconnect:92 | Database disconnected
2026-05-01 13:54:12.723 | INFO     | database | database.connection:disconnect:85 | Disconnecting from database...
2026-05-01 13:54:12.725 | INFO     | database | database.connection:disconnect:92 | Database disconnected
2026-05-01 13:54:12.727 | INFO     | database | database.connection:disconnect:85 | Disconnecting from database...
2026-05-01 13:54:12.728 | INFO     | database | database.connection:disconnect:92 | Database disconnected
2026-05-01 13:54:26.295 | INFO     | database | database.connection:connect:56 | Connecting to database... | url=localhost:3306/mediaflow
2026-05-01 13:54:26.300 | INFO     | database | database.connection:connect:56 | Connecting to database... | url=localhost:3306/mediaflow
2026-05-01 13:54:26.305 | INFO     | database | database.connection:connect:56 | Connecting to database... | url=localhost:3306/mediaflow
2026-05-01 13:54:26.344 | INFO     | database | database.connection:connect:56 | Connecting to database... | url=localhost:3306/mediaflow
2026-05-01 13:54:27.091 | SUCCESS  | database | database.connection:connect:76 | Database connected successfully
2026-05-01 13:54:27.092 | SUCCESS  | database | database.connection:connect:76 | Database connected successfully
2026-05-01 13:54:27.095 | SUCCESS  | database | database.connection:connect:76 | Database connected successfully
2026-05-01 13:54:27.129 | SUCCESS  | database | database.connection:connect:76 | Database connected successfully
